Building DAG of jobs...
Using shell: /usr/bin/bash
Provided cores: 1 (use --cores to define parallelism)
Rules claiming more threads will be scaled down.
Job counts:
	count	jobs
	1	load_sn
	1

[Fri Jan 19 08:27:15 2024]
rule load_sn:
    output: data/processed/single_cell/unprocessed/b6_2.h5seurat
    jobid: 0
    wildcards: samples=b6_2

Loading required package: Seurat
Attaching SeuratObject
Loading required package: Matrix
Loading required package: SeuratDisk
Registered S3 method overwritten by 'SeuratDisk':
  method            from  
  as.sparse.H5Group Seurat
[[1]]
[1] TRUE

[[2]]
[1] TRUE

[[3]]
[1] TRUE

[1] "b6_2"
Warning: Non-unique features (rownames) present in the input matrix, making unique
Creating h5Seurat file for version 3.1.5.9900
Adding counts for RNA
Adding data for RNA
No variable features found for RNA
No feature-level metadata found for RNA
[Fri Jan 19 08:30:15 2024]
Finished job 0.
1 of 1 steps (100%) done
