Building DAG of jobs...
Using shell: /usr/bin/bash
Provided cores: 1 (use --cores to define parallelism)
Rules claiming more threads will be scaled down.
Job counts:
	count	jobs
	1	merge_sn
	1

[Fri Jan 19 08:58:54 2024]
rule merge_sn:
    input: data/processed/single_cell/no_doublets/b6_1_no_doublets.h5seurat, data/processed/single_cell/no_doublets/b6_2_no_doublets.h5seurat
    output: results/3_merge_sn/cluster_features_3.png, data/processed/single_cell/merged_no_doublets.h5seurat
    jobid: 0

Loading required package: Seurat
Attaching SeuratObject
Loading required package: SeuratDisk
Registered S3 method overwritten by 'SeuratDisk':
  method            from  
  as.sparse.H5Group Seurat
Loading required package: harmony
Loading required package: Rcpp
Loading required package: tidyverse
── Attaching core tidyverse packages ──────────────────────── tidyverse 2.0.0 ──
✔ dplyr     1.1.2     ✔ readr     2.1.3
✔ forcats   0.5.2     ✔ stringr   1.5.0
✔ ggplot2   3.4.4     ✔ tibble    3.2.1
✔ lubridate 1.9.2     ✔ tidyr     1.3.0
✔ purrr     1.0.1     
── Conflicts ────────────────────────────────────────── tidyverse_conflicts() ──
✖ dplyr::filter() masks stats::filter()
✖ dplyr::lag()    masks stats::lag()
ℹ Use the conflicted package (<http://conflicted.r-lib.org/>) to force all conflicts to become errors
Loading required package: viridis
Loading required package: viridisLite
Loading required package: patchwork
[[1]]
[1] TRUE

[[2]]
[1] TRUE

[[3]]
[1] TRUE

[[4]]
[1] TRUE

[[5]]
[1] TRUE

[[6]]
[1] TRUE

Validating h5Seurat file
Initializing RNA with data
Adding counts for RNA
Adding miscellaneous information for RNA
Adding reduction PCA
Adding cell embeddings for PCA
Adding miscellaneous information for PCA
Adding reduction TSNE
Adding cell embeddings for TSNE
Adding miscellaneous information for TSNE
Adding reduction UMAP
Adding cell embeddings for UMAP
Adding miscellaneous information for UMAP
Adding command information
Adding cell-level metadata
Adding miscellaneous information
Adding tool-specific results
Validating h5Seurat file
Initializing RNA with data
Adding counts for RNA
Adding miscellaneous information for RNA
Adding reduction PCA
Adding cell embeddings for PCA
Adding miscellaneous information for PCA
Adding reduction TSNE
Adding cell embeddings for TSNE
Adding miscellaneous information for TSNE
Adding reduction UMAP
Adding cell embeddings for UMAP
Adding miscellaneous information for UMAP
Adding command information
Adding cell-level metadata
Adding miscellaneous information
Adding tool-specific results
Warning message:
In CheckDuplicateCellNames(object.list = objects) :
  Some cell names are duplicated across objects provided. Renaming to enforce unique cell names.
Transposing data matrix
Warning: The default method for RunUMAP has changed from calling Python UMAP via reticulate to the R-native UWOT using the cosine metric
To use Python UMAP via reticulate, set umap.method to 'umap-learn' and metric to 'correlation'
This message will be shown once per session
Creating h5Seurat file for version 3.1.5.9900
Adding counts for RNA
Adding data for RNA
Adding scale.data for RNA
Adding variable features for RNA
Adding feature-level metadata for RNA
Adding cell embeddings for pca
Adding loadings for pca
No projected loadings for pca
Adding standard deviations for pca
No JackStraw data for pca
Adding cell embeddings for harmony
No loadings for harmony
No projected loadings for harmony
Adding standard deviations for harmony
No JackStraw data for harmony
Adding cell embeddings for umap
No loadings for umap
No projected loadings for umap
No standard deviations for umap
No JackStraw data for umap
Picking joint bandwidth of 96.4
Picking joint bandwidth of 208
Picking joint bandwidth of 0.147
Picking joint bandwidth of 0.0877
null device 
          1 
[Fri Jan 19 09:03:07 2024]
Finished job 0.
1 of 1 steps (100%) done
