Building DAG of jobs...
Using shell: /usr/bin/bash
Provided cores: 1 (use --cores to define parallelism)
Rules claiming more threads will be scaled down.
Job counts:
	count	jobs
	1	findMarkers
	1

[Fri Jan 19 09:03:35 2024]
rule findMarkers:
    input: data/processed/single_cell/merged_no_doublets.h5seurat, data/processed/bulk/all_counts.csv
    output: data/processed/single_cell/celltype_labeled.h5seurat, data/processed/single_cell/cluster_markers.csv
    jobid: 0

Loading required package: tidyverse
── Attaching core tidyverse packages ──────────────────────── tidyverse 2.0.0 ──
✔ dplyr     1.1.2     ✔ readr     2.1.3
✔ forcats   0.5.2     ✔ stringr   1.5.0
✔ ggplot2   3.4.4     ✔ tibble    3.2.1
✔ lubridate 1.9.2     ✔ tidyr     1.3.0
✔ purrr     1.0.1     
── Conflicts ────────────────────────────────────────── tidyverse_conflicts() ──
✖ dplyr::filter() masks stats::filter()
✖ dplyr::lag()    masks stats::lag()
ℹ Use the conflicted package (<http://conflicted.r-lib.org/>) to force all conflicts to become errors
Loading required package: Seurat
Attaching SeuratObject
Loading required package: SeuratDisk
Registered S3 method overwritten by 'SeuratDisk':
  method            from  
  as.sparse.H5Group Seurat
Loading required package: Biobase
Loading required package: BiocGenerics

Attaching package: ‘BiocGenerics’

The following objects are masked from ‘package:lubridate’:

    intersect, setdiff, union

The following objects are masked from ‘package:dplyr’:

    combine, intersect, setdiff, union

The following objects are masked from ‘package:stats’:

    IQR, mad, sd, var, xtabs

The following objects are masked from ‘package:base’:

    anyDuplicated, aperm, append, as.data.frame, basename, cbind,
    colnames, dirname, do.call, duplicated, eval, evalq, Filter, Find,
    get, grep, grepl, intersect, is.unsorted, lapply, Map, mapply,
    match, mget, order, paste, pmax, pmax.int, pmin, pmin.int,
    Position, rank, rbind, Reduce, rownames, sapply, setdiff, sort,
    table, tapply, union, unique, unsplit, which.max, which.min

Welcome to Bioconductor

    Vignettes contain introductory material; view with
    'browseVignettes()'. To cite Bioconductor, see
    'citation("Biobase")', and for packages 'citation("pkgname")'.

Loading required package: reshape2

Attaching package: ‘reshape2’

The following object is masked from ‘package:tidyr’:

    smiths

Loading required package: SingleCellExperiment
Loading required package: SummarizedExperiment
Loading required package: MatrixGenerics
Loading required package: matrixStats

Attaching package: ‘matrixStats’

The following objects are masked from ‘package:Biobase’:

    anyMissing, rowMedians

The following object is masked from ‘package:dplyr’:

    count


Attaching package: ‘MatrixGenerics’

The following objects are masked from ‘package:matrixStats’:

    colAlls, colAnyNAs, colAnys, colAvgsPerRowSet, colCollapse,
    colCounts, colCummaxs, colCummins, colCumprods, colCumsums,
    colDiffs, colIQRDiffs, colIQRs, colLogSumExps, colMadDiffs,
    colMads, colMaxs, colMeans2, colMedians, colMins, colOrderStats,
    colProds, colQuantiles, colRanges, colRanks, colSdDiffs, colSds,
    colSums2, colTabulates, colVarDiffs, colVars, colWeightedMads,
    colWeightedMeans, colWeightedMedians, colWeightedSds,
    colWeightedVars, rowAlls, rowAnyNAs, rowAnys, rowAvgsPerColSet,
    rowCollapse, rowCounts, rowCummaxs, rowCummins, rowCumprods,
    rowCumsums, rowDiffs, rowIQRDiffs, rowIQRs, rowLogSumExps,
    rowMadDiffs, rowMads, rowMaxs, rowMeans2, rowMedians, rowMins,
    rowOrderStats, rowProds, rowQuantiles, rowRanges, rowRanks,
    rowSdDiffs, rowSds, rowSums2, rowTabulates, rowVarDiffs, rowVars,
    rowWeightedMads, rowWeightedMeans, rowWeightedMedians,
    rowWeightedSds, rowWeightedVars

The following object is masked from ‘package:Biobase’:

    rowMedians

Loading required package: GenomicRanges
Loading required package: stats4
Loading required package: S4Vectors

Attaching package: ‘S4Vectors’

The following objects are masked from ‘package:lubridate’:

    second, second<-

The following objects are masked from ‘package:dplyr’:

    first, rename

The following object is masked from ‘package:tidyr’:

    expand

The following objects are masked from ‘package:base’:

    expand.grid, I, unname

Loading required package: IRanges

Attaching package: ‘IRanges’

The following object is masked from ‘package:lubridate’:

    %within%

The following objects are masked from ‘package:dplyr’:

    collapse, desc, slice

The following object is masked from ‘package:purrr’:

    reduce

Loading required package: GenomeInfoDb

Attaching package: ‘SummarizedExperiment’

The following object is masked from ‘package:SeuratObject’:

    Assays

The following object is masked from ‘package:Seurat’:

    Assays

[[1]]
[1] TRUE

[[2]]
[1] TRUE

[[3]]
[1] TRUE

[[4]]
[1] TRUE

[[5]]
[1] TRUE

[[6]]
[1] TRUE

Validating h5Seurat file
Initializing RNA with data
Adding counts for RNA
Adding scale.data for RNA
Adding feature-level metadata for RNA
Adding variable feature information for RNA
Adding miscellaneous information for RNA
Adding reduction harmony
Adding cell embeddings for harmony
Adding miscellaneous information for harmony
Adding reduction pca
Adding cell embeddings for pca
Adding feature loadings for pca
Adding miscellaneous information for pca
Adding reduction umap
Adding cell embeddings for umap
Adding miscellaneous information for umap
Adding graph RNA_nn
Adding graph RNA_snn
Adding command information
Adding cell-level metadata
Adding miscellaneous information
Adding tool-specific results
Joining with `by = join_by(gene, p.value, FDR, summary.logFC, celltype)`
Joining with `by = join_by(gene, p.value, FDR, summary.logFC, celltype)`
Joining with `by = join_by(gene, p.value, FDR, summary.logFC, celltype)`
Joining with `by = join_by(gene, p.value, FDR, summary.logFC, celltype)`
Joining with `by = join_by(gene, p.value, FDR, summary.logFC, celltype)`
Joining with `by = join_by(gene, p.value, FDR, summary.logFC, celltype)`
Joining with `by = join_by(gene, p.value, FDR, summary.logFC, celltype)`
Joining with `by = join_by(gene, p.value, FDR, summary.logFC, celltype)`
Joining with `by = join_by(gene, p.value, FDR, summary.logFC, celltype)`
Joining with `by = join_by(gene, p.value, FDR, summary.logFC, celltype)`
Joining with `by = join_by(gene, p.value, FDR, summary.logFC, celltype)`
            used   (Mb) gc trigger   (Mb)  max used   (Mb)
Ncells   8542634  456.3   15642852  835.5  12158028  649.4
Vcells 210322206 1604.7  339292289 2588.6 239114910 1824.4
Creating h5Seurat file for version 3.1.5.9900
Adding counts for RNA
Adding data for RNA
Adding scale.data for RNA
Adding variable features for RNA
Adding feature-level metadata for RNA
Adding cell embeddings for harmony
No loadings for harmony
No projected loadings for harmony
Adding standard deviations for harmony
No JackStraw data for harmony
Adding cell embeddings for pca
Adding loadings for pca
No projected loadings for pca
Adding standard deviations for pca
No JackStraw data for pca
Adding cell embeddings for umap
No loadings for umap
No projected loadings for umap
No standard deviations for umap
No JackStraw data for umap
[Fri Jan 19 09:05:49 2024]
Finished job 0.
1 of 1 steps (100%) done
