Building DAG of jobs...
Using shell: /usr/bin/bash
Provided cores: 1 (use --cores to define parallelism)
Rules claiming more threads will be scaled down.
Job counts:
	count	jobs
	1	ambient_doublets
	1

[Fri Jan 19 08:30:24 2024]
rule ambient_doublets:
    input: data/processed/single_cell/unprocessed/b6_1.h5seurat
    output: data/processed/single_cell/no_doublets/b6_1_no_doublets.h5seurat
    jobid: 0
    wildcards: samples=b6_1

Loading required package: Seurat
Attaching SeuratObject
Loading required package: SeuratDisk
Registered S3 method overwritten by 'SeuratDisk':
  method            from  
  as.sparse.H5Group Seurat
Loading required package: scran
Loading required package: SingleCellExperiment
Loading required package: SummarizedExperiment
Loading required package: MatrixGenerics
Loading required package: matrixStats

Attaching package: ‘MatrixGenerics’

The following objects are masked from ‘package:matrixStats’:

    colAlls, colAnyNAs, colAnys, colAvgsPerRowSet, colCollapse,
    colCounts, colCummaxs, colCummins, colCumprods, colCumsums,
    colDiffs, colIQRDiffs, colIQRs, colLogSumExps, colMadDiffs,
    colMads, colMaxs, colMeans2, colMedians, colMins, colOrderStats,
    colProds, colQuantiles, colRanges, colRanks, colSdDiffs, colSds,
    colSums2, colTabulates, colVarDiffs, colVars, colWeightedMads,
    colWeightedMeans, colWeightedMedians, colWeightedSds,
    colWeightedVars, rowAlls, rowAnyNAs, rowAnys, rowAvgsPerColSet,
    rowCollapse, rowCounts, rowCummaxs, rowCummins, rowCumprods,
    rowCumsums, rowDiffs, rowIQRDiffs, rowIQRs, rowLogSumExps,
    rowMadDiffs, rowMads, rowMaxs, rowMeans2, rowMedians, rowMins,
    rowOrderStats, rowProds, rowQuantiles, rowRanges, rowRanks,
    rowSdDiffs, rowSds, rowSums2, rowTabulates, rowVarDiffs, rowVars,
    rowWeightedMads, rowWeightedMeans, rowWeightedMedians,
    rowWeightedSds, rowWeightedVars

Loading required package: GenomicRanges
Loading required package: stats4
Loading required package: BiocGenerics

Attaching package: ‘BiocGenerics’

The following objects are masked from ‘package:stats’:

    IQR, mad, sd, var, xtabs

The following objects are masked from ‘package:base’:

    anyDuplicated, aperm, append, as.data.frame, basename, cbind,
    colnames, dirname, do.call, duplicated, eval, evalq, Filter, Find,
    get, grep, grepl, intersect, is.unsorted, lapply, Map, mapply,
    match, mget, order, paste, pmax, pmax.int, pmin, pmin.int,
    Position, rank, rbind, Reduce, rownames, sapply, setdiff, sort,
    table, tapply, union, unique, unsplit, which.max, which.min

Loading required package: S4Vectors

Attaching package: ‘S4Vectors’

The following objects are masked from ‘package:base’:

    expand.grid, I, unname

Loading required package: IRanges
Loading required package: GenomeInfoDb
Loading required package: Biobase
Welcome to Bioconductor

    Vignettes contain introductory material; view with
    'browseVignettes()'. To cite Bioconductor, see
    'citation("Biobase")', and for packages 'citation("pkgname")'.


Attaching package: ‘Biobase’

The following object is masked from ‘package:MatrixGenerics’:

    rowMedians

The following objects are masked from ‘package:matrixStats’:

    anyMissing, rowMedians


Attaching package: ‘SummarizedExperiment’

The following object is masked from ‘package:SeuratObject’:

    Assays

The following object is masked from ‘package:Seurat’:

    Assays

Loading required package: scuttle
Loading required package: DropletUtils
Loading required package: scater
Loading required package: ggplot2
Loading required package: scDblFinder
[[1]]
[1] TRUE

[[2]]
[1] TRUE

[[3]]
[1] TRUE

[[4]]
[1] TRUE

[[5]]
[1] TRUE

[[6]]
[1] TRUE

Validating h5Seurat file
Initializing RNA with data
Adding counts for RNA
Adding miscellaneous information for RNA
Adding command information
Adding cell-level metadata
Adding miscellaneous information
Adding tool-specific results
null device 
          1 
Warning message:
In xy.coords(x, y, xlabel, ylabel, log) :
  3 y values <= 0 omitted from logarithmic plot
null device 
          1 
null device 
          1 
null device 
          1 
null device 
          1 
[[1]]
null device 
          1 

[[2]]
null device 
          1 

[[3]]
null device 
          1 

[[4]]
null device 
          1 

null device 
          1 
Warning: Keys should be one or more alphanumeric characters followed by an underscore, setting key from PC to PC_
Warning: All keys should be one or more alphanumeric characters followed by an underscore '_', setting key to PC_
Creating h5Seurat file for version 3.1.5.9900
Adding counts for RNA
Adding data for RNA
No variable features found for RNA
No feature-level metadata found for RNA
Adding cell embeddings for PCA
No loadings for PCA
No projected loadings for PCA
No standard deviations for PCA
No JackStraw data for PCA
Adding cell embeddings for TSNE
No loadings for TSNE
No projected loadings for TSNE
No standard deviations for TSNE
No JackStraw data for TSNE
Adding cell embeddings for UMAP
No loadings for UMAP
No projected loadings for UMAP
No standard deviations for UMAP
No JackStraw data for UMAP
[Fri Jan 19 08:44:33 2024]
Finished job 0.
1 of 1 steps (100%) done
