Building DAG of jobs...
Using shell: /usr/bin/bash
Provided cores: 1 (use --cores to define parallelism)
Rules claiming more threads will be scaled down.
Job counts:
	count	jobs
	1	clean_bulk
	1

[Fri Jan 19 08:27:15 2024]
rule clean_bulk:
    input: data/raw/rau_fractions/celltype_counts.csv, data/raw/rau_fractions/celltype_pheno.csv, data/raw/jensen/jensen_counts_correct.xlsx
    output: data/processed/bulk/all_counts.csv, data/processed/bulk/jensen_pheno.csv, data/processed/bulk/jensen_bulk_clean.csv
    jobid: 0

Loading required package: tidyverse
── Attaching core tidyverse packages ──────────────────────── tidyverse 2.0.0 ──
✔ dplyr     1.1.2     ✔ readr     2.1.3
✔ forcats   0.5.2     ✔ stringr   1.5.0
✔ ggplot2   3.4.4     ✔ tibble    3.2.1
✔ lubridate 1.9.2     ✔ tidyr     1.3.0
✔ purrr     1.0.1     
── Conflicts ────────────────────────────────────────── tidyverse_conflicts() ──
✖ dplyr::filter() masks stats::filter()
✖ dplyr::lag()    masks stats::lag()
ℹ Use the conflicted package (<http://conflicted.r-lib.org/>) to force all conflicts to become errors
Loading required package: reshape2

Attaching package: ‘reshape2’

The following object is masked from ‘package:tidyr’:

    smiths

Loading required package: makeunique
[[1]]
[1] TRUE

[[2]]
[1] TRUE

[[3]]
[1] TRUE

New names:
• `` -> `...1`
• `` -> `...2`
• `` -> `...3`
• `` -> `...4`
• `` -> `...5`
• `WT sham` -> `WT sham...6`
• `WT sham` -> `WT sham...7`
• `WT sham` -> `WT sham...8`
• `WT sham` -> `WT sham...9`
• `KO sham` -> `KO sham...10`
• `KO sham` -> `KO sham...11`
• `KO sham` -> `KO sham...12`
• `KO sham` -> `KO sham...13`
• `WT MI` -> `WT MI...14`
• `WT MI` -> `WT MI...15`
• `WT MI` -> `WT MI...16`
• `KO MI` -> `KO MI...17`
• `KO MI` -> `KO MI...18`
• `KO MI` -> `KO MI...19`
• `` -> `...20`
• `` -> `...21`
[Fri Jan 19 08:27:20 2024]
Finished job 0.
1 of 1 steps (100%) done
