Building DAG of jobs...
Using shell: /usr/bin/bash
Provided cores: 12
Rules claiming more threads will be scaled down.
Job counts:
	count	jobs
	1	load_index
	1

[Wed Jan 31 10:01:55 2024]
rule load_index:
    output: data/raw/anno/gencode.vM34.transcripts.fa.gz
    jobid: 0

--2024-01-31 10:01:55--  https://ftp.ebi.ac.uk/pub/databases/gencode/Gencode_mouse/release_M34/gencode.vM34.transcripts.fa.gz
Resolving ftp.ebi.ac.uk (ftp.ebi.ac.uk)... 193.62.193.165
Connecting to ftp.ebi.ac.uk (ftp.ebi.ac.uk)|193.62.193.165|:443... connected.
HTTP request sent, awaiting response... 200 OK
Length: 56125215 (54M) [application/x-gzip]
Saving to: ‘data/raw/anno/gencode.vM34.transcripts.fa.gz’

     0K .......... .......... .......... .......... ..........  0%  370K 2m28s
    50K .......... .......... .......... .......... ..........  0%  536K 2m5s
   100K .......... .......... .......... .......... ..........  0% 18.6M 84s
   150K .......... .......... .......... .......... ..........  0%  523K 89s
   200K .......... .......... .......... .......... ..........  0%  524K 92s
   250K .......... .......... .......... .......... ..........  0%  523K 94s
   300K .......... .......... .......... .......... ..........  0%  536K 95s
   350K .......... .......... .......... .......... ..........  0% 19.1M 83s
   400K .......... .......... .......... .......... ..........  0%  524K 86s
   450K .......... .......... .......... .......... ..........  0%  523K 87s
   500K .......... .......... .......... .......... ..........  1%  523K 89s
   550K .......... .......... .......... .......... ..........  1%  536K 90s
   600K .......... .......... .......... .......... ..........  1% 19.9M 83s
   650K .......... .......... .......... .......... ..........  1%  522K 84s
   700K .......... .......... .......... .......... ..........  1%  523K 86s
   750K .......... .......... .......... .......... ..........  1%  524K 87s
   800K .......... .......... .......... .......... ..........  1%  537K 87s
   850K .......... .......... .......... .......... ..........  1% 14.8M 83s
   900K .......... .......... .......... .......... ..........  1%  523K 84s
   950K .......... .......... .......... .......... ..........  1%  523K 85s
  1000K .......... .......... .......... .......... ..........  1%  524K 85s
  1050K .......... .......... .......... .......... ..........  2%  540K 86s
  1100K .......... .......... .......... .......... ..........  2% 14.4M 82s
  1150K .......... .......... .......... .......... ..........  2%  524K 83s
  1200K .......... .......... .......... .......... ..........  2%  523K 84s
  1250K .......... .......... .......... .......... ..........  2%  523K 84s
  1300K .......... .......... .......... .......... ..........  2%  540K 85s
  1350K .......... .......... .......... .......... ..........  2% 14.8M 82s
  1400K .......... .......... .......... .......... ..........  2%  523K 82s
  1450K .......... .......... .......... .......... ..........  2%  523K 83s
  1500K .......... .......... .......... .......... ..........  2%  523K 84s
  1550K .......... .......... .......... .......... ..........  2%  540K 84s
  1600K .......... .......... .......... .......... ..........  3% 14.4M 81s
  1650K .......... .......... .......... .......... ..........  3%  524K 82s
  1700K .......... .......... .......... .......... ..........  3%  523K 82s
  1750K .......... .......... .......... .......... ..........  3%  524K 83s
  1800K .......... .......... .......... .......... ..........  3%  539K 83s
  1850K .......... .......... .......... .......... ..........  3% 14.5M 81s
  1900K .......... .......... .......... .......... ..........  3%  524K 81s
  1950K .......... .......... .......... .......... ..........  3%  523K 82s
  2000K .......... .......... .......... .......... ..........  3%  524K 82s
  2050K .......... .......... .......... .......... ..........  3%  539K 83s
  2100K .......... .......... .......... .......... ..........  3% 14.6M 81s
  2150K .......... .......... .......... .......... ..........  4%  523K 81s
  2200K .......... .......... .......... .......... ..........  4%  523K 81s
  2250K .......... .......... .......... .......... ..........  4%  526K 82s
  2300K .......... .......... .......... .......... ..........  4%  535K 82s
  2350K .......... .......... .......... .......... ..........  4% 14.1M 80s
  2400K .......... .......... .......... .......... ..........  4%  523K 81s
  2450K .......... .......... .......... .......... ..........  4%  523K 81s
  2500K .......... .......... .......... .......... ..........  4%  529K 81s
  2550K .......... .......... .......... .......... ..........  4%  536K 81s
  2600K .......... .......... .......... .......... ..........  4% 13.7M 80s
  2650K .......... .......... .......... .......... ..........  4%  524K 80s
  2700K .......... .......... .......... .......... ..........  5%  523K 80s
  2750K .......... .......... .......... .......... ..........  5%  530K 81s
  2800K .......... .......... .......... .......... ..........  5%  535K 81s
  2850K .......... .......... .......... .......... ..........  5% 13.6M 79s
  2900K .......... .......... .......... .......... ..........  5%  523K 80s
  2950K .......... .......... .......... .......... ..........  5%  523K 80s
  3000K .......... .......... .......... .......... ..........  5%  531K 80s
  3050K .......... .......... .......... .......... ..........  5%  532K 80s
  3100K .......... .......... .......... .......... ..........  5% 13.9M 79s
  3150K .......... .......... .......... .......... ..........  5%  523K 79s
  3200K .......... .......... .......... .......... ..........  5%  524K 80s
  3250K .......... .......... .......... .......... ..........  6%  529K 80s
  3300K .......... .......... .......... .......... ..........  6%  534K 80s
  3350K .......... .......... .......... .......... ..........  6% 14.1M 79s
  3400K .......... .......... .......... .......... ..........  6%  524K 79s
  3450K .......... .......... .......... .......... ..........  6%  524K 79s
  3500K .......... .......... .......... .......... ..........  6%  529K 79s
  3550K .......... .......... .......... .......... ..........  6%  534K 79s
  3600K .......... .......... .......... .......... ..........  6% 14.4M 78s
  3650K .......... .......... .......... .......... ..........  6%  524K 79s
  3700K .......... .......... .......... .......... ..........  6%  524K 79s
  3750K .......... .......... .......... .......... ..........  6%  529K 79s
  3800K .......... .......... .......... .......... ..........  7%  534K 79s
  3850K .......... .......... .......... .......... ..........  7% 14.2M 78s
  3900K .......... .......... .......... .......... ..........  7%  524K 78s
  3950K .......... .......... .......... .......... ..........  7%  523K 78s
  4000K .......... .......... .......... .......... ..........  7%  529K 78s
  4050K .......... .......... .......... .......... ..........  7%  533K 79s
  4100K .......... .......... .......... .......... ..........  7% 16.1M 78s
  4150K .......... .......... .......... .......... ..........  7%  524K 78s
  4200K .......... .......... .......... .......... ..........  7%  524K 78s
  4250K .......... .......... .......... .......... ..........  7%  537K 78s
  4300K .......... .......... .......... .......... ..........  7%  523K 78s
  4350K .......... .......... .......... .......... ..........  8% 16.5M 77s
  4400K .......... .......... .......... .......... ..........  8%  523K 77s
  4450K .......... .......... .......... .......... ..........  8%  522K 77s
  4500K .......... .......... .......... .......... ..........  8%  539K 78s
  4550K .......... .......... .......... .......... ..........  8%  523K 78s
  4600K .......... .......... .......... .......... ..........  8% 15.7M 77s
  4650K .......... .......... .......... .......... ..........  8%  524K 77s
  4700K .......... .......... .......... .......... ..........  8%  523K 77s
  4750K .......... .......... .......... .......... ..........  8%  538K 77s
  4800K .......... .......... .......... .......... ..........  8%  523K 77s
  4850K .......... .......... .......... .......... ..........  8% 16.5M 76s
  4900K .......... .......... .......... .......... ..........  9%  523K 77s
  4950K .......... .......... .......... .......... ..........  9%  524K 77s
  5000K .......... .......... .......... .......... ..........  9%  537K 77s
  5050K .......... .......... .......... .......... ..........  9%  523K 77s
  5100K .......... .......... .......... .......... ..........  9% 17.0M 76s
  5150K .......... .......... .......... .......... ..........  9%  524K 76s
  5200K .......... .......... .......... .......... ..........  9%  522K 76s
  5250K .......... .......... .......... .......... ..........  9%  538K 76s
  5300K .......... .......... .......... .......... ..........  9%  523K 76s
  5350K .......... .......... .......... .......... ..........  9% 15.9M 76s
  5400K .......... .......... .......... .......... ..........  9%  523K 76s
  5450K .......... .......... .......... .......... .......... 10%  522K 76s
  5500K .......... .......... .......... .......... .......... 10%  537K 76s
  5550K .......... .......... .......... .......... .......... 10%  523K 76s
  5600K .......... .......... .......... .......... .......... 10% 17.7M 75s
  5650K .......... .......... .......... .......... .......... 10%  523K 75s
  5700K .......... .......... .......... .......... .......... 10%  527K 75s
  5750K .......... .......... .......... .......... .......... 10%  531K 75s
  5800K .......... .......... .......... .......... .......... 10% 21.4M 75s
  5850K .......... .......... .......... .......... .......... 10%  522K 75s
  5900K .......... .......... .......... .......... .......... 10%  523K 75s
  5950K .......... .......... .......... .......... .......... 10%  528K 75s
  6000K .......... .......... .......... .......... .......... 11%  530K 75s
  6050K .......... .......... .......... .......... .......... 11% 20.7M 74s
  6100K .......... .......... .......... .......... .......... 11%  523K 74s
  6150K .......... .......... .......... .......... .......... 11%  523K 75s
  6200K .......... .......... .......... .......... .......... 11%  528K 75s
  6250K .......... .......... .......... .......... .......... 11%  529K 75s
  6300K .......... .......... .......... .......... .......... 11% 20.4M 74s
  6350K .......... .......... .......... .......... .......... 11%  523K 74s
  6400K .......... .......... .......... .......... .......... 11%  525K 74s
  6450K .......... .......... .......... .......... .......... 11%  527K 74s
  6500K .......... .......... .......... .......... .......... 11%  527K 74s
  6550K .......... .......... .......... .......... .......... 12% 22.5M 74s
  6600K .......... .......... .......... .......... .......... 12%  523K 74s
  6650K .......... .......... .......... .......... .......... 12%  525K 74s
  6700K .......... .......... .......... .......... .......... 12%  527K 74s
  6750K .......... .......... .......... .......... .......... 12%  526K 74s
  6800K .......... .......... .......... .......... .......... 12% 25.9M 73s
  6850K .......... .......... .......... .......... .......... 12%  523K 73s
  6900K .......... .......... .......... .......... .......... 12%  526K 73s
  6950K .......... .......... .......... .......... .......... 12%  527K 73s
  7000K .......... .......... .......... .......... .......... 12%  525K 73s
  7050K .......... .......... .......... .......... .......... 12% 27.1M 73s
  7100K .......... .......... .......... .......... .......... 13%  523K 73s
  7150K .......... .......... .......... .......... .......... 13%  526K 73s
  7200K .......... .......... .......... .......... .......... 13%  527K 73s
  7250K .......... .......... .......... .......... .......... 13%  525K 73s
  7300K .......... .......... .......... .......... .......... 13% 30.4M 73s
  7350K .......... .......... .......... .......... .......... 13%  525K 73s
  7400K .......... .......... .......... .......... .......... 13%  524K 73s
  7450K .......... .......... .......... .......... .......... 13%  525K 73s
  7500K .......... .......... .......... .......... .......... 13%  525K 73s
  7550K .......... .......... .......... .......... .......... 13% 34.0M 72s
  7600K .......... .......... .......... .......... .......... 13%  524K 72s
  7650K .......... .......... .......... .......... .......... 14%  520K 72s
  7700K .......... .......... .......... .......... .......... 14%  528K 72s
  7750K .......... .......... .......... .......... .......... 14%  527K 72s
  7800K .......... .......... .......... .......... .......... 14% 24.0M 72s
  7850K .......... .......... .......... .......... .......... 14%  522K 72s
  7900K .......... .......... .......... .......... .......... 14%  523K 72s
  7950K .......... .......... .......... .......... .......... 14%  529K 72s
  8000K .......... .......... .......... .......... .......... 14%  516K 72s
  8050K .......... .......... .......... .......... .......... 14% 46.9M 71s
  8100K .......... .......... .......... .......... .......... 14%  523K 71s
  8150K .......... .......... .......... .......... .......... 14%  523K 71s
  8200K .......... .......... .......... .......... .......... 15%  528K 71s
  8250K .......... .......... .......... .......... .......... 15%  522K 72s
  8300K .......... .......... .......... .......... .......... 15% 48.6M 71s
  8350K .......... .......... .......... .......... .......... 15%  523K 71s
  8400K .......... .......... .......... .......... .......... 15%  523K 71s
  8450K .......... .......... .......... .......... .......... 15%  528K 71s
  8500K .......... .......... .......... .......... .......... 15%  523K 71s
  8550K .......... .......... .......... .......... .......... 15% 41.0M 71s
  8600K .......... .......... .......... .......... .......... 15%  523K 71s
  8650K .......... .......... .......... .......... .......... 15%  524K 71s
  8700K .......... .......... .......... .......... .......... 15%  527K 71s
  8750K .......... .......... .......... .......... .......... 16%  522K 71s
  8800K .......... .......... .......... .......... .......... 16% 25.0M 70s
  8850K .......... .......... .......... .......... .......... 16%  523K 70s
  8900K .......... .......... .......... .......... .......... 16%  525K 70s
  8950K .......... .......... .......... .......... .......... 16%  529K 70s
  9000K .......... .......... .......... .......... .......... 16%  523K 70s
  9050K .......... .......... .......... .......... .......... 16% 25.6M 70s
  9100K .......... .......... .......... .......... .......... 16%  524K 70s
  9150K .......... .......... .......... .......... .......... 16%  526K 70s
  9200K .......... .......... .......... .......... .......... 16%  525K 70s
  9250K .......... .......... .......... .......... .......... 16%  523K 70s
  9300K .......... .......... .......... .......... .......... 17% 25.2M 70s
  9350K .......... .......... .......... .......... .......... 17%  523K 70s
  9400K .......... .......... .......... .......... .......... 17%  521K 70s
  9450K .......... .......... .......... .......... .......... 17%  527K 70s
  9500K .......... .......... .......... .......... .......... 17%  523K 70s
  9550K .......... .......... .......... .......... .......... 17% 46.2M 69s
  9600K .......... .......... .......... .......... .......... 17%  523K 69s
  9650K .......... .......... .......... .......... .......... 17%  521K 69s
  9700K .......... .......... .......... .......... .......... 17%  523K 69s
  9750K .......... .......... .......... .......... .......... 17%  523K 69s
  9800K .......... .......... .......... .......... .......... 17% 81.7M 69s
  9850K .......... .......... .......... .......... .......... 18%  522K 69s
  9900K .......... .......... .......... .......... .......... 18%  525K 69s
  9950K .......... .......... .......... .......... .......... 18%  523K 69s
 10000K .......... .......... .......... .......... .......... 18%  523K 69s
 10050K .......... .......... .......... .......... .......... 18% 70.3M 68s
 10100K .......... .......... .......... .......... .......... 18%  524K 68s
 10150K .......... .......... .......... .......... .......... 18%  525K 68s
 10200K .......... .......... .......... .......... .......... 18%  523K 68s
 10250K .......... .......... .......... .......... .......... 18%  523K 68s
 10300K .......... .......... .......... .......... .......... 18% 79.2M 68s
 10350K .......... .......... .......... .......... .......... 18%  523K 68s
 10400K .......... .......... .......... .......... .......... 19%  518K 68s
 10450K .......... .......... .......... .......... .......... 19%  524K 68s
 10500K .......... .......... .......... .......... .......... 19%  522K 68s
 10550K .......... .......... .......... .......... .......... 19%  103M 68s
 10600K .......... .......... .......... .......... .......... 19%  525K 68s
 10650K .......... .......... .......... .......... .......... 19%  523K 68s
 10700K .......... .......... .......... .......... .......... 19%  523K 68s
 10750K .......... .......... .......... .......... .......... 19%  524K 68s
 10800K .......... .......... .......... .......... .......... 19% 71.4M 67s
 10850K .......... .......... .......... .......... .......... 19%  524K 67s
 10900K .......... .......... .......... .......... .......... 19%  523K 67s
 10950K .......... .......... .......... .......... .......... 20%  522K 67s
 11000K .......... .......... .......... .......... .......... 20%  524K 67s
 11050K .......... .......... .......... .......... .......... 20%  126M 67s
 11100K .......... .......... .......... .......... .......... 20%  524K 67s
 11150K .......... .......... .......... .......... .......... 20%  523K 67s
 11200K .......... .......... .......... .......... .......... 20%  522K 67s
 11250K .......... .......... .......... .......... .......... 20%  523K 67s
 11300K .......... .......... .......... .......... .......... 20%  308M 66s
 11350K .......... .......... .......... .......... .......... 20%  523K 66s
 11400K .......... .......... .......... .......... .......... 20%  524K 66s
 11450K .......... .......... .......... .......... .......... 20%  523K 66s
 11500K .......... .......... .......... .......... .......... 21%  523K 66s
 11550K .......... .......... .......... .......... .......... 21%  203M 66s
 11600K .......... .......... .......... .......... .......... 21%  522K 66s
 11650K .......... .......... .......... .......... .......... 21%  522K 66s
 11700K .......... .......... .......... .......... .......... 21%  523K 66s
 11750K .......... .......... .......... .......... .......... 21%  523K 66s
 11800K .......... .......... .......... .......... .......... 21%  235M 66s
 11850K .......... .......... .......... .......... .......... 21%  522K 66s
 11900K .......... .......... .......... .......... .......... 21%  523K 66s
 11950K .......... .......... .......... .......... .......... 21%  523K 66s
 12000K .......... .......... .......... .......... .......... 21%  523K 66s
 12050K .......... .......... .......... .......... .......... 22%  207M 65s
 12100K .......... .......... .......... .......... .......... 22%  521K 65s
 12150K .......... .......... .......... .......... .......... 22%  523K 65s
 12200K .......... .......... .......... .......... .......... 22%  523K 65s
 12250K .......... .......... .......... .......... .......... 22%  525K 65s
 12300K .......... .......... .......... .......... .......... 22% 86.7M 65s
 12350K .......... .......... .......... .......... .......... 22%  523K 65s
 12400K .......... .......... .......... .......... .......... 22%  523K 65s
 12450K .......... .......... .......... .......... .......... 22%  523K 65s
 12500K .......... .......... .......... .......... .......... 22%  524K 65s
 12550K .......... .......... .......... .......... .......... 22%  125M 65s
 12600K .......... .......... .......... .......... .......... 23%  523K 65s
 12650K .......... .......... .......... .......... .......... 23%  523K 65s
 12700K .......... .......... .......... .......... .......... 23%  519K 65s
 12750K .......... .......... .......... .......... .......... 23%  527K 65s
 12800K .......... .......... .......... .......... .......... 23% 49.0M 64s
 12850K .......... .......... .......... .......... .......... 23%  523K 64s
 12900K .......... .......... .......... .......... .......... 23%  523K 64s
 12950K .......... .......... .......... .......... .......... 23%  524K 64s
 13000K .......... .......... .......... .......... .......... 23%  526K 64s
 13050K .......... .......... .......... .......... .......... 23% 56.2M 64s
 13100K .......... .......... .......... .......... .......... 23%  523K 64s
 13150K .......... .......... .......... .......... .......... 24%  523K 64s
 13200K .......... .......... .......... .......... .......... 24%  523K 64s
 13250K .......... .......... .......... .......... .......... 24%  526K 64s
 13300K .......... .......... .......... .......... .......... 24% 56.9M 63s
 13350K .......... .......... .......... .......... .......... 24%  523K 63s
 13400K .......... .......... .......... .......... .......... 24%  524K 63s
 13450K .......... .......... .......... .......... .......... 24%  523K 63s
 13500K .......... .......... .......... .......... .......... 24%  527K 63s
 13550K .......... .......... .......... .......... .......... 24% 57.7M 63s
 13600K .......... .......... .......... .......... .......... 24%  523K 63s
 13650K .......... .......... .......... .......... .......... 24%  523K 63s
 13700K .......... .......... .......... .......... .......... 25%  522K 63s
 13750K .......... .......... .......... .......... .......... 25%  527K 63s
 13800K .......... .......... .......... .......... .......... 25% 48.2M 63s
 13850K .......... .......... .......... .......... .......... 25%  523K 63s
 13900K .......... .......... .......... .......... .......... 25%  523K 63s
 13950K .......... .......... .......... .......... .......... 25%  523K 63s
 14000K .......... .......... .......... .......... .......... 25%  528K 63s
 14050K .......... .......... .......... .......... .......... 25% 45.3M 62s
 14100K .......... .......... .......... .......... .......... 25%  523K 62s
 14150K .......... .......... .......... .......... .......... 25%  523K 62s
 14200K .......... .......... .......... .......... .......... 25%  524K 62s
 14250K .......... .......... .......... .......... .......... 26%  527K 62s
 14300K .......... .......... .......... .......... .......... 26% 40.9M 62s
 14350K .......... .......... .......... .......... .......... 26%  523K 62s
 14400K .......... .......... .......... .......... .......... 26%  524K 62s
 14450K .......... .......... .......... .......... .......... 26%  525K 62s
 14500K .......... .......... .......... .......... .......... 26%  526K 62s
 14550K .......... .......... .......... .......... .......... 26% 43.5M 62s
 14600K .......... .......... .......... .......... .......... 26%  523K 61s
 14650K .......... .......... .......... .......... .......... 26%  524K 61s
 14700K .......... .......... .......... .......... .......... 26%  525K 61s
 14750K .......... .......... .......... .......... .......... 27%  526K 61s
 14800K .......... .......... .......... .......... .......... 27% 41.7M 61s
 14850K .......... .......... .......... .......... .......... 27%  524K 61s
 14900K .......... .......... .......... .......... .......... 27%  519K 61s
 14950K .......... .......... .......... .......... .......... 27%  530K 61s
 15000K .......... .......... .......... .......... .......... 27%  526K 61s
 15050K .......... .......... .......... .......... .......... 27% 23.1M 61s
 15100K .......... .......... .......... .......... .......... 27%  523K 61s
 15150K .......... .......... .......... .......... .......... 27%  525K 61s
 15200K .......... .......... .......... .......... .......... 27%  529K 61s
 15250K .......... .......... .......... .......... .......... 27%  524K 61s
 15300K .......... .......... .......... .......... .......... 28% 22.9M 60s
 15350K .......... .......... .......... .......... .......... 28%  524K 60s
 15400K .......... .......... .......... .......... .......... 28%  525K 60s
 15450K .......... .......... .......... .......... .......... 28%  527K 60s
 15500K .......... .......... .......... .......... .......... 28%  526K 60s
 15550K .......... .......... .......... .......... .......... 28% 22.9M 60s
 15600K .......... .......... .......... .......... .......... 28%  526K 60s
 15650K .......... .......... .......... .......... .......... 28%  526K 60s
 15700K .......... .......... .......... .......... .......... 28%  527K 60s
 15750K .......... .......... .......... .......... .......... 28%  526K 60s
 15800K .......... .......... .......... .......... .......... 28% 20.6M 60s
 15850K .......... .......... .......... .......... .......... 29%  527K 60s
 15900K .......... .......... .......... .......... .......... 29%  524K 60s
 15950K .......... .......... .......... .......... .......... 29%  528K 60s
 16000K .......... .......... .......... .......... .......... 29%  527K 59s
 16050K .......... .......... .......... .......... .......... 29% 19.8M 59s
 16100K .......... .......... .......... .......... .......... 29%  527K 59s
 16150K .......... .......... .......... .......... .......... 29%  524K 59s
 16200K .......... .......... .......... .......... .......... 29%  527K 59s
 16250K .......... .......... .......... .......... .......... 29%  527K 59s
 16300K .......... .......... .......... .......... .......... 29% 18.4M 59s
 16350K .......... .......... .......... .......... .......... 29%  529K 59s
 16400K .......... .......... .......... .......... .......... 30%  524K 59s
 16450K .......... .......... .......... .......... .......... 30%  526K 59s
 16500K .......... .......... .......... .......... .......... 30%  528K 59s
 16550K .......... .......... .......... .......... .......... 30% 12.5M 58s
 16600K .......... .......... .......... .......... .......... 30%  536K 58s
 16650K .......... .......... .......... .......... .......... 30%  524K 58s
 16700K .......... .......... .......... .......... .......... 30%  526K 58s
 16750K .......... .......... .......... .......... .......... 30%  526K 58s
 16800K .......... .......... .......... .......... .......... 30% 13.8M 58s
 16850K .......... .......... .......... .......... .......... 30%  535K 58s
 16900K .......... .......... .......... .......... .......... 30%  524K 58s
 16950K .......... .......... .......... .......... .......... 31%  526K 58s
 17000K .......... .......... .......... .......... .......... 31%  525K 58s
 17050K .......... .......... .......... .......... .......... 31% 15.0M 58s
 17100K .......... .......... .......... .......... .......... 31%  534K 58s
 17150K .......... .......... .......... .......... .......... 31%  524K 58s
 17200K .......... .......... .......... .......... .......... 31%  526K 58s
 17250K .......... .......... .......... .......... .......... 31%  524K 58s
 17300K .......... .......... .......... .......... .......... 31% 37.9M 57s
 17350K .......... .......... .......... .......... .......... 31%  525K 57s
 17400K .......... .......... .......... .......... .......... 31%  523K 57s
 17450K .......... .......... .......... .......... .......... 31%  525K 57s
 17500K .......... .......... .......... .......... .......... 32%  526K 57s
 17550K .......... .......... .......... .......... .......... 32% 42.0M 57s
 17600K .......... .......... .......... .......... .......... 32%  514K 57s
 17650K .......... .......... .......... .......... .......... 32%  523K 57s
 17700K .......... .......... .......... .......... .......... 32%  524K 57s
 17750K .......... .......... .......... .......... .......... 32%  527K 57s
 17800K .......... .......... .......... .......... .......... 32% 41.7M 57s
 17850K .......... .......... .......... .......... .......... 32%  523K 57s
 17900K .......... .......... .......... .......... .......... 32%  523K 56s
 17950K .......... .......... .......... .......... .......... 32%  526K 56s
 18000K .......... .......... .......... .......... .......... 32%  527K 56s
 18050K .......... .......... .......... .......... .......... 33% 35.0M 56s
 18100K .......... .......... .......... .......... .......... 33%  523K 56s
 18150K .......... .......... .......... .......... .......... 33%  523K 56s
 18200K .......... .......... .......... .......... .......... 33%  524K 56s
 18250K .......... .......... .......... .......... .......... 33%  523K 56s
 18300K .......... .......... .......... .......... .......... 33% 96.9M 56s
 18350K .......... .......... .......... .......... .......... 33%  524K 56s
 18400K .......... .......... .......... .......... .......... 33%  524K 56s
 18450K .......... .......... .......... .......... .......... 33%  523K 56s
 18500K .......... .......... .......... .......... .......... 33%  524K 56s
 18550K .......... .......... .......... .......... .......... 33% 88.1M 55s
 18600K .......... .......... .......... .......... .......... 34%  524K 55s
 18650K .......... .......... .......... .......... .......... 34%  524K 55s
 18700K .......... .......... .......... .......... .......... 34%  523K 55s
 18750K .......... .......... .......... .......... .......... 34%  524K 55s
 18800K .......... .......... .......... .......... .......... 34%  111M 55s
 18850K .......... .......... .......... .......... .......... 34%  524K 55s
 18900K .......... .......... .......... .......... .......... 34%  523K 55s
 18950K .......... .......... .......... .......... .......... 34%  523K 55s
 19000K .......... .......... .......... .......... .......... 34%  523K 55s
 19050K .......... .......... .......... .......... .......... 34%  178M 55s
 19100K .......... .......... .......... .......... .......... 34%  524K 55s
 19150K .......... .......... .......... .......... .......... 35%  523K 55s
 19200K .......... .......... .......... .......... .......... 35%  523K 55s
 19250K .......... .......... .......... .......... .......... 35%  524K 54s
 19300K .......... .......... .......... .......... .......... 35%  126M 54s
 19350K .......... .......... .......... .......... .......... 35%  523K 54s
 19400K .......... .......... .......... .......... .......... 35%  523K 54s
 19450K .......... .......... .......... .......... .......... 35%  523K 54s
 19500K .......... .......... .......... .......... .......... 35%  522K 54s
 19550K .......... .......... .......... .......... .......... 35%  269M 54s
 19600K .......... .......... .......... .......... .......... 35%  523K 54s
 19650K .......... .......... .......... .......... .......... 35%  516K 54s
 19700K .......... .......... .......... .......... .......... 36%  523K 54s
 19750K .......... .......... .......... .......... .......... 36%  524K 54s
 19800K .......... .......... .......... .......... .......... 36%  116M 53s
 19850K .......... .......... .......... .......... .......... 36%  523K 53s
 19900K .......... .......... .......... .......... .......... 36%  523K 53s
 19950K .......... .......... .......... .......... .......... 36%  523K 53s
 20000K .......... .......... .......... .......... .......... 36%  524K 53s
 20050K .......... .......... .......... .......... .......... 36%  115M 53s
 20100K .......... .......... .......... .......... .......... 36%  523K 53s
 20150K .......... .......... .......... .......... .......... 36%  523K 53s
 20200K .......... .......... .......... .......... .......... 36%  523K 53s
 20250K .......... .......... .......... .......... .......... 37%  525K 53s
 20300K .......... .......... .......... .......... .......... 37% 88.8M 53s
 20350K .......... .......... .......... .......... .......... 37%  523K 53s
 20400K .......... .......... .......... .......... .......... 37%  525K 53s
 20450K .......... .......... .......... .......... .......... 37%  523K 53s
 20500K .......... .......... .......... .......... .......... 37%  523K 53s
 20550K .......... .......... .......... .......... .......... 37% 42.5M 52s
 20600K .......... .......... .......... .......... .......... 37%  523K 52s
 20650K .......... .......... .......... .......... .......... 37%  528K 52s
 20700K .......... .......... .......... .......... .......... 37%  524K 52s
 20750K .......... .......... .......... .......... .......... 37%  523K 52s
 20800K .......... .......... .......... .......... .......... 38% 44.7M 52s
 20850K .......... .......... .......... .......... .......... 38%  523K 52s
 20900K .......... .......... .......... .......... .......... 38%  527K 52s
 20950K .......... .......... .......... .......... .......... 38%  523K 52s
 21000K .......... .......... .......... .......... .......... 38%  523K 52s
 21050K .......... .......... .......... .......... .......... 38% 44.5M 52s
 21100K .......... .......... .......... .......... .......... 38%  523K 52s
 21150K .......... .......... .......... .......... .......... 38%  528K 51s
 21200K .......... .......... .......... .......... .......... 38%  522K 51s
 21250K .......... .......... .......... .......... .......... 38%  524K 51s
 21300K .......... .......... .......... .......... .......... 38% 38.1M 51s
 21350K .......... .......... .......... .......... .......... 39%  523K 51s
 21400K .......... .......... .......... .......... .......... 39%  529K 51s
 21450K .......... .......... .......... .......... .......... 39%  523K 51s
 21500K .......... .......... .......... .......... .......... 39% 39.2M 51s
 21550K .......... .......... .......... .......... .......... 39%  523K 51s
 21600K .......... .......... .......... .......... .......... 39%  524K 51s
 21650K .......... .......... .......... .......... .......... 39%  530K 51s
 21700K .......... .......... .......... .......... .......... 39%  523K 51s
 21750K .......... .......... .......... .......... .......... 39% 34.2M 50s
 21800K .......... .......... .......... .......... .......... 39%  523K 50s
 21850K .......... .......... .......... .......... .......... 39%  524K 50s
 21900K .......... .......... .......... .......... .......... 40%  529K 50s
 21950K .......... .......... .......... .......... .......... 40%  523K 50s
 22000K .......... .......... .......... .......... .......... 40% 35.1M 50s
 22050K .......... .......... .......... .......... .......... 40%  524K 50s
 22100K .......... .......... .......... .......... .......... 40%  523K 50s
 22150K .......... .......... .......... .......... .......... 40%  527K 50s
 22200K .......... .......... .......... .......... .......... 40%  524K 50s
 22250K .......... .......... .......... .......... .......... 40% 43.2M 50s
 22300K .......... .......... .......... .......... .......... 40%  523K 50s
 22350K .......... .......... .......... .......... .......... 40%  523K 50s
 22400K .......... .......... .......... .......... .......... 40%  528K 50s
 22450K .......... .......... .......... .......... .......... 41%  522K 50s
 22500K .......... .......... .......... .......... .......... 41% 46.2M 49s
 22550K .......... .......... .......... .......... .......... 41%  523K 49s
 22600K .......... .......... .......... .......... .......... 41%  523K 49s
 22650K .......... .......... .......... .......... .......... 41%  528K 49s
 22700K .......... .......... .......... .......... .......... 41%  523K 49s
 22750K .......... .......... .......... .......... .......... 41% 41.4M 49s
 22800K .......... .......... .......... .......... .......... 41%  523K 49s
 22850K .......... .......... .......... .......... .......... 41%  523K 49s
 22900K .......... .......... .......... .......... .......... 41%  528K 49s
 22950K .......... .......... .......... .......... .......... 41%  524K 49s
 23000K .......... .......... .......... .......... .......... 42% 35.9M 49s
 23050K .......... .......... .......... .......... .......... 42%  524K 49s
 23100K .......... .......... .......... .......... .......... 42%  524K 48s
 23150K .......... .......... .......... .......... .......... 42%  527K 48s
 23200K .......... .......... .......... .......... .......... 42%  524K 48s
 23250K .......... .......... .......... .......... .......... 42% 40.5M 48s
 23300K .......... .......... .......... .......... .......... 42%  525K 48s
 23350K .......... .......... .......... .......... .......... 42%  523K 48s
 23400K .......... .......... .......... .......... .......... 42%  528K 48s
 23450K .......... .......... .......... .......... .......... 42%  523K 48s
 23500K .......... .......... .......... .......... .......... 42% 42.9M 48s
 23550K .......... .......... .......... .......... .......... 43%  524K 48s
 23600K .......... .......... .......... .......... .......... 43%  523K 48s
 23650K .......... .......... .......... .......... .......... 43%  527K 48s
 23700K .......... .......... .......... .......... .......... 43%  523K 48s
 23750K .......... .......... .......... .......... .......... 43% 53.2M 47s
 23800K .......... .......... .......... .......... .......... 43%  524K 47s
 23850K .......... .......... .......... .......... .......... 43%  523K 47s
 23900K .......... .......... .......... .......... .......... 43%  526K 47s
 23950K .......... .......... .......... .......... .......... 43%  523K 47s
 24000K .......... .......... .......... .......... .......... 43% 52.2M 47s
 24050K .......... .......... .......... .......... .......... 43%  524K 47s
 24100K .......... .......... .......... .......... .......... 44%  523K 47s
 24150K .......... .......... .......... .......... .......... 44%  526K 47s
 24200K .......... .......... .......... .......... .......... 44%  523K 47s
 24250K .......... .......... .......... .......... .......... 44% 51.1M 47s
 24300K .......... .......... .......... .......... .......... 44%  523K 47s
 24350K .......... .......... .......... .......... .......... 44%  524K 47s
 24400K .......... .......... .......... .......... .......... 44%  527K 46s
 24450K .......... .......... .......... .......... .......... 44%  523K 46s
 24500K .......... .......... .......... .......... .......... 44% 55.2M 46s
 24550K .......... .......... .......... .......... .......... 44%  523K 46s
 24600K .......... .......... .......... .......... .......... 44%  523K 46s
 24650K .......... .......... .......... .......... .......... 45%  528K 46s
 24700K .......... .......... .......... .......... .......... 45%  523K 46s
 24750K .......... .......... .......... .......... .......... 45% 47.1M 46s
 24800K .......... .......... .......... .......... .......... 45%  523K 46s
 24850K .......... .......... .......... .......... .......... 45%  520K 46s
 24900K .......... .......... .......... .......... .......... 45%  529K 46s
 24950K .......... .......... .......... .......... .......... 45%  524K 46s
 25000K .......... .......... .......... .......... .......... 45% 37.1M 46s
 25050K .......... .......... .......... .......... .......... 45%  523K 45s
 25100K .......... .......... .......... .......... .......... 45%  523K 45s
 25150K .......... .......... .......... .......... .......... 45%  530K 45s
 25200K .......... .......... .......... .......... .......... 46%  523K 45s
 25250K .......... .......... .......... .......... .......... 46% 33.9M 45s
 25300K .......... .......... .......... .......... .......... 46%  523K 45s
 25350K .......... .......... .......... .......... .......... 46%  523K 45s
 25400K .......... .......... .......... .......... .......... 46%  530K 45s
 25450K .......... .......... .......... .......... .......... 46%  523K 45s
 25500K .......... .......... .......... .......... .......... 46% 33.2M 45s
 25550K .......... .......... .......... .......... .......... 46%  523K 45s
 25600K .......... .......... .......... .......... .......... 46%  524K 45s
 25650K .......... .......... .......... .......... .......... 46%  528K 45s
 25700K .......... .......... .......... .......... .......... 46%  523K 45s
 25750K .......... .......... .......... .......... .......... 47% 40.2M 44s
 25800K .......... .......... .......... .......... .......... 47%  516K 44s
 25850K .......... .......... .......... .......... .......... 47%  523K 44s
 25900K .......... .......... .......... .......... .......... 47%  529K 44s
 25950K .......... .......... .......... .......... .......... 47%  523K 44s
 26000K .......... .......... .......... .......... .......... 47% 40.4M 44s
 26050K .......... .......... .......... .......... .......... 47%  523K 44s
 26100K .......... .......... .......... .......... .......... 47%  524K 44s
 26150K .......... .......... .......... .......... .......... 47%  528K 44s
 26200K .......... .......... .......... .......... .......... 47%  523K 44s
 26250K .......... .......... .......... .......... .......... 47% 35.7M 44s
 26300K .......... .......... .......... .......... .......... 48%  524K 44s
 26350K .......... .......... .......... .......... .......... 48%  529K 43s
 26400K .......... .......... .......... .......... .......... 48%  523K 43s
 26450K .......... .......... .......... .......... .......... 48%  523K 43s
 26500K .......... .......... .......... .......... .......... 48% 31.3M 43s
 26550K .......... .......... .......... .......... .......... 48%  524K 43s
 26600K .......... .......... .......... .......... .......... 48%  530K 43s
 26650K .......... .......... .......... .......... .......... 48%  522K 43s
 26700K .......... .......... .......... .......... .......... 48%  522K 43s
 26750K .......... .......... .......... .......... .......... 48% 32.5M 43s
 26800K .......... .......... .......... .......... .......... 48%  524K 43s
 26850K .......... .......... .......... .......... .......... 49%  530K 43s
 26900K .......... .......... .......... .......... .......... 49%  523K 43s
 26950K .......... .......... .......... .......... .......... 49%  523K 43s
 27000K .......... .......... .......... .......... .......... 49% 26.6M 42s
 27050K .......... .......... .......... .......... .......... 49%  523K 42s
 27100K .......... .......... .......... .......... .......... 49%  532K 42s
 27150K .......... .......... .......... .......... .......... 49%  521K 42s
 27200K .......... .......... .......... .......... .......... 49%  523K 42s
 27250K .......... .......... .......... .......... .......... 49% 34.4M 42s
 27300K .......... .......... .......... .......... .......... 49%  523K 42s
 27350K .......... .......... .......... .......... .......... 49%  529K 42s
 27400K .......... .......... .......... .......... .......... 50%  523K 42s
 27450K .......... .......... .......... .......... .......... 50%  523K 42s
 27500K .......... .......... .......... .......... .......... 50% 37.6M 42s
 27550K .......... .......... .......... .......... .......... 50%  524K 42s
 27600K .......... .......... .......... .......... .......... 50%  528K 42s
 27650K .......... .......... .......... .......... .......... 50%  523K 42s
 27700K .......... .......... .......... .......... .......... 50%  524K 41s
 27750K .......... .......... .......... .......... .......... 50% 33.2M 41s
 27800K .......... .......... .......... .......... .......... 50%  524K 41s
 27850K .......... .......... .......... .......... .......... 50%  528K 41s
 27900K .......... .......... .......... .......... .......... 50%  524K 41s
 27950K .......... .......... .......... .......... .......... 51%  523K 41s
 28000K .......... .......... .......... .......... .......... 51% 36.6M 41s
 28050K .......... .......... .......... .......... .......... 51%  524K 41s
 28100K .......... .......... .......... .......... .......... 51%  527K 41s
 28150K .......... .......... .......... .......... .......... 51%  525K 41s
 28200K .......... .......... .......... .......... .......... 51%  523K 41s
 28250K .......... .......... .......... .......... .......... 51% 36.6M 41s
 28300K .......... .......... .......... .......... .......... 51%  525K 40s
 28350K .......... .......... .......... .......... .......... 51%  526K 40s
 28400K .......... .......... .......... .......... .......... 51%  525K 40s
 28450K .......... .......... .......... .......... .......... 51%  523K 40s
 28500K .......... .......... .......... .......... .......... 52% 39.5M 40s
 28550K .......... .......... .......... .......... .......... 52%  525K 40s
 28600K .......... .......... .......... .......... .......... 52%  525K 40s
 28650K .......... .......... .......... .......... .......... 52%  523K 40s
 28700K .......... .......... .......... .......... .......... 52%  524K 40s
 28750K .......... .......... .......... .......... .......... 52% 43.5M 40s
 28800K .......... .......... .......... .......... .......... 52%  526K 40s
 28850K .......... .......... .......... .......... .......... 52%  524K 40s
 28900K .......... .......... .......... .......... .......... 52%  523K 40s
 28950K .......... .......... .......... .......... .......... 52%  524K 40s
 29000K .......... .......... .......... .......... .......... 53% 36.9M 39s
 29050K .......... .......... .......... .......... .......... 53%  527K 39s
 29100K .......... .......... .......... .......... .......... 53%  525K 39s
 29150K .......... .......... .......... .......... .......... 53%  523K 39s
 29200K .......... .......... .......... .......... .......... 53%  517K 39s
 29250K .......... .......... .......... .......... .......... 53%  125M 39s
 29300K .......... .......... .......... .......... .......... 53%  524K 39s
 29350K .......... .......... .......... .......... .......... 53%  523K 39s
 29400K .......... .......... .......... .......... .......... 53%  523K 39s
 29450K .......... .......... .......... .......... .......... 53%  523K 39s
 29500K .......... .......... .......... .......... .......... 53%  105M 39s
 29550K .......... .......... .......... .......... .......... 54%  525K 39s
 29600K .......... .......... .......... .......... .......... 54%  523K 39s
 29650K .......... .......... .......... .......... .......... 54%  523K 38s
 29700K .......... .......... .......... .......... .......... 54%  523K 38s
 29750K .......... .......... .......... .......... .......... 54% 93.4M 38s
 29800K .......... .......... .......... .......... .......... 54%  525K 38s
 29850K .......... .......... .......... .......... .......... 54%  523K 38s
 29900K .......... .......... .......... .......... .......... 54%  523K 38s
 29950K .......... .......... .......... .......... .......... 54%  523K 38s
 30000K .......... .......... .......... .......... .......... 54%  115M 38s
 30050K .......... .......... .......... .......... .......... 54%  524K 38s
 30100K .......... .......... .......... .......... .......... 55%  523K 38s
 30150K .......... .......... .......... .......... .......... 55%  523K 38s
 30200K .......... .......... .......... .......... .......... 55%  524K 38s
 30250K .......... .......... .......... .......... .......... 55%  132M 37s
 30300K .......... .......... .......... .......... .......... 55%  524K 37s
 30350K .......... .......... .......... .......... .......... 55%  523K 37s
 30400K .......... .......... .......... .......... .......... 55%  524K 37s
 30450K .......... .......... .......... .......... .......... 55%  524K 37s
 30500K .......... .......... .......... .......... .......... 55%  120M 37s
 30550K .......... .......... .......... .......... .......... 55%  524K 37s
 30600K .......... .......... .......... .......... .......... 55%  523K 37s
 30650K .......... .......... .......... .......... .......... 56%  524K 37s
 30700K .......... .......... .......... .......... .......... 56%  523K 37s
 30750K .......... .......... .......... .......... .......... 56%  133M 37s
 30800K .......... .......... .......... .......... .......... 56%  523K 37s
 30850K .......... .......... .......... .......... .......... 56%  524K 37s
 30900K .......... .......... .......... .......... .......... 56%  523K 37s
 30950K .......... .......... .......... .......... .......... 56%  523K 36s
 31000K .......... .......... .......... .......... .......... 56%  114M 36s
 31050K .......... .......... .......... .......... .......... 56%  524K 36s
 31100K .......... .......... .......... .......... .......... 56%  524K 36s
 31150K .......... .......... .......... .......... .......... 56%  523K 36s
 31200K .......... .......... .......... .......... .......... 57%  523K 36s
 31250K .......... .......... .......... .......... .......... 57%  135M 36s
 31300K .......... .......... .......... .......... .......... 57%  524K 36s
 31350K .......... .......... .......... .......... .......... 57%  523K 36s
 31400K .......... .......... .......... .......... .......... 57%  523K 36s
 31450K .......... .......... .......... .......... .......... 57%  523K 36s
 31500K .......... .......... .......... .......... .......... 57%  213M 36s
 31550K .......... .......... .......... .......... .......... 57%  523K 36s
 31600K .......... .......... .......... .......... .......... 57%  523K 35s
 31650K .......... .......... .......... .......... .......... 57%  522K 35s
 31700K .......... .......... .......... .......... .......... 57%  523K 35s
 31750K .......... .......... .......... .......... .......... 58%  259M 35s
 31800K .......... .......... .......... .......... .......... 58%  523K 35s
 31850K .......... .......... .......... .......... .......... 58%  523K 35s
 31900K .......... .......... .......... .......... .......... 58%  523K 35s
 31950K .......... .......... .......... .......... .......... 58%  523K 35s
 32000K .......... .......... .......... .......... .......... 58%  250M 35s
 32050K .......... .......... .......... .......... .......... 58%  523K 35s
 32100K .......... .......... .......... .......... .......... 58%  523K 35s
 32150K .......... .......... .......... .......... .......... 58%  523K 35s
 32200K .......... .......... .......... .......... .......... 58%  523K 35s
 32250K .......... .......... .......... .......... .......... 58%  166M 34s
 32300K .......... .......... .......... .......... .......... 59%  524K 34s
 32350K .......... .......... .......... .......... .......... 59%  523K 34s
 32400K .......... .......... .......... .......... .......... 59%  523K 34s
 32450K .......... .......... .......... .......... .......... 59%  523K 34s
 32500K .......... .......... .......... .......... .......... 59%  122M 34s
 32550K .......... .......... .......... .......... .......... 59%  524K 34s
 32600K .......... .......... .......... .......... .......... 59%  524K 34s
 32650K .......... .......... .......... .......... .......... 59%  523K 34s
 32700K .......... .......... .......... .......... .......... 59%  524K 34s
 32750K .......... .......... .......... .......... .......... 59% 82.9M 34s
 32800K .......... .......... .......... .......... .......... 59%  525K 34s
 32850K .......... .......... .......... .......... .......... 60%  523K 34s
 32900K .......... .......... .......... .......... .......... 60%  523K 33s
 32950K .......... .......... .......... .......... .......... 60%  525K 33s
 33000K .......... .......... .......... .......... .......... 60% 63.0M 33s
 33050K .......... .......... .......... .......... .......... 60%  524K 33s
 33100K .......... .......... .......... .......... .......... 60%  523K 33s
 33150K .......... .......... .......... .......... .......... 60%  523K 33s
 33200K .......... .......... .......... .......... .......... 60%  524K 33s
 33250K .......... .......... .......... .......... .......... 60% 92.1M 33s
 33300K .......... .......... .......... .......... .......... 60%  524K 33s
 33350K .......... .......... .......... .......... .......... 60%  523K 33s
 33400K .......... .......... .......... .......... .......... 61%  525K 33s
 33450K .......... .......... .......... .......... .......... 61%  523K 33s
 33500K .......... .......... .......... .......... .......... 61% 42.6M 33s
 33550K .......... .......... .......... .......... .......... 61%  524K 32s
 33600K .......... .......... .......... .......... .......... 61%  525K 32s
 33650K .......... .......... .......... .......... .......... 61%  526K 32s
 33700K .......... .......... .......... .......... .......... 61%  523K 32s
 33750K .......... .......... .......... .......... .......... 61% 43.4M 32s
 33800K .......... .......... .......... .......... .......... 61%  524K 32s
 33850K .......... .......... .......... .......... .......... 61%  525K 32s
 33900K .......... .......... .......... .......... .......... 61%  524K 32s
 33950K .......... .......... .......... .......... .......... 62%  523K 32s
 34000K .......... .......... .......... .......... .......... 62% 67.3M 32s
 34050K .......... .......... .......... .......... .......... 62%  523K 32s
 34100K .......... .......... .......... .......... .......... 62%  526K 32s
 34150K .......... .......... .......... .......... .......... 62%  523K 32s
 34200K .......... .......... .......... .......... .......... 62%  523K 31s
 34250K .......... .......... .......... .......... .......... 62% 61.2M 31s
 34300K .......... .......... .......... .......... .......... 62%  523K 31s
 34350K .......... .......... .......... .......... .......... 62%  525K 31s
 34400K .......... .......... .......... .......... .......... 62%  523K 31s
 34450K .......... .......... .......... .......... .......... 62%  523K 31s
 34500K .......... .......... .......... .......... .......... 63%  133M 31s
 34550K .......... .......... .......... .......... .......... 63%  523K 31s
 34600K .......... .......... .......... .......... .......... 63%  523K 31s
 34650K .......... .......... .......... .......... .......... 63%  523K 31s
 34700K .......... .......... .......... .......... .......... 63%  523K 31s
 34750K .......... .......... .......... .......... .......... 63%  194M 31s
 34800K .......... .......... .......... .......... .......... 63%  523K 31s
 34850K .......... .......... .......... .......... .......... 63%  523K 30s
 34900K .......... .......... .......... .......... .......... 63%  515K 30s
 34950K .......... .......... .......... .......... .......... 63%  523K 30s
 35000K .......... .......... .......... .......... .......... 63%  284M 30s
 35050K .......... .......... .......... .......... .......... 64%  523K 30s
 35100K .......... .......... .......... .......... .......... 64%  522K 30s
 35150K .......... .......... .......... .......... .......... 64%  523K 30s
 35200K .......... .......... .......... .......... .......... 64%  523K 30s
 35250K .......... .......... .......... .......... .......... 64%  282M 30s
 35300K .......... .......... .......... .......... .......... 64%  523K 30s
 35350K .......... .......... .......... .......... .......... 64%  523K 30s
 35400K .......... .......... .......... .......... .......... 64%  523K 30s
 35450K .......... .......... .......... .......... .......... 64%  523K 30s
 35500K .......... .......... .......... .......... .......... 64%  234M 29s
 35550K .......... .......... .......... .......... .......... 64%  523K 29s
 35600K .......... .......... .......... .......... .......... 65%  522K 29s
 35650K .......... .......... .......... .......... .......... 65%  522K 29s
 35700K .......... .......... .......... .......... .......... 65%  523K 29s
 35750K .......... .......... .......... .......... .......... 65%  291M 29s
 35800K .......... .......... .......... .......... .......... 65%  522K 29s
 35850K .......... .......... .......... .......... .......... 65%  523K 29s
 35900K .......... .......... .......... .......... .......... 65%  523K 29s
 35950K .......... .......... .......... .......... .......... 65%  524K 29s
 36000K .......... .......... .......... .......... .......... 65% 83.4M 29s
 36050K .......... .......... .......... .......... .......... 65%  523K 29s
 36100K .......... .......... .......... .......... .......... 65%  523K 29s
 36150K .......... .......... .......... .......... .......... 66%  523K 28s
 36200K .......... .......... .......... .......... .......... 66%  524K 28s
 36250K .......... .......... .......... .......... .......... 66% 85.3M 28s
 36300K .......... .......... .......... .......... .......... 66%  523K 28s
 36350K .......... .......... .......... .......... .......... 66%  523K 28s
 36400K .......... .......... .......... .......... .......... 66%  525K 28s
 36450K .......... .......... .......... .......... .......... 66%  522K 28s
 36500K .......... .......... .......... .......... .......... 66% 88.1M 28s
 36550K .......... .......... .......... .......... .......... 66%  523K 28s
 36600K .......... .......... .......... .......... .......... 66%  523K 28s
 36650K .......... .......... .......... .......... .......... 66%  526K 28s
 36700K .......... .......... .......... .......... .......... 67%  522K 28s
 36750K .......... .......... .......... .......... .......... 67% 30.1M 28s
 36800K .......... .......... .......... .......... .......... 67%  524K 27s
 36850K .......... .......... .......... .......... .......... 67%  524K 27s
 36900K .......... .......... .......... .......... .......... 67%  529K 27s
 36950K .......... .......... .......... .......... .......... 67%  523K 27s
 37000K .......... .......... .......... .......... .......... 67% 29.0M 27s
 37050K .......... .......... .......... .......... .......... 67%  525K 27s
 37100K .......... .......... .......... .......... .......... 67%  523K 27s
 37150K .......... .......... .......... .......... .......... 67%  529K 27s
 37200K .......... .......... .......... .......... .......... 67% 30.9M 27s
 37250K .......... .......... .......... .......... .......... 68%  524K 27s
 37300K .......... .......... .......... .......... .......... 68%  525K 27s
 37350K .......... .......... .......... .......... .......... 68%  523K 27s
 37400K .......... .......... .......... .......... .......... 68%  529K 27s
 37450K .......... .......... .......... .......... .......... 68% 29.7M 26s
 37500K .......... .......... .......... .......... .......... 68%  524K 26s
 37550K .......... .......... .......... .......... .......... 68%  524K 26s
 37600K .......... .......... .......... .......... .......... 68%  523K 26s
 37650K .......... .......... .......... .......... .......... 68%  526K 26s
 37700K .......... .......... .......... .......... .......... 68% 44.6M 26s
 37750K .......... .......... .......... .......... .......... 68%  524K 26s
 37800K .......... .......... .......... .......... .......... 69%  525K 26s
 37850K .......... .......... .......... .......... .......... 69%  523K 26s
 37900K .......... .......... .......... .......... .......... 69%  526K 26s
 37950K .......... .......... .......... .......... .......... 69% 20.1M 26s
 38000K .......... .......... .......... .......... .......... 69%  523K 26s
 38050K .......... .......... .......... .......... .......... 69%  533K 26s
 38100K .......... .......... .......... .......... .......... 69%  523K 26s
 38150K .......... .......... .......... .......... .......... 69%  526K 25s
 38200K .......... .......... .......... .......... .......... 69% 19.5M 25s
 38250K .......... .......... .......... .......... .......... 69%  524K 25s
 38300K .......... .......... .......... .......... .......... 69%  533K 25s
 38350K .......... .......... .......... .......... .......... 70%  524K 25s
 38400K .......... .......... .......... .......... .......... 70%  525K 25s
 38450K .......... .......... .......... .......... .......... 70% 21.2M 25s
 38500K .......... .......... .......... .......... .......... 70%  524K 25s
 38550K .......... .......... .......... .......... .......... 70%  532K 25s
 38600K .......... .......... .......... .......... .......... 70%  524K 25s
 38650K .......... .......... .......... .......... .......... 70%  524K 25s
 38700K .......... .......... .......... .......... .......... 70% 21.3M 25s
 38750K .......... .......... .......... .......... .......... 70%  525K 24s
 38800K .......... .......... .......... .......... .......... 70%  532K 24s
 38850K .......... .......... .......... .......... .......... 70%  524K 24s
 38900K .......... .......... .......... .......... .......... 71%  524K 24s
 38950K .......... .......... .......... .......... .......... 71% 20.5M 24s
 39000K .......... .......... .......... .......... .......... 71%  525K 24s
 39050K .......... .......... .......... .......... .......... 71%  531K 24s
 39100K .......... .......... .......... .......... .......... 71%  525K 24s
 39150K .......... .......... .......... .......... .......... 71%  523K 24s
 39200K .......... .......... .......... .......... .......... 71% 21.6M 24s
 39250K .......... .......... .......... .......... .......... 71%  525K 24s
 39300K .......... .......... .......... .......... .......... 71%  531K 24s
 39350K .......... .......... .......... .......... .......... 71%  525K 24s
 39400K .......... .......... .......... .......... .......... 71%  522K 24s
 39450K .......... .......... .......... .......... .......... 72% 19.0M 23s
 39500K .......... .......... .......... .......... .......... 72%  526K 23s
 39550K .......... .......... .......... .......... .......... 72%  533K 23s
 39600K .......... .......... .......... .......... .......... 72%  523K 23s
 39650K .......... .......... .......... .......... .......... 72%  523K 23s
 39700K .......... .......... .......... .......... .......... 72% 19.8M 23s
 39750K .......... .......... .......... .......... .......... 72%  527K 23s
 39800K .......... .......... .......... .......... .......... 72%  532K 23s
 39850K .......... .......... .......... .......... .......... 72%  523K 23s
 39900K .......... .......... .......... .......... .......... 72%  524K 23s
 39950K .......... .......... .......... .......... .......... 72% 21.5M 23s
 40000K .......... .......... .......... .......... .......... 73%  523K 23s
 40050K .......... .......... .......... .......... .......... 73%  534K 23s
 40100K .......... .......... .......... .......... .......... 73%  523K 22s
 40150K .......... .......... .......... .......... .......... 73%  522K 22s
 40200K .......... .......... .......... .......... .......... 73% 15.3M 22s
 40250K .......... .......... .......... .......... .......... 73%  529K 22s
 40300K .......... .......... .......... .......... .......... 73%  534K 22s
 40350K .......... .......... .......... .......... .......... 73%  523K 22s
 40400K .......... .......... .......... .......... .......... 73%  523K 22s
 40450K .......... .......... .......... .......... .......... 73% 16.0M 22s
 40500K .......... .......... .......... .......... .......... 73%  529K 22s
 40550K .......... .......... .......... .......... .......... 74%  532K 22s
 40600K .......... .......... .......... .......... .......... 74%  523K 22s
 40650K .......... .......... .......... .......... .......... 74%  523K 22s
 40700K .......... .......... .......... .......... .......... 74% 16.7M 22s
 40750K .......... .......... .......... .......... .......... 74%  529K 21s
 40800K .......... .......... .......... .......... .......... 74%  532K 21s
 40850K .......... .......... .......... .......... .......... 74%  523K 21s
 40900K .......... .......... .......... .......... .......... 74%  523K 21s
 40950K .......... .......... .......... .......... .......... 74% 17.6M 21s
 41000K .......... .......... .......... .......... .......... 74%  530K 21s
 41050K .......... .......... .......... .......... .......... 74%  531K 21s
 41100K .......... .......... .......... .......... .......... 75%  523K 21s
 41150K .......... .......... .......... .......... .......... 75%  522K 21s
 41200K .......... .......... .......... .......... .......... 75% 19.7M 21s
 41250K .......... .......... .......... .......... .......... 75%  529K 21s
 41300K .......... .......... .......... .......... .......... 75%  528K 21s
 41350K .......... .......... .......... .......... .......... 75%  522K 21s
 41400K .......... .......... .......... .......... .......... 75%  523K 20s
 41450K .......... .......... .......... .......... .......... 75% 26.2M 20s
 41500K .......... .......... .......... .......... .......... 75%  528K 20s
 41550K .......... .......... .......... .......... .......... 75%  528K 20s
 41600K .......... .......... .......... .......... .......... 75%  523K 20s
 41650K .......... .......... .......... .......... .......... 76%  523K 20s
 41700K .......... .......... .......... .......... .......... 76% 20.8M 20s
 41750K .......... .......... .......... .......... .......... 76%  523K 20s
 41800K .......... .......... .......... .......... .......... 76%  535K 20s
 41850K .......... .......... .......... .......... .......... 76%  523K 20s
 41900K .......... .......... .......... .......... .......... 76%  524K 20s
 41950K .......... .......... .......... .......... .......... 76% 20.0M 20s
 42000K .......... .......... .......... .......... .......... 76%  523K 20s
 42050K .......... .......... .......... .......... .......... 76%  535K 19s
 42100K .......... .......... .......... .......... .......... 76%  524K 19s
 42150K .......... .......... .......... .......... .......... 76%  524K 19s
 42200K .......... .......... .......... .......... .......... 77% 21.1M 19s
 42250K .......... .......... .......... .......... .......... 77%  523K 19s
 42300K .......... .......... .......... .......... .......... 77%  534K 19s
 42350K .......... .......... .......... .......... .......... 77%  521K 19s
 42400K .......... .......... .......... .......... .......... 77%  525K 19s
 42450K .......... .......... .......... .......... .......... 77% 22.4M 19s
 42500K .......... .......... .......... .......... .......... 77%  523K 19s
 42550K .......... .......... .......... .......... .......... 77%  531K 19s
 42600K .......... .......... .......... .......... .......... 77%  524K 19s
 42650K .......... .......... .......... .......... .......... 77%  524K 19s
 42700K .......... .......... .......... .......... .......... 77% 21.9M 18s
 42750K .......... .......... .......... .......... .......... 78%  523K 18s
 42800K .......... .......... .......... .......... .......... 78%  531K 18s
 42850K .......... .......... .......... .......... .......... 78%  523K 18s
 42900K .......... .......... .......... .......... .......... 78%  527K 18s
 42950K .......... .......... .......... .......... .......... 78% 21.2M 18s
 43000K .......... .......... .......... .......... .......... 78%  523K 18s
 43050K .......... .......... .......... .......... .......... 78%  531K 18s
 43100K .......... .......... .......... .......... .......... 78%  523K 18s
 43150K .......... .......... .......... .......... .......... 78%  526K 18s
 43200K .......... .......... .......... .......... .......... 78% 21.9M 18s
 43250K .......... .......... .......... .......... .......... 79%  524K 18s
 43300K .......... .......... .......... .......... .......... 79%  531K 18s
 43350K .......... .......... .......... .......... .......... 79%  524K 17s
 43400K .......... .......... .......... .......... .......... 79%  524K 17s
 43450K .......... .......... .......... .......... .......... 79% 23.8M 17s
 43500K .......... .......... .......... .......... .......... 79%  524K 17s
 43550K .......... .......... .......... .......... .......... 79%  531K 17s
 43600K .......... .......... .......... .......... .......... 79%  524K 17s
 43650K .......... .......... .......... .......... .......... 79%  523K 17s
 43700K .......... .......... .......... .......... .......... 79% 26.2M 17s
 43750K .......... .......... .......... .......... .......... 79%  523K 17s
 43800K .......... .......... .......... .......... .......... 80%  531K 17s
 43850K .......... .......... .......... .......... .......... 80%  524K 17s
 43900K .......... .......... .......... .......... .......... 80%  523K 17s
 43950K .......... .......... .......... .......... .......... 80% 24.1M 17s
 44000K .......... .......... .......... .......... .......... 80%  523K 16s
 44050K .......... .......... .......... .......... .......... 80%  533K 16s
 44100K .......... .......... .......... .......... .......... 80%  522K 16s
 44150K .......... .......... .......... .......... .......... 80%  523K 16s
 44200K .......... .......... .......... .......... .......... 80% 26.4M 16s
 44250K .......... .......... .......... .......... .......... 80%  523K 16s
 44300K .......... .......... .......... .......... .......... 80%  532K 16s
 44350K .......... .......... .......... .......... .......... 81%  523K 16s
 44400K .......... .......... .......... .......... .......... 81%  524K 16s
 44450K .......... .......... .......... .......... .......... 81% 24.8M 16s
 44500K .......... .......... .......... .......... .......... 81%  523K 16s
 44550K .......... .......... .......... .......... .......... 81%  533K 16s
 44600K .......... .......... .......... .......... .......... 81%  523K 16s
 44650K .......... .......... .......... .......... .......... 81%  524K 15s
 44700K .......... .......... .......... .......... .......... 81% 23.2M 15s
 44750K .......... .......... .......... .......... .......... 81%  523K 15s
 44800K .......... .......... .......... .......... .......... 81%  533K 15s
 44850K .......... .......... .......... .......... .......... 81%  524K 15s
 44900K .......... .......... .......... .......... .......... 82% 24.1M 15s
 44950K .......... .......... .......... .......... .......... 82%  523K 15s
 45000K .......... .......... .......... .......... .......... 82%  523K 15s
 45050K .......... .......... .......... .......... .......... 82%  532K 15s
 45100K .......... .......... .......... .......... .......... 82%  523K 15s
 45150K .......... .......... .......... .......... .......... 82% 27.9M 15s
 45200K .......... .......... .......... .......... .......... 82%  523K 15s
 45250K .......... .......... .......... .......... .......... 82%  524K 15s
 45300K .......... .......... .......... .......... .......... 82%  531K 14s
 45350K .......... .......... .......... .......... .......... 82%  523K 14s
 45400K .......... .......... .......... .......... .......... 82% 29.9M 14s
 45450K .......... .......... .......... .......... .......... 83%  523K 14s
 45500K .......... .......... .......... .......... .......... 83%  522K 14s
 45550K .......... .......... .......... .......... .......... 83%  525K 14s
 45600K .......... .......... .......... .......... .......... 83%  523K 14s
 45650K .......... .......... .......... .......... .......... 83%  102M 14s
 45700K .......... .......... .......... .......... .......... 83%  523K 14s
 45750K .......... .......... .......... .......... .......... 83%  523K 14s
 45800K .......... .......... .......... .......... .......... 83%  525K 14s
 45850K .......... .......... .......... .......... .......... 83%  522K 14s
 45900K .......... .......... .......... .......... .......... 83%  126M 14s
 45950K .......... .......... .......... .......... .......... 83%  523K 13s
 46000K .......... .......... .......... .......... .......... 84%  523K 13s
 46050K .......... .......... .......... .......... .......... 84%  524K 13s
 46100K .......... .......... .......... .......... .......... 84%  523K 13s
 46150K .......... .......... .......... .......... .......... 84%  104M 13s
 46200K .......... .......... .......... .......... .......... 84%  523K 13s
 46250K .......... .......... .......... .......... .......... 84%  524K 13s
 46300K .......... .......... .......... .......... .......... 84%  524K 13s
 46350K .......... .......... .......... .......... .......... 84%  524K 13s
 46400K .......... .......... .......... .......... .......... 84% 88.5M 13s
 46450K .......... .......... .......... .......... .......... 84%  523K 13s
 46500K .......... .......... .......... .......... .......... 84%  524K 13s
 46550K .......... .......... .......... .......... .......... 85%  523K 13s
 46600K .......... .......... .......... .......... .......... 85%  523K 12s
 46650K .......... .......... .......... .......... .......... 85%  233M 12s
 46700K .......... .......... .......... .......... .......... 85%  523K 12s
 46750K .......... .......... .......... .......... .......... 85%  523K 12s
 46800K .......... .......... .......... .......... .......... 85%  523K 12s
 46850K .......... .......... .......... .......... .......... 85%  523K 12s
 46900K .......... .......... .......... .......... .......... 85%  280M 12s
 46950K .......... .......... .......... .......... .......... 85%  523K 12s
 47000K .......... .......... .......... .......... .......... 85%  523K 12s
 47050K .......... .......... .......... .......... .......... 85%  523K 12s
 47100K .......... .......... .......... .......... .......... 86%  523K 12s
 47150K .......... .......... .......... .......... .......... 86%  313M 12s
 47200K .......... .......... .......... .......... .......... 86%  523K 12s
 47250K .......... .......... .......... .......... .......... 86%  523K 11s
 47300K .......... .......... .......... .......... .......... 86%  522K 11s
 47350K .......... .......... .......... .......... .......... 86%  523K 11s
 47400K .......... .......... .......... .......... .......... 86%  194M 11s
 47450K .......... .......... .......... .......... .......... 86%  523K 11s
 47500K .......... .......... .......... .......... .......... 86%  523K 11s
 47550K .......... .......... .......... .......... .......... 86%  523K 11s
 47600K .......... .......... .......... .......... .......... 86%  524K 11s
 47650K .......... .......... .......... .......... .......... 87%  153M 11s
 47700K .......... .......... .......... .......... .......... 87%  523K 11s
 47750K .......... .......... .......... .......... .......... 87%  523K 11s
 47800K .......... .......... .......... .......... .......... 87%  523K 11s
 47850K .......... .......... .......... .......... .......... 87%  523K 11s
 47900K .......... .......... .......... .......... .......... 87%  123M 10s
 47950K .......... .......... .......... .......... .......... 87%  516K 10s
 48000K .......... .......... .......... .......... .......... 87%  523K 10s
 48050K .......... .......... .......... .......... .......... 87%  523K 10s
 48100K .......... .......... .......... .......... .......... 87%  531K 10s
 48150K .......... .......... .......... .......... .......... 87% 24.4M 10s
 48200K .......... .......... .......... .......... .......... 88%  523K 10s
 48250K .......... .......... .......... .......... .......... 88%  525K 10s
 48300K .......... .......... .......... .......... .......... 88%  523K 10s
 48350K .......... .......... .......... .......... .......... 88%  532K 10s
 48400K .......... .......... .......... .......... .......... 88% 23.8M 10s
 48450K .......... .......... .......... .......... .......... 88%  523K 10s
 48500K .......... .......... .......... .......... .......... 88%  525K 10s
 48550K .......... .......... .......... .......... .......... 88%  524K 10s
 48600K .......... .......... .......... .......... .......... 88%  530K 9s
 48650K .......... .......... .......... .......... .......... 88% 14.7M 9s
 48700K .......... .......... .......... .......... .......... 88%  523K 9s
 48750K .......... .......... .......... .......... .......... 89%  533K 9s
 48800K .......... .......... .......... .......... .......... 89%  520K 9s
 48850K .......... .......... .......... .......... .......... 89%  534K 9s
 48900K .......... .......... .......... .......... .......... 89% 13.0M 9s
 48950K .......... .......... .......... .......... .......... 89%  523K 9s
 49000K .......... .......... .......... .......... .......... 89%  531K 9s
 49050K .......... .......... .......... .......... .......... 89%  524K 9s
 49100K .......... .......... .......... .......... .......... 89%  534K 9s
 49150K .......... .......... .......... .......... .......... 89% 13.9M 9s
 49200K .......... .......... .......... .......... .......... 89%  523K 9s
 49250K .......... .......... .......... .......... .......... 89%  531K 8s
 49300K .......... .......... .......... .......... .......... 90%  524K 8s
 49350K .......... .......... .......... .......... .......... 90%  534K 8s
 49400K .......... .......... .......... .......... .......... 90% 13.9M 8s
 49450K .......... .......... .......... .......... .......... 90%  524K 8s
 49500K .......... .......... .......... .......... .......... 90%  530K 8s
 49550K .......... .......... .......... .......... .......... 90%  523K 8s
 49600K .......... .......... .......... .......... .......... 90%  533K 8s
 49650K .......... .......... .......... .......... .......... 90% 14.1M 8s
 49700K .......... .......... .......... .......... .......... 90%  524K 8s
 49750K .......... .......... .......... .......... .......... 90%  530K 8s
 49800K .......... .......... .......... .......... .......... 90%  524K 8s
 49850K .......... .......... .......... .......... .......... 91%  534K 8s
 49900K .......... .......... .......... .......... .......... 91% 14.5M 7s
 49950K .......... .......... .......... .......... .......... 91%  524K 7s
 50000K .......... .......... .......... .......... .......... 91%  530K 7s
 50050K .......... .......... .......... .......... .......... 91%  523K 7s
 50100K .......... .......... .......... .......... .......... 91%  533K 7s
 50150K .......... .......... .......... .......... .......... 91% 10.5M 7s
 50200K .......... .......... .......... .......... .......... 91%  523K 7s
 50250K .......... .......... .......... .......... .......... 91%  537K 7s
 50300K .......... .......... .......... .......... .......... 91%  523K 7s
 50350K .......... .......... .......... .......... .......... 91%  533K 7s
 50400K .......... .......... .......... .......... .......... 92% 10.7M 7s
 50450K .......... .......... .......... .......... .......... 92%  523K 7s
 50500K .......... .......... .......... .......... .......... 92%  537K 7s
 50550K .......... .......... .......... .......... .......... 92%  523K 6s
 50600K .......... .......... .......... .......... .......... 92%  534K 6s
 50650K .......... .......... .......... .......... .......... 92% 10.4M 6s
 50700K .......... .......... .......... .......... .......... 92%  523K 6s
 50750K .......... .......... .......... .......... .......... 92%  537K 6s
 50800K .......... .......... .......... .......... .......... 92%  523K 6s
 50850K .......... .......... .......... .......... .......... 92%  534K 6s
 50900K .......... .......... .......... .......... .......... 92% 10.5M 6s
 50950K .......... .......... .......... .......... .......... 93%  523K 6s
 51000K .......... .......... .......... .......... .......... 93%  536K 6s
 51050K .......... .......... .......... .......... .......... 93%  522K 6s
 51100K .......... .......... .......... .......... .......... 93%  534K 6s
 51150K .......... .......... .......... .......... .......... 93% 11.0M 6s
 51200K .......... .......... .......... .......... .......... 93%  523K 5s
 51250K .......... .......... .......... .......... .......... 93%  535K 5s
 51300K .......... .......... .......... .......... .......... 93%  534K 5s
 51350K .......... .......... .......... .......... .......... 93%  523K 5s
 51400K .......... .......... .......... .......... .......... 93% 11.8M 5s
 51450K .......... .......... .......... .......... .......... 93%  534K 5s
 51500K .......... .......... .......... .......... .......... 94%  523K 5s
 51550K .......... .......... .......... .......... .......... 94%  533K 5s
 51600K .......... .......... .......... .......... .......... 94%  523K 5s
 51650K .......... .......... .......... .......... .......... 94% 12.9M 5s
 51700K .......... .......... .......... .......... .......... 94%  533K 5s
 51750K .......... .......... .......... .......... .......... 94%  524K 5s
 51800K .......... .......... .......... .......... .......... 94%  528K 5s
 51850K .......... .......... .......... .......... .......... 94%  523K 4s
 51900K .......... .......... .......... .......... .......... 94% 17.1M 4s
 51950K .......... .......... .......... .......... .......... 94%  533K 4s
 52000K .......... .......... .......... .......... .......... 94%  523K 4s
 52050K .......... .......... .......... .......... .......... 95%  529K 4s
 52100K .......... .......... .......... .......... .......... 95%  523K 4s
 52150K .......... .......... .......... .......... .......... 95% 17.3M 4s
 52200K .......... .......... .......... .......... .......... 95%  532K 4s
 52250K .......... .......... .......... .......... .......... 95%  523K 4s
 52300K .......... .......... .......... .......... .......... 95%  528K 4s
 52350K .......... .......... .......... .......... .......... 95%  523K 4s
 52400K .......... .......... .......... .......... .......... 95% 18.1M 4s
 52450K .......... .......... .......... .......... .......... 95%  532K 4s
 52500K .......... .......... .......... .......... .......... 95%  524K 3s
 52550K .......... .......... .......... .......... .......... 95%  528K 3s
 52600K .......... .......... .......... .......... .......... 96%  523K 3s
 52650K .......... .......... .......... .......... .......... 96% 18.6M 3s
 52700K .......... .......... .......... .......... .......... 96%  531K 3s
 52750K .......... .......... .......... .......... .......... 96%  523K 3s
 52800K .......... .......... .......... .......... .......... 96%  528K 3s
 52850K .......... .......... .......... .......... .......... 96%  523K 3s
 52900K .......... .......... .......... .......... .......... 96% 20.4M 3s
 52950K .......... .......... .......... .......... .......... 96%  531K 3s
 53000K .......... .......... .......... .......... .......... 96%  523K 3s
 53050K .......... .......... .......... .......... .......... 96%  527K 3s
 53100K .......... .......... .......... .......... .......... 96%  523K 3s
 53150K .......... .......... .......... .......... .......... 97% 21.1M 2s
 53200K .......... .......... .......... .......... .......... 97%  531K 2s
 53250K .......... .......... .......... .......... .......... 97%  523K 2s
 53300K .......... .......... .......... .......... .......... 97%  525K 2s
 53350K .......... .......... .......... .......... .......... 97%  522K 2s
 53400K .......... .......... .......... .......... .......... 97% 26.7M 2s
 53450K .......... .......... .......... .......... .......... 97%  530K 2s
 53500K .......... .......... .......... .......... .......... 97%  524K 2s
 53550K .......... .......... .......... .......... .......... 97%  525K 2s
 53600K .......... .......... .......... .......... .......... 97%  522K 2s
 53650K .......... .......... .......... .......... .......... 97% 33.6M 2s
 53700K .......... .......... .......... .......... .......... 98%  528K 2s
 53750K .......... .......... .......... .......... .......... 98%  524K 2s
 53800K .......... .......... .......... .......... .......... 98%  523K 1s
 53850K .......... .......... .......... .......... .......... 98%  523K 1s
 53900K .......... .......... .......... .......... .......... 98% 42.6M 1s
 53950K .......... .......... .......... .......... .......... 98%  527K 1s
 54000K .......... .......... .......... .......... .......... 98%  524K 1s
 54050K .......... .......... .......... .......... .......... 98%  523K 1s
 54100K .......... .......... .......... .......... .......... 98%  523K 1s
 54150K .......... .......... .......... .......... .......... 98% 47.2M 1s
 54200K .......... .......... .......... .......... .......... 98%  527K 1s
 54250K .......... .......... .......... .......... .......... 99%  523K 1s
 54300K .......... .......... .......... .......... .......... 99%  523K 1s
 54350K .......... .......... .......... .......... .......... 99%  523K 1s
 54400K .......... .......... .......... .......... .......... 99% 44.3M 1s
 54450K .......... .......... .......... .......... .......... 99%  528K 0s
 54500K .......... .......... .......... .......... .......... 99%  523K 0s
 54550K .......... .......... .......... .......... .......... 99%  523K 0s
 54600K .......... .......... .......... .......... .......... 99%  523K 0s
 54650K .......... .......... .......... .......... .......... 99% 43.9M 0s
 54700K .......... .......... .......... .......... .......... 99%  528K 0s
 54750K .......... .......... .......... .......... .......... 99%  523K 0s
 54800K .........                                             100%  276M=84s

2024-01-31 10:03:19 (654 KB/s) - ‘data/raw/anno/gencode.vM34.transcripts.fa.gz’ saved [56125215/56125215]

[Wed Jan 31 10:03:19 2024]
Finished job 0.
1 of 1 steps (100%) done
