Building DAG of jobs...
Using shell: /usr/bin/bash
Provided cores: 12
Rules claiming more threads will be scaled down.
Job counts:
	count	jobs
	1	fastqc
	1

[Wed Jan 31 09:59:11 2024]
rule fastqc:
    input: data/raw/fastq/B6_M_CM_RNA_3/B6_M_CM_RNA_3_S10_L002_R1_001.fastq.gz
    output: data/raw/fastq/B6_M_CM_RNA_3/B6_M_CM_RNA_3_S10_L002_R1_001_fastqc.zip, data/raw/fastq/B6_M_CM_RNA_3/B6_M_CM_RNA_3_S10_L002_R1_001_fastqc.html
    jobid: 0
    wildcards: sample_path=data/raw/fastq/B6_M_CM_RNA_3/B6_M_CM_RNA_3_S10_L002_R1_001

application/gzip
Started analysis of B6_M_CM_RNA_3_S10_L002_R1_001.fastq.gz
Approx 5% complete for B6_M_CM_RNA_3_S10_L002_R1_001.fastq.gz
Approx 10% complete for B6_M_CM_RNA_3_S10_L002_R1_001.fastq.gz
Approx 15% complete for B6_M_CM_RNA_3_S10_L002_R1_001.fastq.gz
Approx 20% complete for B6_M_CM_RNA_3_S10_L002_R1_001.fastq.gz
Approx 25% complete for B6_M_CM_RNA_3_S10_L002_R1_001.fastq.gz
Approx 30% complete for B6_M_CM_RNA_3_S10_L002_R1_001.fastq.gz
Approx 35% complete for B6_M_CM_RNA_3_S10_L002_R1_001.fastq.gz
Approx 40% complete for B6_M_CM_RNA_3_S10_L002_R1_001.fastq.gz
Approx 45% complete for B6_M_CM_RNA_3_S10_L002_R1_001.fastq.gz
Approx 50% complete for B6_M_CM_RNA_3_S10_L002_R1_001.fastq.gz
Approx 55% complete for B6_M_CM_RNA_3_S10_L002_R1_001.fastq.gz
Approx 60% complete for B6_M_CM_RNA_3_S10_L002_R1_001.fastq.gz
Approx 65% complete for B6_M_CM_RNA_3_S10_L002_R1_001.fastq.gz
Approx 70% complete for B6_M_CM_RNA_3_S10_L002_R1_001.fastq.gz
Approx 75% complete for B6_M_CM_RNA_3_S10_L002_R1_001.fastq.gz
Approx 80% complete for B6_M_CM_RNA_3_S10_L002_R1_001.fastq.gz
Approx 85% complete for B6_M_CM_RNA_3_S10_L002_R1_001.fastq.gz
Approx 90% complete for B6_M_CM_RNA_3_S10_L002_R1_001.fastq.gz
Approx 95% complete for B6_M_CM_RNA_3_S10_L002_R1_001.fastq.gz
Analysis complete for B6_M_CM_RNA_3_S10_L002_R1_001.fastq.gz
[Wed Jan 31 10:01:33 2024]
Finished job 0.
1 of 1 steps (100%) done
