Building DAG of jobs...
Using shell: /usr/bin/bash
Provided cores: 12
Rules claiming more threads will be scaled down.
Job counts:
	count	jobs
	1	load_gtf
	1

[Wed Feb  7 15:56:20 2024]
rule load_gtf:
    output: data/raw/anno/gencode.vM34.annotation.gtf.gz
    jobid: 0

--2024-02-07 15:56:20--  https://ftp.ebi.ac.uk/pub/databases/gencode/Gencode_mouse/release_M34/gencode.vM34.annotation.gtf.gz
Resolving ftp.ebi.ac.uk (ftp.ebi.ac.uk)... 193.62.193.165
Connecting to ftp.ebi.ac.uk (ftp.ebi.ac.uk)|193.62.193.165|:443... connected.
HTTP request sent, awaiting response... 200 OK
Length: 29139870 (28M) [application/x-gzip]
Saving to: ‘data/raw/anno/gencode.vM34.annotation.gtf.gz’

     0K .......... .......... .......... .......... ..........  0%  255K 1m51s
    50K .......... .......... .......... .......... ..........  0%  539K 82s
   100K .......... .......... .......... .......... ..........  0% 12.4M 55s
   150K .......... .......... .......... .......... ..........  0%  521K 55s
   200K .......... .......... .......... .......... ..........  0%  526K 55s
   250K .......... .......... .......... .......... ..........  1%  514K 55s
   300K .......... .......... .......... .......... ..........  1%  531K 54s
   350K .......... .......... .......... .......... ..........  1% 9.72M 48s
   400K .......... .......... .......... .......... ..........  1%  512K 48s
   450K .......... .......... .......... .......... ..........  1%  519K 49s
   500K .......... .......... .......... .......... ..........  1%  520K 49s
   550K .......... .......... .......... .......... ..........  2%  526K 49s
   600K .......... .......... .......... .......... ..........  2% 7.56M 46s
   650K .......... .......... .......... .......... ..........  2%  522K 46s
   700K .......... .......... .......... .......... ..........  2%  520K 47s
   750K .......... .......... .......... .......... ..........  2%  518K 47s
   800K .......... .......... .......... .......... ..........  2%  532K 47s
   850K .......... .......... .......... .......... ..........  3% 10.0M 45s
   900K .......... .......... .......... .......... ..........  3%  521K 45s
   950K .......... .......... .......... .......... ..........  3%  516K 45s
  1000K .......... .......... .......... .......... ..........  3%  516K 46s
  1050K .......... .......... .......... .......... ..........  3%  544K 46s
  1100K .......... .......... .......... .......... ..........  4% 5.72M 44s
  1150K .......... .......... .......... .......... ..........  4%  521K 44s
  1200K .......... .......... .......... .......... ..........  4%  518K 44s
  1250K .......... .......... .......... .......... ..........  4%  539K 45s
  1300K .......... .......... .......... .......... ..........  4%  552K 45s
  1350K .......... .......... .......... .......... ..........  4% 4.30M 43s
  1400K .......... .......... .......... .......... ..........  5%  520K 43s
  1450K .......... .......... .......... .......... ..........  5%  518K 44s
  1500K .......... .......... .......... .......... ..........  5%  551K 44s
  1550K .......... .......... .......... .......... ..........  5%  544K 44s
  1600K .......... .......... .......... .......... ..........  5% 4.02M 43s
  1650K .......... .......... .......... .......... ..........  5%  522K 43s
  1700K .......... .......... .......... .......... ..........  6%  523K 43s
  1750K .......... .......... .......... .......... ..........  6%  542K 43s
  1800K .......... .......... .......... .......... ..........  6%  530K 43s
  1850K .......... .......... .......... .......... ..........  6% 6.51M 42s
  1900K .......... .......... .......... .......... ..........  6%  512K 42s
  1950K .......... .......... .......... .......... ..........  7%  522K 42s
  2000K .......... .......... .......... .......... ..........  7%  540K 42s
  2050K .......... .......... .......... .......... ..........  7%  527K 43s
  2100K .......... .......... .......... .......... ..........  7% 6.83M 42s
  2150K .......... .......... .......... .......... ..........  7%  528K 42s
  2200K .......... .......... .......... .......... ..........  7%  524K 42s
  2250K .......... .......... .......... .......... ..........  8%  532K 42s
  2300K .......... .......... .......... .......... ..........  8%  520K 42s
  2350K .......... .......... .......... .......... ..........  8% 9.06M 41s
  2400K .......... .......... .......... .......... ..........  8%  521K 41s
  2450K .......... .......... .......... .......... ..........  8%  526K 41s
  2500K .......... .......... .......... .......... ..........  8%  532K 41s
  2550K .......... .......... .......... .......... ..........  9%  516K 41s
  2600K .......... .......... .......... .......... ..........  9% 7.82M 41s
  2650K .......... .......... .......... .......... ..........  9%  522K 41s
  2700K .......... .......... .......... .......... ..........  9%  512K 41s
  2750K .......... .......... .......... .......... ..........  9%  529K 41s
  2800K .......... .......... .......... .......... .......... 10%  524K 41s
  2850K .......... .......... .......... .......... .......... 10% 9.88M 40s
  2900K .......... .......... .......... .......... .......... 10%  519K 40s
  2950K .......... .......... .......... .......... .......... 10%  535K 40s
  3000K .......... .......... .......... .......... .......... 10%  526K 40s
  3050K .......... .......... .......... .......... .......... 10%  535K 40s
  3100K .......... .......... .......... .......... .......... 11% 6.95M 40s
  3150K .......... .......... .......... .......... .......... 11%  531K 40s
  3200K .......... .......... .......... .......... .......... 11%  522K 40s
  3250K .......... .......... .......... .......... .......... 11%  517K 40s
  3300K .......... .......... .......... .......... .......... 11%  519K 40s
  3350K .......... .......... .......... .......... .......... 11% 8.33M 39s
  3400K .......... .......... .......... .......... .......... 12%  527K 39s
  3450K .......... .......... .......... .......... .......... 12%  516K 39s
  3500K .......... .......... .......... .......... .......... 12%  521K 39s
  3550K .......... .......... .......... .......... .......... 12%  548K 39s
  3600K .......... .......... .......... .......... .......... 12% 6.35M 39s
  3650K .......... .......... .......... .......... .......... 13%  539K 39s
  3700K .......... .......... .......... .......... .......... 13%  516K 39s
  3750K .......... .......... .......... .......... .......... 13%  522K 39s
  3800K .......... .......... .......... .......... .......... 13%  534K 39s
  3850K .......... .......... .......... .......... .......... 13% 6.93M 38s
  3900K .......... .......... .......... .......... .......... 13%  526K 38s
  3950K .......... .......... .......... .......... .......... 14%  523K 39s
  4000K .......... .......... .......... .......... .......... 14%  526K 39s
  4050K .......... .......... .......... .......... .......... 14%  536K 39s
  4100K .......... .......... .......... .......... .......... 14% 8.50M 38s
  4150K .......... .......... .......... .......... .......... 14%  525K 38s
  4200K .......... .......... .......... .......... .......... 14%  513K 38s
  4250K .......... .......... .......... .......... .......... 15%  518K 38s
  4300K .......... .......... .......... .......... .......... 15%  522K 38s
  4350K .......... .......... .......... .......... .......... 15% 9.80M 38s
  4400K .......... .......... .......... .......... .......... 15%  521K 38s
  4450K .......... .......... .......... .......... .......... 15%  514K 38s
  4500K .......... .......... .......... .......... .......... 15%  523K 38s
  4550K .......... .......... .......... .......... .......... 16%  530K 38s
  4600K .......... .......... .......... .......... .......... 16% 9.82M 37s
  4650K .......... .......... .......... .......... .......... 16%  528K 37s
  4700K .......... .......... .......... .......... .......... 16%  526K 37s
  4750K .......... .......... .......... .......... .......... 16%  533K 37s
  4800K .......... .......... .......... .......... .......... 17%  528K 37s
  4850K .......... .......... .......... .......... .......... 17% 9.91M 37s
  4900K .......... .......... .......... .......... .......... 17%  520K 37s
  4950K .......... .......... .......... .......... .......... 17%  523K 37s
  5000K .......... .......... .......... .......... .......... 17%  527K 37s
  5050K .......... .......... .......... .......... .......... 17%  524K 37s
  5100K .......... .......... .......... .......... .......... 18% 21.8M 36s
  5150K .......... .......... .......... .......... .......... 18%  525K 36s
  5200K .......... .......... .......... .......... .......... 18%  263K 37s
  5250K .......... .......... .......... .......... .......... 18%  519K 37s
  5300K .......... .......... .......... .......... .......... 18% 89.2M 36s
  5350K .......... .......... .......... .......... .......... 18%  521K 36s
  5400K .......... .......... .......... .......... .......... 19%  524K 36s
  5450K .......... .......... .......... .......... .......... 19%  519K 36s
  5500K .......... .......... .......... .......... .......... 19%  506K 36s
  5550K .......... .......... .......... .......... .......... 19% 95.4M 36s
  5600K .......... .......... .......... .......... .......... 19%  483K 36s
  5650K .......... .......... .......... .......... .......... 20%  491K 36s
  5700K .......... .......... .......... .......... .......... 20%  499K 36s
  5750K .......... .......... .......... .......... .......... 20%  507K 36s
  5800K .......... .......... .......... .......... .......... 20% 20.8M 36s
  5850K .......... .......... .......... .......... .......... 20%  506K 36s
  5900K .......... .......... .......... .......... .......... 20%  511K 36s
  5950K .......... .......... .......... .......... .......... 21%  507K 36s
  6000K .......... .......... .......... .......... .......... 21%  515K 36s
  6050K .......... .......... .......... .......... .......... 21% 20.3M 35s
  6100K .......... .......... .......... .......... .......... 21%  517K 35s
  6150K .......... .......... .......... .......... .......... 21%  521K 35s
  6200K .......... .......... .......... .......... .......... 21%  519K 35s
  6250K .......... .......... .......... .......... .......... 22%  519K 35s
  6300K .......... .......... .......... .......... .......... 22% 41.5M 35s
  6350K .......... .......... .......... .......... .......... 22%  515K 35s
  6400K .......... .......... .......... .......... .......... 22%  525K 35s
  6450K .......... .......... .......... .......... .......... 22%  525K 35s
  6500K .......... .......... .......... .......... .......... 23%  526K 35s
  6550K .......... .......... .......... .......... .......... 23% 20.2M 34s
  6600K .......... .......... .......... .......... .......... 23%  530K 34s
  6650K .......... .......... .......... .......... .......... 23%  523K 34s
  6700K .......... .......... .......... .......... .......... 23%  523K 34s
  6750K .......... .......... .......... .......... .......... 23%  504K 34s
  6800K .......... .......... .......... .......... .......... 24% 32.8M 34s
  6850K .......... .......... .......... .......... .......... 24%  525K 34s
  6900K .......... .......... .......... .......... .......... 24%  519K 34s
  6950K .......... .......... .......... .......... .......... 24%  507K 34s
  7000K .......... .......... .......... .......... .......... 24%  505K 34s
  7050K .......... .......... .......... .......... .......... 24% 27.6M 34s
  7100K .......... .......... .......... .......... .......... 25%  512K 34s
  7150K .......... .......... .......... .......... .......... 25%  507K 34s
  7200K .......... .......... .......... .......... .......... 25%  501K 34s
  7250K .......... .......... .......... .......... .......... 25%  504K 33s
  7300K .......... .......... .......... .......... .......... 25% 23.3M 33s
  7350K .......... .......... .......... .......... .......... 26%  511K 33s
  7400K .......... .......... .......... .......... .......... 26%  513K 33s
  7450K .......... .......... .......... .......... .......... 26%  514K 33s
  7500K .......... .......... .......... .......... .......... 26%  512K 33s
  7550K .......... .......... .......... .......... .......... 26% 45.3M 33s
  7600K .......... .......... .......... .......... .......... 26%  524K 33s
  7650K .......... .......... .......... .......... .......... 27%  512K 33s
  7700K .......... .......... .......... .......... .......... 27%  526K 33s
  7750K .......... .......... .......... .......... .......... 27%  525K 33s
  7800K .......... .......... .......... .......... .......... 27% 38.5M 32s
  7850K .......... .......... .......... .......... .......... 27%  498K 32s
  7900K .......... .......... .......... .......... .......... 27%  508K 32s
  7950K .......... .......... .......... .......... .......... 28%  487K 32s
  8000K .......... .......... .......... .......... .......... 28%  508K 32s
  8050K .......... .......... .......... .......... .......... 28% 20.7M 32s
  8100K .......... .......... .......... .......... .......... 28%  509K 32s
  8150K .......... .......... .......... .......... .......... 28%  520K 32s
  8200K .......... .......... .......... .......... .......... 28%  523K 32s
  8250K .......... .......... .......... .......... .......... 29%  505K 32s
  8300K .......... .......... .......... .......... .......... 29% 19.9M 32s
  8350K .......... .......... .......... .......... .......... 29%  508K 32s
  8400K .......... .......... .......... .......... .......... 29%  511K 32s
  8450K .......... .......... .......... .......... .......... 29%  508K 32s
  8500K .......... .......... .......... .......... .......... 30%  510K 31s
  8550K .......... .......... .......... .......... .......... 30% 15.8M 31s
  8600K .......... .......... .......... .......... .......... 30%  513K 31s
  8650K .......... .......... .......... .......... .......... 30%  519K 31s
  8700K .......... .......... .......... .......... .......... 30%  527K 31s
  8750K .......... .......... .......... .......... .......... 30%  526K 31s
  8800K .......... .......... .......... .......... .......... 31% 13.8M 31s
  8850K .......... .......... .......... .......... .......... 31%  519K 31s
  8900K .......... .......... .......... .......... .......... 31%  519K 31s
  8950K .......... .......... .......... .......... .......... 31%  522K 31s
  9000K .......... .......... .......... .......... .......... 31%  522K 31s
  9050K .......... .......... .......... .......... .......... 31% 11.3M 30s
  9100K .......... .......... .......... .......... .......... 32%  520K 30s
  9150K .......... .......... .......... .......... .......... 32%  521K 30s
  9200K .......... .......... .......... .......... .......... 32%  515K 30s
  9250K .......... .......... .......... .......... .......... 32%  520K 30s
  9300K .......... .......... .......... .......... .......... 32% 14.6M 30s
  9350K .......... .......... .......... .......... .......... 33%  520K 30s
  9400K .......... .......... .......... .......... .......... 33%  526K 30s
  9450K .......... .......... .......... .......... .......... 33%  518K 30s
  9500K .......... .......... .......... .......... .......... 33%  525K 30s
  9550K .......... .......... .......... .......... .......... 33% 15.3M 30s
  9600K .......... .......... .......... .......... .......... 33%  526K 30s
  9650K .......... .......... .......... .......... .......... 34%  520K 30s
  9700K .......... .......... .......... .......... .......... 34%  519K 29s
  9750K .......... .......... .......... .......... .......... 34%  523K 29s
  9800K .......... .......... .......... .......... .......... 34% 20.6M 29s
  9850K .......... .......... .......... .......... .......... 34%  505K 29s
  9900K .......... .......... .......... .......... .......... 34%  504K 29s
  9950K .......... .......... .......... .......... .......... 35%  518K 29s
 10000K .......... .......... .......... .......... .......... 35%  529K 29s
 10050K .......... .......... .......... .......... .......... 35% 11.1M 29s
 10100K .......... .......... .......... .......... .......... 35%  521K 29s
 10150K .......... .......... .......... .......... .......... 35%  529K 29s
 10200K .......... .......... .......... .......... .......... 36%  516K 29s
 10250K .......... .......... .......... .......... .......... 36%  530K 29s
 10300K .......... .......... .......... .......... .......... 36% 11.8M 28s
 10350K .......... .......... .......... .......... .......... 36%  520K 28s
 10400K .......... .......... .......... .......... .......... 36%  528K 28s
 10450K .......... .......... .......... .......... .......... 36%  529K 28s
 10500K .......... .......... .......... .......... .......... 37%  525K 28s
 10550K .......... .......... .......... .......... .......... 37% 9.52M 28s
 10600K .......... .......... .......... .......... .......... 37%  526K 28s
 10650K .......... .......... .......... .......... .......... 37%  526K 28s
 10700K .......... .......... .......... .......... .......... 37%  522K 28s
 10750K .......... .......... .......... .......... .......... 37%  523K 28s
 10800K .......... .......... .......... .......... .......... 38% 11.1M 28s
 10850K .......... .......... .......... .......... .......... 38%  517K 28s
 10900K .......... .......... .......... .......... .......... 38%  523K 27s
 10950K .......... .......... .......... .......... .......... 38%  518K 27s
 11000K .......... .......... .......... .......... .......... 38%  534K 27s
 11050K .......... .......... .......... .......... .......... 39% 11.0M 27s
 11100K .......... .......... .......... .......... .......... 39%  524K 27s
 11150K .......... .......... .......... .......... .......... 39%  526K 27s
 11200K .......... .......... .......... .......... .......... 39%  519K 27s
 11250K .......... .......... .......... .......... .......... 39%  528K 27s
 11300K .......... .......... .......... .......... .......... 39% 16.2M 27s
 11350K .......... .......... .......... .......... .......... 40%  524K 27s
 11400K .......... .......... .......... .......... .......... 40%  508K 27s
 11450K .......... .......... .......... .......... .......... 40%  500K 27s
 11500K .......... .......... .......... .......... .......... 40%  528K 27s
 11550K .......... .......... .......... .......... .......... 40% 17.1M 26s
 11600K .......... .......... .......... .......... .......... 40%  518K 26s
 11650K .......... .......... .......... .......... .......... 41%  521K 26s
 11700K .......... .......... .......... .......... .......... 41%  520K 26s
 11750K .......... .......... .......... .......... .......... 41%  511K 26s
 11800K .......... .......... .......... .......... .......... 41% 12.7M 26s
 11850K .......... .......... .......... .......... .......... 41%  508K 26s
 11900K .......... .......... .......... .......... .......... 41%  525K 26s
 11950K .......... .......... .......... .......... .......... 42%  520K 26s
 12000K .......... .......... .......... .......... .......... 42%  536K 26s
 12050K .......... .......... .......... .......... .......... 42% 8.79M 26s
 12100K .......... .......... .......... .......... .......... 42%  519K 26s
 12150K .......... .......... .......... .......... .......... 42%  532K 26s
 12200K .......... .......... .......... .......... .......... 43%  524K 25s
 12250K .......... .......... .......... .......... .......... 43%  539K 25s
 12300K .......... .......... .......... .......... .......... 43% 7.37M 25s
 12350K .......... .......... .......... .......... .......... 43%  508K 25s
 12400K .......... .......... .......... .......... .......... 43%  533K 25s
 12450K .......... .......... .......... .......... .......... 43%  523K 25s
 12500K .......... .......... .......... .......... .......... 44%  536K 25s
 12550K .......... .......... .......... .......... .......... 44% 7.87M 25s
 12600K .......... .......... .......... .......... .......... 44%  527K 25s
 12650K .......... .......... .......... .......... .......... 44%  532K 25s
 12700K .......... .......... .......... .......... .......... 44%  520K 25s
 12750K .......... .......... .......... .......... .......... 44%  542K 25s
 12800K .......... .......... .......... .......... .......... 45% 5.32M 24s
 12850K .......... .......... .......... .......... .......... 45%  523K 24s
 12900K .......... .......... .......... .......... .......... 45%  539K 24s
 12950K .......... .......... .......... .......... .......... 45%  527K 24s
 13000K .......... .......... .......... .......... .......... 45% 8.69M 24s
 13050K .......... .......... .......... .......... .......... 46%  526K 24s
 13100K .......... .......... .......... .......... .......... 46%  520K 24s
 13150K .......... .......... .......... .......... .......... 46%  534K 24s
 13200K .......... .......... .......... .......... .......... 46%  526K 24s
 13250K .......... .......... .......... .......... .......... 46% 8.03M 24s
 13300K .......... .......... .......... .......... .......... 46%  531K 24s
 13350K .......... .......... .......... .......... .......... 47%  519K 24s
 13400K .......... .......... .......... .......... .......... 47%  541K 24s
 13450K .......... .......... .......... .......... .......... 47%  524K 23s
 13500K .......... .......... .......... .......... .......... 47% 4.89M 23s
 13550K .......... .......... .......... .......... .......... 47%  517K 23s
 13600K .......... .......... .......... .......... .......... 47%  502K 23s
 13650K .......... .......... .......... .......... .......... 48%  519K 23s
 13700K .......... .......... .......... .......... .......... 48%  492K 23s
 13750K .......... .......... .......... .......... .......... 48% 5.94M 23s
 13800K .......... .......... .......... .......... .......... 48%  524K 23s
 13850K .......... .......... .......... .......... .......... 48%  520K 23s
 13900K .......... .......... .......... .......... .......... 49%  545K 23s
 13950K .......... .......... .......... .......... .......... 49%  526K 23s
 14000K .......... .......... .......... .......... .......... 49% 6.55M 23s
 14050K .......... .......... .......... .......... .......... 49%  529K 22s
 14100K .......... .......... .......... .......... .......... 49%  524K 22s
 14150K .......... .......... .......... .......... .......... 49%  553K 22s
 14200K .......... .......... .......... .......... .......... 50%  527K 22s
 14250K .......... .......... .......... .......... .......... 50% 6.61M 22s
 14300K .......... .......... .......... .......... .......... 50%  529K 22s
 14350K .......... .......... .......... .......... .......... 50%  511K 22s
 14400K .......... .......... .......... .......... .......... 50%  527K 22s
 14450K .......... .......... .......... .......... .......... 50%  515K 22s
 14500K .......... .......... .......... .......... .......... 51% 7.67M 22s
 14550K .......... .......... .......... .......... .......... 51%  522K 22s
 14600K .......... .......... .......... .......... .......... 51%  515K 22s
 14650K .......... .......... .......... .......... .......... 51%  533K 22s
 14700K .......... .......... .......... .......... .......... 51%  522K 21s
 14750K .......... .......... .......... .......... .......... 52% 6.52M 21s
 14800K .......... .......... .......... .......... .......... 52%  522K 21s
 14850K .......... .......... .......... .......... .......... 52%  514K 21s
 14900K .......... .......... .......... .......... .......... 52%  540K 21s
 14950K .......... .......... .......... .......... .......... 52%  536K 21s
 15000K .......... .......... .......... .......... .......... 52% 5.58M 21s
 15050K .......... .......... .......... .......... .......... 53%  532K 21s
 15100K .......... .......... .......... .......... .......... 53%  519K 21s
 15150K .......... .......... .......... .......... .......... 53%  525K 21s
 15200K .......... .......... .......... .......... .......... 53%  505K 21s
 15250K .......... .......... .......... .......... .......... 53% 6.30M 21s
 15300K .......... .......... .......... .......... .......... 53%  515K 20s
 15350K .......... .......... .......... .......... .......... 54%  521K 20s
 15400K .......... .......... .......... .......... .......... 54%  518K 20s
 15450K .......... .......... .......... .......... .......... 54%  523K 20s
 15500K .......... .......... .......... .......... .......... 54% 8.33M 20s
 15550K .......... .......... .......... .......... .......... 54%  527K 20s
 15600K .......... .......... .......... .......... .......... 54%  525K 20s
 15650K .......... .......... .......... .......... .......... 55%  511K 20s
 15700K .......... .......... .......... .......... .......... 55%  517K 20s
 15750K .......... .......... .......... .......... .......... 55% 20.9M 20s
 15800K .......... .......... .......... .......... .......... 55%  509K 20s
 15850K .......... .......... .......... .......... .......... 55%  524K 20s
 15900K .......... .......... .......... .......... .......... 56%  519K 20s
 15950K .......... .......... .......... .......... .......... 56%  524K 20s
 16000K .......... .......... .......... .......... .......... 56% 21.9M 19s
 16050K .......... .......... .......... .......... .......... 56%  526K 19s
 16100K .......... .......... .......... .......... .......... 56%  520K 19s
 16150K .......... .......... .......... .......... .......... 56%  524K 19s
 16200K .......... .......... .......... .......... .......... 57%  512K 19s
 16250K .......... .......... .......... .......... .......... 57% 20.3M 19s
 16300K .......... .......... .......... .......... .......... 57%  515K 19s
 16350K .......... .......... .......... .......... .......... 57%  509K 19s
 16400K .......... .......... .......... .......... .......... 57%  517K 19s
 16450K .......... .......... .......... .......... .......... 57%  521K 19s
 16500K .......... .......... .......... .......... .......... 58% 29.2M 19s
 16550K .......... .......... .......... .......... .......... 58%  527K 19s
 16600K .......... .......... .......... .......... .......... 58%  516K 18s
 16650K .......... .......... .......... .......... .......... 58%  526K 18s
 16700K .......... .......... .......... .......... .......... 58%  522K 18s
 16750K .......... .......... .......... .......... .......... 59% 32.6M 18s
 16800K .......... .......... .......... .......... .......... 59%  519K 18s
 16850K .......... .......... .......... .......... .......... 59%  513K 18s
 16900K .......... .......... .......... .......... .......... 59%  506K 18s
 16950K .......... .......... .......... .......... .......... 59%  489K 18s
 17000K .......... .......... .......... .......... .......... 59% 26.8M 18s
 17050K .......... .......... .......... .......... .......... 60%  519K 18s
 17100K .......... .......... .......... .......... .......... 60%  521K 18s
 17150K .......... .......... .......... .......... .......... 60%  520K 18s
 17200K .......... .......... .......... .......... .......... 60%  521K 18s
 17250K .......... .......... .......... .......... .......... 60% 14.9M 17s
 17300K .......... .......... .......... .......... .......... 60%  524K 17s
 17350K .......... .......... .......... .......... .......... 61%  530K 17s
 17400K .......... .......... .......... .......... .......... 61%  527K 17s
 17450K .......... .......... .......... .......... .......... 61%  528K 17s
 17500K .......... .......... .......... .......... .......... 61% 13.5M 17s
 17550K .......... .......... .......... .......... .......... 61%  525K 17s
 17600K .......... .......... .......... .......... .......... 62%  510K 17s
 17650K .......... .......... .......... .......... .......... 62%  521K 17s
 17700K .......... .......... .......... .......... .......... 62%  526K 17s
 17750K .......... .......... .......... .......... .......... 62% 12.5M 17s
 17800K .......... .......... .......... .......... .......... 62%  526K 17s
 17850K .......... .......... .......... .......... .......... 62%  533K 16s
 17900K .......... .......... .......... .......... .......... 63%  528K 16s
 17950K .......... .......... .......... .......... .......... 63%  522K 16s
 18000K .......... .......... .......... .......... .......... 63% 14.1M 16s
 18050K .......... .......... .......... .......... .......... 63%  521K 16s
 18100K .......... .......... .......... .......... .......... 63%  533K 16s
 18150K .......... .......... .......... .......... .......... 63%  519K 16s
 18200K .......... .......... .......... .......... .......... 64%  519K 16s
 18250K .......... .......... .......... .......... .......... 64% 15.3M 16s
 18300K .......... .......... .......... .......... .......... 64%  524K 16s
 18350K .......... .......... .......... .......... .......... 64%  512K 16s
 18400K .......... .......... .......... .......... .......... 64%  523K 16s
 18450K .......... .......... .......... .......... .......... 65%  521K 16s
 18500K .......... .......... .......... .......... .......... 65% 50.6M 15s
 18550K .......... .......... .......... .......... .......... 65%  523K 15s
 18600K .......... .......... .......... .......... .......... 65%  523K 15s
 18650K .......... .......... .......... .......... .......... 65%  524K 15s
 18700K .......... .......... .......... .......... .......... 65%  525K 15s
 18750K .......... .......... .......... .......... .......... 66% 41.0M 15s
 18800K .......... .......... .......... .......... .......... 66%  522K 15s
 18850K .......... .......... .......... .......... .......... 66%  524K 15s
 18900K .......... .......... .......... .......... .......... 66%  523K 15s
 18950K .......... .......... .......... .......... .......... 66%  505K 15s
 19000K .......... .......... .......... .......... .......... 66% 35.1M 15s
 19050K .......... .......... .......... .......... .......... 67%  516K 15s
 19100K .......... .......... .......... .......... .......... 67%  516K 15s
 19150K .......... .......... .......... .......... .......... 67%  526K 14s
 19200K .......... .......... .......... .......... .......... 67%  514K 14s
 19250K .......... .......... .......... .......... .......... 67% 15.4M 14s
 19300K .......... .......... .......... .......... .......... 67%  516K 14s
 19350K .......... .......... .......... .......... .......... 68%  518K 14s
 19400K .......... .......... .......... .......... .......... 68%  524K 14s
 19450K .......... .......... .......... .......... .......... 68%  515K 14s
 19500K .......... .......... .......... .......... .......... 68% 13.3M 14s
 19550K .......... .......... .......... .......... .......... 68%  525K 14s
 19600K .......... .......... .......... .......... .......... 69%  521K 14s
 19650K .......... .......... .......... .......... .......... 69%  535K 14s
 19700K .......... .......... .......... .......... .......... 69%  527K 14s
 19750K .......... .......... .......... .......... .......... 69% 10.7M 13s
 19800K .......... .......... .......... .......... .......... 69%  530K 13s
 19850K .......... .......... .......... .......... .......... 69%  518K 13s
 19900K .......... .......... .......... .......... .......... 70%  530K 13s
 19950K .......... .......... .......... .......... .......... 70%  521K 13s
 20000K .......... .......... .......... .......... .......... 70% 19.2M 13s
 20050K .......... .......... .......... .......... .......... 70%  520K 13s
 20100K .......... .......... .......... .......... .......... 70%  513K 13s
 20150K .......... .......... .......... .......... .......... 70%  515K 13s
 20200K .......... .......... .......... .......... .......... 71%  518K 13s
 20250K .......... .......... .......... .......... .......... 71% 17.3M 13s
 20300K .......... .......... .......... .......... .......... 71%  521K 13s
 20350K .......... .......... .......... .......... .......... 71%  516K 13s
 20400K .......... .......... .......... .......... .......... 71%  524K 13s
 20450K .......... .......... .......... .......... .......... 72%  513K 12s
 20500K .......... .......... .......... .......... .......... 72% 12.8M 12s
 20550K .......... .......... .......... .......... .......... 72%  523K 12s
 20600K .......... .......... .......... .......... .......... 72%  521K 12s
 20650K .......... .......... .......... .......... .......... 72%  513K 12s
 20700K .......... .......... .......... .......... .......... 72%  522K 12s
 20750K .......... .......... .......... .......... .......... 73% 16.5M 12s
 20800K .......... .......... .......... .......... .......... 73%  519K 12s
 20850K .......... .......... .......... .......... .......... 73%  513K 12s
 20900K .......... .......... .......... .......... .......... 73%  521K 12s
 20950K .......... .......... .......... .......... .......... 73%  492K 12s
 21000K .......... .......... .......... .......... .......... 73% 11.3M 12s
 21050K .......... .......... .......... .......... .......... 74%  511K 11s
 21100K .......... .......... .......... .......... .......... 74%  512K 11s
 21150K .......... .......... .......... .......... .......... 74%  531K 11s
 21200K .......... .......... .......... .......... .......... 74%  521K 11s
 21250K .......... .......... .......... .......... .......... 74% 10.9M 11s
 21300K .......... .......... .......... .......... .......... 75%  514K 11s
 21350K .......... .......... .......... .......... .......... 75%  529K 11s
 21400K .......... .......... .......... .......... .......... 75%  532K 11s
 21450K .......... .......... .......... .......... .......... 75%  524K 11s
 21500K .......... .......... .......... .......... .......... 75% 11.4M 11s
 21550K .......... .......... .......... .......... .......... 75%  528K 11s
 21600K .......... .......... .......... .......... .......... 76%  527K 11s
 21650K .......... .......... .......... .......... .......... 76%  523K 11s
 21700K .......... .......... .......... .......... .......... 76%  521K 10s
 21750K .......... .......... .......... .......... .......... 76% 11.0M 10s
 21800K .......... .......... .......... .......... .......... 76%  524K 10s
 21850K .......... .......... .......... .......... .......... 76%  522K 10s
 21900K .......... .......... .......... .......... .......... 77%  523K 10s
 21950K .......... .......... .......... .......... .......... 77%  519K 10s
 22000K .......... .......... .......... .......... .......... 77% 10.6M 10s
 22050K .......... .......... .......... .......... .......... 77%  531K 10s
 22100K .......... .......... .......... .......... .......... 77%  530K 10s
 22150K .......... .......... .......... .......... .......... 78%  533K 10s
 22200K .......... .......... .......... .......... .......... 78%  524K 10s
 22250K .......... .......... .......... .......... .......... 78% 10.5M 10s
 22300K .......... .......... .......... .......... .......... 78%  531K 10s
 22350K .......... .......... .......... .......... .......... 78%  522K 9s
 22400K .......... .......... .......... .......... .......... 78%  529K 9s
 22450K .......... .......... .......... .......... .......... 79%  526K 9s
 22500K .......... .......... .......... .......... .......... 79% 8.09M 9s
 22550K .......... .......... .......... .......... .......... 79%  532K 9s
 22600K .......... .......... .......... .......... .......... 79%  530K 9s
 22650K .......... .......... .......... .......... .......... 79%  533K 9s
 22700K .......... .......... .......... .......... .......... 79%  526K 9s
 22750K .......... .......... .......... .......... .......... 80% 9.26M 9s
 22800K .......... .......... .......... .......... .......... 80%  532K 9s
 22850K .......... .......... .......... .......... .......... 80%  511K 9s
 22900K .......... .......... .......... .......... .......... 80%  533K 9s
 22950K .......... .......... .......... .......... .......... 80%  527K 9s
 23000K .......... .......... .......... .......... .......... 80% 8.25M 8s
 23050K .......... .......... .......... .......... .......... 81%  530K 8s
 23100K .......... .......... .......... .......... .......... 81%  511K 8s
 23150K .......... .......... .......... .......... .......... 81%  513K 8s
 23200K .......... .......... .......... .......... .......... 81%  541K 8s
 23250K .......... .......... .......... .......... .......... 81% 6.79M 8s
 23300K .......... .......... .......... .......... .......... 82%  531K 8s
 23350K .......... .......... .......... .......... .......... 82%  523K 8s
 23400K .......... .......... .......... .......... .......... 82%  532K 8s
 23450K .......... .......... .......... .......... .......... 82%  533K 8s
 23500K .......... .......... .......... .......... .......... 82% 7.25M 8s
 23550K .......... .......... .......... .......... .......... 82%  531K 8s
 23600K .......... .......... .......... .......... .......... 83%  523K 7s
 23650K .......... .......... .......... .......... .......... 83%  537K 7s
 23700K .......... .......... .......... .......... .......... 83%  538K 7s
 23750K .......... .......... .......... .......... .......... 83% 7.27M 7s
 23800K .......... .......... .......... .......... .......... 83%  530K 7s
 23850K .......... .......... .......... .......... .......... 83%  523K 7s
 23900K .......... .......... .......... .......... .......... 84%  537K 7s
 23950K .......... .......... .......... .......... .......... 84%  539K 7s
 24000K .......... .......... .......... .......... .......... 84% 7.28M 7s
 24050K .......... .......... .......... .......... .......... 84%  528K 7s
 24100K .......... .......... .......... .......... .......... 84%  525K 7s
 24150K .......... .......... .......... .......... .......... 85%  538K 7s
 24200K .......... .......... .......... .......... .......... 85%  541K 7s
 24250K .......... .......... .......... .......... .......... 85% 7.09M 6s
 24300K .......... .......... .......... .......... .......... 85%  519K 6s
 24350K .......... .......... .......... .......... .......... 85%  523K 6s
 24400K .......... .......... .......... .......... .......... 85%  534K 6s
 24450K .......... .......... .......... .......... .......... 86%  533K 6s
 24500K .......... .......... .......... .......... .......... 86% 6.87M 6s
 24550K .......... .......... .......... .......... .......... 86%  519K 6s
 24600K .......... .......... .......... .......... .......... 86%  527K 6s
 24650K .......... .......... .......... .......... .......... 86%  510K 6s
 24700K .......... .......... .......... .......... .......... 86%  494K 6s
 24750K .......... .......... .......... .......... .......... 87% 9.46M 6s
 24800K .......... .......... .......... .......... .......... 87%  504K 6s
 24850K .......... .......... .......... .......... .......... 87%  504K 6s
 24900K .......... .......... .......... .......... .......... 87%  517K 5s
 24950K .......... .......... .......... .......... .......... 87%  527K 5s
 25000K .......... .......... .......... .......... .......... 88% 3.91M 5s
 25050K .......... .......... .......... .......... .......... 88%  515K 5s
 25100K .......... .......... .......... .......... .......... 88%  524K 5s
 25150K .......... .......... .......... .......... .......... 88%  524K 5s
 25200K .......... .......... .......... .......... .......... 88%  592K 5s
 25250K .......... .......... .......... .......... .......... 88% 4.03M 5s
 25300K .......... .......... .......... .......... .......... 89%  525K 5s
 25350K .......... .......... .......... .......... .......... 89%  522K 5s
 25400K .......... .......... .......... .......... .......... 89%  518K 5s
 25450K .......... .......... .......... .......... .......... 89%  590K 5s
 25500K .......... .......... .......... .......... .......... 89% 3.53M 5s
 25550K .......... .......... .......... .......... .......... 89%  520K 4s
 25600K .......... .......... .......... .......... .......... 90%  520K 4s
 25650K .......... .......... .......... .......... .......... 90%  522K 4s
 25700K .......... .......... .......... .......... .......... 90%  604K 4s
 25750K .......... .......... .......... .......... .......... 90% 2.82M 4s
 25800K .......... .......... .......... .......... .......... 90%  502K 4s
 25850K .......... .......... .......... .......... .......... 91%  516K 4s
 25900K .......... .......... .......... .......... .......... 91%  526K 4s
 25950K .......... .......... .......... .......... .......... 91%  635K 4s
 26000K .......... .......... .......... .......... .......... 91% 2.45M 4s
 26050K .......... .......... .......... .......... .......... 91%  524K 4s
 26100K .......... .......... .......... .......... .......... 91%  519K 4s
 26150K .......... .......... .......... .......... .......... 92%  524K 4s
 26200K .......... .......... .......... .......... .......... 92%  621K 3s
 26250K .......... .......... .......... .......... .......... 92% 2.28M 3s
 26300K .......... .......... .......... .......... .......... 92%  527K 3s
 26350K .......... .......... .......... .......... .......... 92%  526K 3s
 26400K .......... .......... .......... .......... .......... 92%  527K 3s
 26450K .......... .......... .......... .......... .......... 93%  626K 3s
 26500K .......... .......... .......... .......... .......... 93% 2.50M 3s
 26550K .......... .......... .......... .......... .......... 93%  524K 3s
 26600K .......... .......... .......... .......... .......... 93%  520K 3s
 26650K .......... .......... .......... .......... .......... 93%  529K 3s
 26700K .......... .......... .......... .......... .......... 94%  617K 3s
 26750K .......... .......... .......... .......... .......... 94% 2.44M 3s
 26800K .......... .......... .......... .......... .......... 94%  497K 3s
 26850K .......... .......... .......... .......... .......... 94%  507K 2s
 26900K .......... .......... .......... .......... .......... 94%  524K 2s
 26950K .......... .......... .......... .......... .......... 94%  662K 2s
 27000K .......... .......... .......... .......... .......... 95% 2.00M 2s
 27050K .......... .......... .......... .......... .......... 95%  536K 2s
 27100K .......... .......... .......... .......... .......... 95%  523K 2s
 27150K .......... .......... .......... .......... .......... 95%  529K 2s
 27200K .......... .......... .......... .......... .......... 95%  666K 2s
 27250K .......... .......... .......... .......... .......... 95% 1.97M 2s
 27300K .......... .......... .......... .......... .......... 96%  536K 2s
 27350K .......... .......... .......... .......... .......... 96%  525K 2s
 27400K .......... .......... .......... .......... .......... 96%  526K 2s
 27450K .......... .......... .......... .......... .......... 96%  575K 1s
 27500K .......... .......... .......... .......... .......... 96% 3.65M 1s
 27550K .......... .......... .......... .......... .......... 96%  530K 1s
 27600K .......... .......... .......... .......... .......... 97%  517K 1s
 27650K .......... .......... .......... .......... .......... 97%  520K 1s
 27700K .......... .......... .......... .......... .......... 97%  572K 1s
 27750K .......... .......... .......... .......... .......... 97% 3.29M 1s
 27800K .......... .......... .......... .......... .......... 97%  517K 1s
 27850K .......... .......... .......... .......... .......... 98%  527K 1s
 27900K .......... .......... .......... .......... .......... 98%  519K 1s
 27950K .......... .......... .......... .......... .......... 98%  600K 1s
 28000K .......... .......... .......... .......... .......... 98% 2.69M 1s
 28050K .......... .......... .......... .......... .......... 98%  522K 1s
 28100K .......... .......... .......... .......... .......... 98%  525K 0s
 28150K .......... .......... .......... .......... .......... 99%  517K 0s
 28200K .......... .......... .......... .......... .......... 99%  622K 0s
 28250K .......... .......... .......... .......... .......... 99% 2.34M 0s
 28300K .......... .......... .......... .......... .......... 99%  511K 0s
 28350K .......... .......... .......... .......... .......... 99%  507K 0s
 28400K .......... .......... .......... .......... .......... 99%  518K 0s
 28450K ......                                                100%  122M=44s

2024-02-07 15:57:05 (642 KB/s) - ‘data/raw/anno/gencode.vM34.annotation.gtf.gz’ saved [29139870/29139870]

[Wed Feb  7 15:57:05 2024]
Finished job 0.
1 of 1 steps (100%) done
