Building DAG of jobs...
Using shell: /usr/bin/bash
Provided cores: 12
Rules claiming more threads will be scaled down.
Job counts:
	count	jobs
	1	tximport
	1

[Mon Feb 12 11:14:49 2024]
rule tximport:
    input: data/raw/fastq/B6_F_CM_RNA_1/quant.sf, data/raw/fastq/B6_F_CM_RNA_2/quant.sf, data/raw/fastq/B6_F_CM_RNA_3/quant.sf, data/raw/fastq/B6_F_CM_RNA_4/quant.sf, data/raw/fastq/B6_F_CM_RNA_5/quant.sf, data/raw/fastq/B6_F_Fib_RNA_1/quant.sf, data/raw/fastq/B6_F_Fib_RNA_2/quant.sf, data/raw/fastq/B6_F_Fib_RNA_3/quant.sf, data/raw/fastq/B6_F_Fib_RNA_4/quant.sf, data/raw/fastq/B6_F_Fib_RNA_5/quant.sf, data/raw/fastq/B6_M_CM_RNA_1/quant.sf, data/raw/fastq/B6_M_CM_RNA_3/quant.sf, data/raw/fastq/B6_M_CM_RNA_4/quant.sf, data/raw/fastq/B6_M_CM_RNA_5/quant.sf, data/raw/fastq/B6_M_Fib_RNA_1/quant.sf, data/raw/fastq/B6_M_Fib_RNA_2/quant.sf, data/raw/fastq/B6_M_Fib_RNA_3/quant.sf, data/raw/fastq/B6_F_CM_RNA_1/B6_F_CM_RNA_1_1_fastqc.html, data/raw/fastq/B6_F_CM_RNA_2/B6_F_CM_RNA_2_1_fastqc.html, data/raw/fastq/B6_F_CM_RNA_3/B6_F_CM_RNA_3_1_fastqc.html, data/raw/fastq/B6_F_CM_RNA_4/B6_F_CM_RNA_4_1_fastqc.html, data/raw/fastq/B6_F_CM_RNA_5/B6_F_CM_RNA_5_1_fastqc.html, data/raw/fastq/B6_F_Fib_RNA_1/B6_F_Fib_RNA_1_1_fastqc.html, data/raw/fastq/B6_F_Fib_RNA_2/B6_F_Fib_RNA_2_1_fastqc.html, data/raw/fastq/B6_F_Fib_RNA_3/B6_F_Fib_RNA_3_1_fastqc.html, data/raw/fastq/B6_F_Fib_RNA_4/B6_F_Fib_RNA_4_1_fastqc.html, data/raw/fastq/B6_F_Fib_RNA_5/B6_F_Fib_RNA_5_1_fastqc.html, data/raw/fastq/B6_M_CM_RNA_1/B6_M_CM_RNA_1_1_fastqc.html, data/raw/fastq/B6_M_CM_RNA_3/B6_M_CM_RNA_3_1_fastqc.html, data/raw/fastq/B6_M_CM_RNA_4/B6_M_CM_RNA_4_1_fastqc.html, data/raw/fastq/B6_M_CM_RNA_5/B6_M_CM_RNA_5_1_fastqc.html, data/raw/fastq/B6_M_Fib_RNA_1/B6_M_Fib_RNA_1_1_fastqc.html, data/raw/fastq/B6_M_Fib_RNA_2/B6_M_Fib_RNA_2_1_fastqc.html, data/raw/fastq/B6_M_Fib_RNA_3/B6_M_Fib_RNA_3_1_fastqc.html, data/raw/fastq/B6_F_CM_RNA_1/B6_F_CM_RNA_1_2_fastqc.html, data/raw/fastq/B6_F_CM_RNA_2/B6_F_CM_RNA_2_2_fastqc.html, data/raw/fastq/B6_F_CM_RNA_3/B6_F_CM_RNA_3_2_fastqc.html, data/raw/fastq/B6_F_CM_RNA_4/B6_F_CM_RNA_4_2_fastqc.html, data/raw/fastq/B6_F_CM_RNA_5/B6_F_CM_RNA_5_2_fastqc.html, data/raw/fastq/B6_F_Fib_RNA_1/B6_F_Fib_RNA_1_2_fastqc.html, data/raw/fastq/B6_F_Fib_RNA_2/B6_F_Fib_RNA_2_2_fastqc.html, data/raw/fastq/B6_F_Fib_RNA_3/B6_F_Fib_RNA_3_2_fastqc.html, data/raw/fastq/B6_F_Fib_RNA_4/B6_F_Fib_RNA_4_2_fastqc.html, data/raw/fastq/B6_F_Fib_RNA_5/B6_F_Fib_RNA_5_2_fastqc.html, data/raw/fastq/B6_M_CM_RNA_1/B6_M_CM_RNA_1_2_fastqc.html, data/raw/fastq/B6_M_CM_RNA_3/B6_M_CM_RNA_3_2_fastqc.html, data/raw/fastq/B6_M_CM_RNA_4/B6_M_CM_RNA_4_2_fastqc.html, data/raw/fastq/B6_M_CM_RNA_5/B6_M_CM_RNA_5_2_fastqc.html, data/raw/fastq/B6_M_Fib_RNA_1/B6_M_Fib_RNA_1_2_fastqc.html, data/raw/fastq/B6_M_Fib_RNA_2/B6_M_Fib_RNA_2_2_fastqc.html, data/raw/fastq/B6_M_Fib_RNA_3/B6_M_Fib_RNA_3_2_fastqc.html
    output: data/processed/bulk/rau_fractions_gse.RData
    jobid: 0

Loading required package: tximport
Loading required package: tximeta
Warning: program compiled against libxml 211 using older 209
Loading required package: BiocFileCache
Loading required package: dbplyr
[[1]]
[1] TRUE

[[2]]
[1] TRUE

[[3]]
[1] TRUE

NOTE: linkedTxome with source='GENCODE', set useHub=FALSE in tximeta
to avoid download of reference txome from AnnotationHub.
alternatively use a different string for source argument
linkedTxome is same as already in bfc
Error in str_detect(names, "B6_") : could not find function "str_detect"
Execution halted
[Mon Feb 12 11:15:08 2024]
Error in rule tximport:
    jobid: 0
    output: data/processed/bulk/rau_fractions_gse.RData
    shell:
        Rscript scripts/0_transcripts_to_genes.R
        (one of the commands exited with non-zero exit code; note that snakemake uses bash strict mode!)

Shutting down, this might take some time.
Exiting because a job execution failed. Look above for error message
