Building DAG of jobs...
Using shell: /usr/bin/bash
Provided cores: 12
Rules claiming more threads will be scaled down.
Job counts:
	count	jobs
	1	tximport
	1

[Mon Feb 12 11:09:32 2024]
rule tximport:
    input: data/raw/fastq/B6_F_CM_RNA_1/quant.sf, data/raw/fastq/B6_F_CM_RNA_2/quant.sf, data/raw/fastq/B6_F_CM_RNA_3/quant.sf, data/raw/fastq/B6_F_CM_RNA_4/quant.sf, data/raw/fastq/B6_F_CM_RNA_5/quant.sf, data/raw/fastq/B6_F_Fib_RNA_1/quant.sf, data/raw/fastq/B6_F_Fib_RNA_2/quant.sf, data/raw/fastq/B6_F_Fib_RNA_3/quant.sf, data/raw/fastq/B6_F_Fib_RNA_4/quant.sf, data/raw/fastq/B6_F_Fib_RNA_5/quant.sf, data/raw/fastq/B6_M_CM_RNA_1/quant.sf, data/raw/fastq/B6_M_CM_RNA_3/quant.sf, data/raw/fastq/B6_M_CM_RNA_4/quant.sf, data/raw/fastq/B6_M_CM_RNA_5/quant.sf, data/raw/fastq/B6_M_Fib_RNA_1/quant.sf, data/raw/fastq/B6_M_Fib_RNA_2/quant.sf, data/raw/fastq/B6_M_Fib_RNA_3/quant.sf, data/raw/fastq/B6_F_CM_RNA_1/B6_F_CM_RNA_1_1_fastqc.html, data/raw/fastq/B6_F_CM_RNA_1/B6_F_CM_RNA_1_2_fastqc.html, data/raw/fastq/B6_F_CM_RNA_2/B6_F_CM_RNA_2_1_fastqc.html, data/raw/fastq/B6_F_CM_RNA_2/B6_F_CM_RNA_2_2_fastqc.html, data/raw/fastq/B6_F_CM_RNA_3/B6_F_CM_RNA_3_1_fastqc.html, data/raw/fastq/B6_F_CM_RNA_3/B6_F_CM_RNA_3_2_fastqc.html, data/raw/fastq/B6_F_CM_RNA_4/B6_F_CM_RNA_4_1_fastqc.html, data/raw/fastq/B6_F_CM_RNA_4/B6_F_CM_RNA_4_2_fastqc.html, data/raw/fastq/B6_F_CM_RNA_5/B6_F_CM_RNA_5_1_fastqc.html, data/raw/fastq/B6_F_CM_RNA_5/B6_F_CM_RNA_5_2_fastqc.html, data/raw/fastq/B6_F_Fib_RNA_1/B6_F_Fib_RNA_1_1_fastqc.html, data/raw/fastq/B6_F_Fib_RNA_1/B6_F_Fib_RNA_1_2_fastqc.html, data/raw/fastq/B6_F_Fib_RNA_2/B6_F_Fib_RNA_2_1_fastqc.html, data/raw/fastq/B6_F_Fib_RNA_2/B6_F_Fib_RNA_2_2_fastqc.html, data/raw/fastq/B6_F_Fib_RNA_3/B6_F_Fib_RNA_3_1_fastqc.html, data/raw/fastq/B6_F_Fib_RNA_3/B6_F_Fib_RNA_3_2_fastqc.html, data/raw/fastq/B6_F_Fib_RNA_4/B6_F_Fib_RNA_4_1_fastqc.html, data/raw/fastq/B6_F_Fib_RNA_4/B6_F_Fib_RNA_4_2_fastqc.html, data/raw/fastq/B6_F_Fib_RNA_5/B6_F_Fib_RNA_5_1_fastqc.html, data/raw/fastq/B6_F_Fib_RNA_5/B6_F_Fib_RNA_5_2_fastqc.html, data/raw/fastq/B6_M_CM_RNA_1/B6_M_CM_RNA_1_1_fastqc.html, data/raw/fastq/B6_M_CM_RNA_1/B6_M_CM_RNA_1_2_fastqc.html, data/raw/fastq/B6_M_CM_RNA_3/B6_M_CM_RNA_3_1_fastqc.html, data/raw/fastq/B6_M_CM_RNA_3/B6_M_CM_RNA_3_2_fastqc.html, data/raw/fastq/B6_M_CM_RNA_4/B6_M_CM_RNA_4_1_fastqc.html, data/raw/fastq/B6_M_CM_RNA_4/B6_M_CM_RNA_4_2_fastqc.html, data/raw/fastq/B6_M_CM_RNA_5/B6_M_CM_RNA_5_1_fastqc.html, data/raw/fastq/B6_M_CM_RNA_5/B6_M_CM_RNA_5_2_fastqc.html, data/raw/fastq/B6_M_Fib_RNA_1/B6_M_Fib_RNA_1_1_fastqc.html, data/raw/fastq/B6_M_Fib_RNA_1/B6_M_Fib_RNA_1_2_fastqc.html, data/raw/fastq/B6_M_Fib_RNA_2/B6_M_Fib_RNA_2_1_fastqc.html, data/raw/fastq/B6_M_Fib_RNA_2/B6_M_Fib_RNA_2_2_fastqc.html, data/raw/fastq/B6_M_Fib_RNA_3/B6_M_Fib_RNA_3_1_fastqc.html, data/raw/fastq/B6_M_Fib_RNA_3/B6_M_Fib_RNA_3_2_fastqc.html
    output: data/processed/bulk/rau_fractions_gse.RData
    jobid: 0

Loading required package: tximport
Loading required package: tximeta
Loading required package: BiocFileCache
Loading required package: dbplyr
[[1]]
[1] TRUE

[[2]]
[1] TRUE

[[3]]
[1] TRUE

NOTE: linkedTxome with source='GENCODE', set useHub=FALSE in tximeta
to avoid download of reference txome from AnnotationHub.
alternatively use a different string for source argument
Error in `collect()`:
! Failed to collect lazy table.
Caused by error in `db_collect()`:
! Arguments in `...` must be used.
✖ Problematic argument:
• ..1 = Inf
ℹ Did you misspell an argument name?
Backtrace:
     ▆
  1. ├─tximeta::makeLinkedTxome(...)
  2. │ └─tximeta:::stashLinkedTxome(lt)
  3. │   └─BiocFileCache::BiocFileCache(bfcloc)
  4. │     └─BiocFileCache:::.sql_create_db(bfc)
  5. │       └─BiocFileCache:::.sql_validate_version(bfc)
  6. │         └─BiocFileCache:::.sql_schema_version(bfc)
  7. │           ├─base::tryCatch(...)
  8. │           │ └─base (local) tryCatchList(expr, classes, parentenv, handlers)
  9. │           └─tbl(src, "metadata") %>% collect(Inf)
 10. ├─dplyr::collect(., Inf)
 11. └─dbplyr:::collect.tbl_sql(., Inf)
 12.   ├─base::tryCatch(...)
 13.   │ └─base (local) tryCatchList(expr, classes, parentenv, handlers)
 14.   │   └─base (local) tryCatchOne(expr, names, parentenv, handlers[[1L]])
 15.   │     └─base (local) doTryCatch(return(expr), name, parentenv, handler)
 16.   └─dbplyr::db_collect(x$src$con, sql, n = n, warn_incomplete = warn_incomplete, ...)
 17.     └─rlang (local) `<fn>`()
 18.       └─rlang:::check_dots(env, error, action, call)
 19.         └─rlang:::action_dots(...)
 20.           ├─base (local) try_dots(...)
 21.           └─rlang (local) action(...)
Execution halted
[Mon Feb 12 11:10:25 2024]
Error in rule tximport:
    jobid: 0
    output: data/processed/bulk/rau_fractions_gse.RData
    shell:
        Rscript scripts/0_transcripts_to_genes.R
        (one of the commands exited with non-zero exit code; note that snakemake uses bash strict mode!)

Shutting down, this might take some time.
Exiting because a job execution failed. Look above for error message
