Building DAG of jobs...
Using shell: /usr/bin/bash
Provided cores: 12
Rules claiming more threads will be scaled down.
Job counts:
	count	jobs
	1	deconvolute
	1

[Tue Feb 13 10:13:27 2024]
rule deconvolute:
    input: data/processed/single_cell/celltype_labeled.h5seurat, data/raw/rau_fractions/celltype_pheno.csv, data/processed/bulk/jensen_pheno.csv, data/processed/single_cell/cluster_markers.csv, data/processed/bulk/all_counts.csv
    output: data/processed/compositions/whole_samples.csv, data/processed/compositions/fraction_samples.csv
    jobid: 0

── Attaching core tidyverse packages ──────────────────────── tidyverse 2.0.0 ──
✔ dplyr     1.1.4     ✔ readr     2.1.5
✔ forcats   1.0.0     ✔ stringr   1.5.1
✔ ggplot2   3.4.4     ✔ tibble    3.2.1
✔ lubridate 1.9.3     ✔ tidyr     1.3.1
✔ purrr     1.0.2     
── Conflicts ────────────────────────────────────────── tidyverse_conflicts() ──
✖ dplyr::filter() masks stats::filter()
✖ dplyr::lag()    masks stats::lag()
ℹ Use the conflicted package (<http://conflicted.r-lib.org/>) to force all conflicts to become errors
‘SeuratObject’ was built with package ‘Matrix’ 1.6.3 but the current
version is 1.6.5; it is recomended that you reinstall ‘SeuratObject’ as
the ABI for ‘Matrix’ may have changed

Attaching package: ‘SeuratObject’

The following object is masked from ‘package:base’:

    intersect

Registered S3 method overwritten by 'SeuratDisk':
  method            from  
  as.sparse.H5Group Seurat

Attaching package: ‘BiocGenerics’

The following object is masked from ‘package:SeuratObject’:

    intersect

The following objects are masked from ‘package:lubridate’:

    intersect, setdiff, union

The following objects are masked from ‘package:dplyr’:

    combine, intersect, setdiff, union

The following objects are masked from ‘package:stats’:

    IQR, mad, sd, var, xtabs

The following objects are masked from ‘package:base’:

    anyDuplicated, aperm, append, as.data.frame, basename, cbind,
    colnames, dirname, do.call, duplicated, eval, evalq, Filter, Find,
    get, grep, grepl, intersect, is.unsorted, lapply, Map, mapply,
    match, mget, order, paste, pmax, pmax.int, pmin, pmin.int,
    Position, rank, rbind, Reduce, rownames, sapply, setdiff, sort,
    table, tapply, union, unique, unsplit, which.max, which.min

Welcome to Bioconductor

    Vignettes contain introductory material; view with
    'browseVignettes()'. To cite Bioconductor, see
    'citation("Biobase")', and for packages 'citation("pkgname")'.


Attaching package: ‘reshape2’

The following object is masked from ‘package:tidyr’:

    smiths


Attaching package: ‘matrixStats’

The following objects are masked from ‘package:Biobase’:

    anyMissing, rowMedians

The following object is masked from ‘package:dplyr’:

    count


Attaching package: ‘MatrixGenerics’

The following objects are masked from ‘package:matrixStats’:

    colAlls, colAnyNAs, colAnys, colAvgsPerRowSet, colCollapse,
    colCounts, colCummaxs, colCummins, colCumprods, colCumsums,
    colDiffs, colIQRDiffs, colIQRs, colLogSumExps, colMadDiffs,
    colMads, colMaxs, colMeans2, colMedians, colMins, colOrderStats,
    colProds, colQuantiles, colRanges, colRanks, colSdDiffs, colSds,
    colSums2, colTabulates, colVarDiffs, colVars, colWeightedMads,
    colWeightedMeans, colWeightedMedians, colWeightedSds,
    colWeightedVars, rowAlls, rowAnyNAs, rowAnys, rowAvgsPerColSet,
    rowCollapse, rowCounts, rowCummaxs, rowCummins, rowCumprods,
    rowCumsums, rowDiffs, rowIQRDiffs, rowIQRs, rowLogSumExps,
    rowMadDiffs, rowMads, rowMaxs, rowMeans2, rowMedians, rowMins,
    rowOrderStats, rowProds, rowQuantiles, rowRanges, rowRanks,
    rowSdDiffs, rowSds, rowSums2, rowTabulates, rowVarDiffs, rowVars,
    rowWeightedMads, rowWeightedMeans, rowWeightedMedians,
    rowWeightedSds, rowWeightedVars

The following object is masked from ‘package:Biobase’:

    rowMedians


Attaching package: ‘S4Vectors’

The following objects are masked from ‘package:lubridate’:

    second, second<-

The following objects are masked from ‘package:dplyr’:

    first, rename

The following object is masked from ‘package:tidyr’:

    expand

The following object is masked from ‘package:utils’:

    findMatches

The following objects are masked from ‘package:base’:

    expand.grid, I, unname


Attaching package: ‘IRanges’

The following object is masked from ‘package:sp’:

    %over%

The following object is masked from ‘package:lubridate’:

    %within%

The following objects are masked from ‘package:dplyr’:

    collapse, desc, slice

The following object is masked from ‘package:purrr’:

    reduce


Attaching package: ‘SummarizedExperiment’

The following object is masked from ‘package:Seurat’:

    Assays

The following object is masked from ‘package:SeuratObject’:

    Assays

[[1]]
[1] TRUE

[[2]]
[1] TRUE

[[3]]
[1] TRUE

[[4]]
[1] FALSE

[[5]]
[1] TRUE

[[6]]
[1] FALSE

[[7]]
[1] TRUE

[[8]]
[1] TRUE

Validating h5Seurat file
Initializing RNA with data
Adding counts for RNA
Adding scale.data for RNA
Adding feature-level metadata for RNA
Adding variable feature information for RNA
Adding miscellaneous information for RNA
Adding reduction harmony
Adding cell embeddings for harmony
Adding miscellaneous information for harmony
Adding reduction pca
Adding cell embeddings for pca
Adding feature loadings for pca
Adding miscellaneous information for pca
Adding reduction umap
Adding cell embeddings for umap
Adding miscellaneous information for umap
Adding command information
Adding cell-level metadata
Adding miscellaneous information
Adding tool-specific results
Error in music_prop(bulk.mtx = bulk.es.exp, sc.sce = sce, markers = all.markers$gene,  : 
  could not find function "music_prop"
Execution halted
[Tue Feb 13 10:14:35 2024]
Error in rule deconvolute:
    jobid: 0
    output: data/processed/compositions/whole_samples.csv, data/processed/compositions/fraction_samples.csv
    shell:
        Rscript scripts/6_deconvolute.R
        (one of the commands exited with non-zero exit code; note that snakemake uses bash strict mode!)

Shutting down, this might take some time.
Exiting because a job execution failed. Look above for error message
