Building DAG of jobs...
Using shell: /usr/bin/bash
Provided cores: 12
Rules claiming more threads will be scaled down.
Job counts:
	count	jobs
	1	dirichlet
	1

[Tue Feb 13 10:52:18 2024]
rule dirichlet:
    input: data/processed/compositions/whole_samples.csv
    output: data/processed/models/dirichelet_coefficients.csv, results/8_dirichlet/dirichlet_coeff.png
    jobid: 0

Loading required package: tidyverse
── Attaching core tidyverse packages ──────────────────────── tidyverse 2.0.0 ──
✔ dplyr     1.1.4     ✔ readr     2.1.5
✔ forcats   1.0.0     ✔ stringr   1.5.1
✔ ggplot2   3.4.4     ✔ tibble    3.2.1
✔ lubridate 1.9.3     ✔ tidyr     1.3.1
✔ purrr     1.0.2     
── Conflicts ────────────────────────────────────────── tidyverse_conflicts() ──
✖ dplyr::filter() masks stats::filter()
✖ dplyr::lag()    masks stats::lag()
ℹ Use the conflicted package (<http://conflicted.r-lib.org/>) to force all conflicts to become errors
Loading required package: DirichletReg
Loading required package: reshape2

Attaching package: ‘reshape2’

The following object is masked from ‘package:tidyr’:

    smiths

[[1]]
[1] TRUE

[[2]]
[1] FALSE

[[3]]
[1] TRUE

Warning message:
In library(package, lib.loc = lib.loc, character.only = TRUE, logical.return = TRUE,  :
  there is no package called ‘DirichletReg’
Error in DR_data(dir.mat[, c(4:length(dir.mat))]) : 
  could not find function "DR_data"
Execution halted
[Tue Feb 13 10:52:20 2024]
Error in rule dirichlet:
    jobid: 0
    output: data/processed/models/dirichelet_coefficients.csv, results/8_dirichlet/dirichlet_coeff.png
    shell:
        Rscript scripts/8_dirichlet.R
        (one of the commands exited with non-zero exit code; note that snakemake uses bash strict mode!)

Shutting down, this might take some time.
Exiting because a job execution failed. Look above for error message
