Building DAG of jobs...
Using shell: /usr/bin/bash
Provided cores: 12
Rules claiming more threads will be scaled down.
Job counts:
	count	jobs
	1	plot_comps
	1

[Tue Feb 13 11:22:07 2024]
rule plot_comps:
    input: data/processed/compositions/whole_samples.csv, data/processed/compositions/fraction_samples.csv
    output: results/7_plot_comps/pure_cell_types.png, results/7_plot_comps/sample_comps.png, results/7_plot_comps/sample_comps_relative.png
    jobid: 0

Loading required package: tidyverse
── Attaching core tidyverse packages ──────────────────────── tidyverse 2.0.0 ──
✔ dplyr     1.1.4     ✔ readr     2.1.5
✔ forcats   1.0.0     ✔ stringr   1.5.1
✔ ggplot2   3.4.4     ✔ tibble    3.2.1
✔ lubridate 1.9.3     ✔ tidyr     1.3.1
✔ purrr     1.0.2     
── Conflicts ────────────────────────────────────────── tidyverse_conflicts() ──
✖ dplyr::filter() masks stats::filter()
✖ dplyr::lag()    masks stats::lag()
ℹ Use the conflicted package (<http://conflicted.r-lib.org/>) to force all conflicts to become errors
Loading required package: RColorBrewer
Loading required package: reshape2

Attaching package: ‘reshape2’

The following object is masked from ‘package:tidyr’:

    smiths

[[1]]
[1] TRUE

[[2]]
[1] TRUE

[[3]]
[1] TRUE

Error in dev.off() : cannot shut down device 1 (the null device)
Execution halted
[Tue Feb 13 11:22:11 2024]
Error in rule plot_comps:
    jobid: 0
    output: results/7_plot_comps/pure_cell_types.png, results/7_plot_comps/sample_comps.png, results/7_plot_comps/sample_comps_relative.png
    shell:
        Rscript scripts/7_plot_comps.R
        (one of the commands exited with non-zero exit code; note that snakemake uses bash strict mode!)

Shutting down, this might take some time.
Exiting because a job execution failed. Look above for error message
