Building DAG of jobs...
Using shell: /usr/bin/bash
Provided cores: 12
Rules claiming more threads will be scaled down.
Job counts:
	count	jobs
	1	plot_de
	1

[Tue Feb 13 11:05:58 2024]
rule plot_de:
    input: data/processed/models/adjusted_de.csv
    output: results/10_plot_de/volcano_adjusted.png
    jobid: 0

Loading required package: tidyverse
── Attaching core tidyverse packages ──────────────────────── tidyverse 2.0.0 ──
✔ dplyr     1.1.4     ✔ readr     2.1.5
✔ forcats   1.0.0     ✔ stringr   1.5.1
✔ ggplot2   3.4.4     ✔ tibble    3.2.1
✔ lubridate 1.9.3     ✔ tidyr     1.3.1
✔ purrr     1.0.2     
── Conflicts ────────────────────────────────────────── tidyverse_conflicts() ──
✖ dplyr::filter() masks stats::filter()
✖ dplyr::lag()    masks stats::lag()
ℹ Use the conflicted package (<http://conflicted.r-lib.org/>) to force all conflicts to become errors
Loading required package: wesanderson
Loading required package: ggrepel
[[1]]
[1] TRUE

[[2]]
[1] FALSE

[[3]]
[1] TRUE

Warning message:
In library(package, lib.loc = lib.loc, character.only = TRUE, logical.return = TRUE,  :
  there is no package called ‘wesanderson’
Error in wes_palette(name = "Zissou1", type = "continuous") : 
  could not find function "wes_palette"
Execution halted
[Tue Feb 13 11:06:01 2024]
Error in rule plot_de:
    jobid: 0
    output: results/10_plot_de/volcano_adjusted.png
    shell:
        Rscript scripts/10_plot_de.R
        (one of the commands exited with non-zero exit code; note that snakemake uses bash strict mode!)

Shutting down, this might take some time.
Exiting because a job execution failed. Look above for error message
