Building DAG of jobs...
Using shell: /usr/bin/bash
Provided cores: 12
Rules claiming more threads will be scaled down.
Job counts:
	count	jobs
	1	plot_de
	1

[Mon Feb 19 15:20:36 2024]
rule plot_de:
    input: data/processed/models/adjusted_de.csv
    output: results/10_plot_de/volcano_adjusted.png
    jobid: 0

Loading required package: tidyverse
── Attaching core tidyverse packages ──────────────────────── tidyverse 2.0.0 ──
✔ dplyr     1.1.4     ✔ readr     2.1.5
✔ forcats   1.0.0     ✔ stringr   1.5.1
✔ ggplot2   3.4.4     ✔ tibble    3.2.1
✔ lubridate 1.9.3     ✔ tidyr     1.3.1
✔ purrr     1.0.2     
── Conflicts ────────────────────────────────────────── tidyverse_conflicts() ──
✖ dplyr::filter() masks stats::filter()
✖ dplyr::lag()    masks stats::lag()
ℹ Use the conflicted package (<http://conflicted.r-lib.org/>) to force all conflicts to become errors
Loading required package: wesanderson
Loading required package: ggrepel
[[1]]
[1] TRUE

[[2]]
[1] TRUE

[[3]]
[1] TRUE

null device 
          1 
[Mon Feb 19 15:20:40 2024]
Finished job 0.
1 of 1 steps (100%) done
