Building DAG of jobs...
Using shell: /usr/bin/bash
Provided cores: 12
Rules claiming more threads will be scaled down.
Job counts:
	count	jobs
	1	plotMarkers
	1

[Thu Feb 22 13:07:07 2024]
rule plotMarkers:
    input: data/processed/single_cell/celltype_labeled.h5seurat, data/processed/single_cell/cluster_markers.csv
    output: results/5_findMarkers/marker_specificity.png
    jobid: 0

Fatal error: cannot open file 'scripts/5_1_plotMarkers.R': No such file or directory
[Thu Feb 22 13:07:07 2024]
Error in rule plotMarkers:
    jobid: 0
    output: results/5_findMarkers/marker_specificity.png
    shell:
        Rscript scripts/5_1_plotMarkers.R
        (one of the commands exited with non-zero exit code; note that snakemake uses bash strict mode!)

Shutting down, this might take some time.
Exiting because a job execution failed. Look above for error message
