Building DAG of jobs...
Using shell: /usr/bin/bash
Provided cores: 12
Rules claiming more threads will be scaled down.
Job counts:
	count	jobs
	1	fastqc
	1

[Wed Mar  6 12:49:53 2024]
rule fastqc:
    input: data/raw/fastq/wt_Lx2/wt_Lx2_1.fastq.gz
    output: data/raw/fastq/wt_Lx2/wt_Lx2_1_fastqc.html, data/raw/fastq/wt_Lx2/wt_Lx2_1_fastqc.zip
    jobid: 0
    wildcards: F_SAMPLES=wt_Lx2, READS=_1

application/gzip
Started analysis of wt_Lx2_1.fastq.gz
Approx 5% complete for wt_Lx2_1.fastq.gz
Approx 10% complete for wt_Lx2_1.fastq.gz
Approx 15% complete for wt_Lx2_1.fastq.gz
Approx 20% complete for wt_Lx2_1.fastq.gz
Approx 25% complete for wt_Lx2_1.fastq.gz
Approx 30% complete for wt_Lx2_1.fastq.gz
Approx 35% complete for wt_Lx2_1.fastq.gz
Approx 40% complete for wt_Lx2_1.fastq.gz
Approx 45% complete for wt_Lx2_1.fastq.gz
Approx 50% complete for wt_Lx2_1.fastq.gz
Approx 55% complete for wt_Lx2_1.fastq.gz
Approx 60% complete for wt_Lx2_1.fastq.gz
Approx 65% complete for wt_Lx2_1.fastq.gz
Approx 70% complete for wt_Lx2_1.fastq.gz
Approx 75% complete for wt_Lx2_1.fastq.gz
Approx 80% complete for wt_Lx2_1.fastq.gz
Approx 85% complete for wt_Lx2_1.fastq.gz
Approx 90% complete for wt_Lx2_1.fastq.gz
Approx 95% complete for wt_Lx2_1.fastq.gz
Failed to process file wt_Lx2_1.fastq.gz
uk.ac.babraham.FastQC.Sequence.SequenceFormatException: Unexpected end of ZLIB input stream
	at uk.ac.babraham.FastQC.Sequence.FastQFile.readNext(FastQFile.java:222)
	at uk.ac.babraham.FastQC.Sequence.FastQFile.next(FastQFile.java:129)
	at uk.ac.babraham.FastQC.Analysis.AnalysisRunner.run(AnalysisRunner.java:77)
	at java.lang.Thread.run(Thread.java:750)
[Wed Mar  6 12:52:13 2024]
Error in rule fastqc:
    jobid: 0
    output: data/raw/fastq/wt_Lx2/wt_Lx2_1_fastqc.html, data/raw/fastq/wt_Lx2/wt_Lx2_1_fastqc.zip
    shell:
        fastqc data/raw/fastq/wt_Lx2/wt_Lx2_1.fastq.gz --outdir=$(dirname data/raw/fastq/wt_Lx2/wt_Lx2_1.fastq.gz)
        (one of the commands exited with non-zero exit code; note that snakemake uses bash strict mode!)

Shutting down, this might take some time.
Exiting because a job execution failed. Look above for error message
