Building DAG of jobs...
Using shell: /usr/bin/bash
Provided cores: 12
Rules claiming more threads will be scaled down.
Job counts:
	count	jobs
	1	fastqc
	1

[Thu Mar  7 16:42:55 2024]
rule fastqc:
    input: data/raw/fastq/B6_M_Endo_RNA_4/B6_M_Endo_RNA_4_1.fastq.gz
    output: data/raw/fastq/B6_M_Endo_RNA_4/B6_M_Endo_RNA_4_1_fastqc.html, data/raw/fastq/B6_M_Endo_RNA_4/B6_M_Endo_RNA_4_1_fastqc.zip
    jobid: 0
    wildcards: F_SAMPLES=B6_M_Endo_RNA_4, READS=_1

application/gzip
Failed to process data/raw/fastq/B6_M_Endo_RNA_4/B6_M_Endo_RNA_4_1.fastq.gz
java.util.zip.ZipException: Not in GZIP format
	at java.util.zip.GZIPInputStream.readHeader(GZIPInputStream.java:165)
	at java.util.zip.GZIPInputStream.<init>(GZIPInputStream.java:79)
	at java.util.zip.GZIPInputStream.<init>(GZIPInputStream.java:91)
	at uk.ac.babraham.FastQC.Utilities.MultiMemberGZIPInputStream.<init>(MultiMemberGZIPInputStream.java:37)
	at uk.ac.babraham.FastQC.Sequence.FastQFile.<init>(FastQFile.java:84)
	at uk.ac.babraham.FastQC.Sequence.SequenceFactory.getSequenceFile(SequenceFactory.java:106)
	at uk.ac.babraham.FastQC.Sequence.SequenceFactory.getSequenceFile(SequenceFactory.java:62)
	at uk.ac.babraham.FastQC.Analysis.OfflineRunner.processFile(OfflineRunner.java:163)
	at uk.ac.babraham.FastQC.Analysis.OfflineRunner.<init>(OfflineRunner.java:125)
	at uk.ac.babraham.FastQC.FastQCApplication.main(FastQCApplication.java:316)
[Thu Mar  7 16:42:55 2024]
Error in rule fastqc:
    jobid: 0
    output: data/raw/fastq/B6_M_Endo_RNA_4/B6_M_Endo_RNA_4_1_fastqc.html, data/raw/fastq/B6_M_Endo_RNA_4/B6_M_Endo_RNA_4_1_fastqc.zip
    shell:
        fastqc data/raw/fastq/B6_M_Endo_RNA_4/B6_M_Endo_RNA_4_1.fastq.gz --outdir=$(dirname data/raw/fastq/B6_M_Endo_RNA_4/B6_M_Endo_RNA_4_1.fastq.gz)
        (one of the commands exited with non-zero exit code; note that snakemake uses bash strict mode!)

Shutting down, this might take some time.
Exiting because a job execution failed. Look above for error message
