Building DAG of jobs...
Using shell: /usr/bin/bash
Provided cores: 12
Rules claiming more threads will be scaled down.
Job counts:
	count	jobs
	1	salmon_index
	1

[Mon Mar 11 12:51:08 2024]
rule salmon_index:
    input: data/raw/anno/gencode.vM34.transcripts.fa.gz
    output: data/raw/anno/gencode.vM34.salmon
    jobid: 0
    resources: mem_gb=600000

Version Server Response: Not Found
index ["data/raw/anno/gencode.vM34.salmon"] did not previously exist  . . . creating it
[2024-03-11 12:51:08.994] [jLog] [info] building index
out : data/raw/anno/gencode.vM34.salmon
[2024-03-11 12:51:08.997] [puff::index::jointLog] [info] Running fixFasta
[2024-03-11 12:51:09.000] [puff::index::jointLog] [error] The decoy file data/raw/anno/decoy.txt does not exist.
[Mon Mar 11 12:51:09 2024]
Error in rule salmon_index:
    jobid: 0
    output: data/raw/anno/gencode.vM34.salmon
    shell:
        salmon index --gencode -p 12 -t data/raw/anno/gentrome.fa.gz -d data/raw/anno/decoy.txt -i data/raw/anno/gencode.vM34.salmon
        (one of the commands exited with non-zero exit code; note that snakemake uses bash strict mode!)

Removing output files of failed job salmon_index since they might be corrupted:
data/raw/anno/gencode.vM34.salmon
Shutting down, this might take some time.
Exiting because a job execution failed. Look above for error message
