Building DAG of jobs...
Using shell: /usr/bin/bash
Provided cores: 12
Rules claiming more threads will be scaled down.
Job counts:
	count	jobs
	1	salmon_index
	1

[Mon Mar 11 17:54:55 2024]
rule salmon_index:
    input: data/raw/anno/gencode.vM34.transcripts.fa.gz
    output: data/raw/anno/gencode.vM34.salmon
    jobid: 0
    resources: mem_mb=128000

Version Server Response: Not Found
index ["data/raw/anno/gencode.vM34.salmon"] did not previously exist  . . . creating it
[2024-03-11 17:54:55.275] [jLog] [info] building index
out : data/raw/anno/gencode.vM34.salmon
[2024-03-11 17:54:55.277] [puff::index::jointLog] [info] Running fixFasta

[Step 1 of 4] : counting k-mers
[2024-03-11 17:54:55.750] [puff::index::jointLog] [warning] Entry with header [ENSMUST00000191703.2|ENSMUSG00000103282.2|OTTMUSG00000050290.1|OTTMUST00000127724.1|Gm37275-201|Gm37275|30|processed_pseudogene|], had length less than equal to the k-mer length of 31 (perhaps after poly-A clipping)
[2024-03-11 17:54:57.985] [puff::index::jointLog] [warning] Entry with header [ENSMUST00000229312.2|ENSMUSG00000056486.19|OTTMUSG00000013428.7|OTTMUST00000171565.1|Chn1-211|Chn1|20|protein_coding_CDS_not_defined|], had length less than equal to the k-mer length of 31 (perhaps after poly-A clipping)
[2024-03-11 17:55:01.920] [puff::index::jointLog] [warning] Entry with header [ENSMUST00000200713.2|ENSMUSG00000107308.2|OTTMUSG00000056069.1|OTTMUST00000138636.1|Gm43234-201|Gm43234|18|processed_pseudogene|], had length less than equal to the k-mer length of 31 (perhaps after poly-A clipping)
[2024-03-11 17:55:02.208] [puff::index::jointLog] [warning] Entry with header [ENSMUST00000178537.2|ENSMUSG00000095668.2|OTTMUSG00000051351.2|OTTMUST00000129883.2|Trbd1-201|Trbd1|12|TR_D_gene|], had length less than equal to the k-mer length of 31 (perhaps after poly-A clipping)
[2024-03-11 17:55:02.208] [puff::index::jointLog] [warning] Entry with header [ENSMUST00000178862.2|ENSMUSG00000094569.2|OTTMUSG00000051360.2|OTTMUST00000129892.2|Trbd2-201|Trbd2|14|TR_D_gene|], had length less than equal to the k-mer length of 31 (perhaps after poly-A clipping)
[2024-03-11 17:55:04.769] [puff::index::jointLog] [warning] Entry with header [ENSMUST00000179520.2|ENSMUSG00000094028.2|OTTMUSG00000051523.3|OTTMUST00000130131.3|Ighd4-1-201|Ighd4-1|11|IG_D_gene|], had length less than equal to the k-mer length of 31 (perhaps after poly-A clipping)
[2024-03-11 17:55:04.769] [puff::index::jointLog] [warning] Entry with header [ENSMUST00000179883.2|ENSMUSG00000094552.2|OTTMUSG00000051524.2|OTTMUST00000130132.2|Ighd3-2-201|Ighd3-2|16|IG_D_gene|], had length less than equal to the k-mer length of 31 (perhaps after poly-A clipping)
[2024-03-11 17:55:04.769] [puff::index::jointLog] [warning] Entry with header [ENSMUST00000195858.2|ENSMUSG00000096420.3|OTTMUSG00000051529.2|OTTMUST00000130137.2|Ighd5-6-202|Ighd5-6|10|IG_D_gene|], had length less than equal to the k-mer length of 31 (perhaps after poly-A clipping)
[2024-03-11 17:55:04.769] [puff::index::jointLog] [warning] Entry with header [ENSMUST00000179932.2|ENSMUSG00000096420.3|OTTMUSG00000051529.2|-|Ighd5-6-201|Ighd5-6|12|processed_transcript|], had length less than equal to the k-mer length of 31 (perhaps after poly-A clipping)
[2024-03-11 17:55:04.769] [puff::index::jointLog] [warning] Entry with header [ENSMUST00000180001.2|ENSMUSG00000095656.2|OTTMUSG00000051530.2|OTTMUST00000130138.2|Ighd2-8-201|Ighd2-8|17|IG_D_gene|], had length less than equal to the k-mer length of 31 (perhaps after poly-A clipping)
[2024-03-11 17:55:04.769] [puff::index::jointLog] [warning] Entry with header [ENSMUST00000178815.2|ENSMUSG00000094957.2|OTTMUSG00000051531.2|OTTMUST00000130141.2|Ighd5-5-201|Ighd5-5|10|IG_D_gene|], had length less than equal to the k-mer length of 31 (perhaps after poly-A clipping)
[2024-03-11 17:55:04.769] [puff::index::jointLog] [warning] Entry with header [ENSMUST00000177965.2|ENSMUSG00000094057.2|OTTMUSG00000051538.2|OTTMUST00000130152.2|Ighd2-7-201|Ighd2-7|17|IG_D_gene|], had length less than equal to the k-mer length of 31 (perhaps after poly-A clipping)
[2024-03-11 17:55:04.769] [puff::index::jointLog] [warning] Entry with header [ENSMUST00000178909.2|ENSMUSG00000094268.2|OTTMUSG00000051557.2|OTTMUST00000130174.2|Ighd5-8-201|Ighd5-8|29|IG_D_gene|], had length less than equal to the k-mer length of 31 (perhaps after poly-A clipping)
[2024-03-11 17:55:04.769] [puff::index::jointLog] [warning] Entry with header [ENSMUST00000177646.2|ENSMUSG00000096884.2|OTTMUSG00000051571.2|OTTMUST00000130189.2|Ighd5-4-201|Ighd5-4|10|IG_D_gene|], had length less than equal to the k-mer length of 31 (perhaps after poly-A clipping)
[2024-03-11 17:55:04.769] [puff::index::jointLog] [warning] Entry with header [ENSMUST00000178230.2|ENSMUSG00000096250.2|OTTMUSG00000051569.2|OTTMUST00000130197.2|Ighd2-6-201|Ighd2-6|17|IG_D_gene|], had length less than equal to the k-mer length of 31 (perhaps after poly-A clipping)
[2024-03-11 17:55:04.769] [puff::index::jointLog] [warning] Entry with header [ENSMUST00000178483.2|ENSMUSG00000095592.2|OTTMUSG00000051572.2|OTTMUST00000130199.2|Ighd5-7-201|Ighd5-7|29|IG_D_gene|], had length less than equal to the k-mer length of 31 (perhaps after poly-A clipping)
[2024-03-11 17:55:04.769] [puff::index::jointLog] [warning] Entry with header [ENSMUST00000179262.2|ENSMUSG00000093876.2|OTTMUSG00000051581.2|OTTMUST00000130180.2|Ighd5-3-201|Ighd5-3|10|IG_D_gene|], had length less than equal to the k-mer length of 31 (perhaps after poly-A clipping)
[2024-03-11 17:55:04.769] [puff::index::jointLog] [warning] Entry with header [ENSMUST00000178549.2|ENSMUSG00000095897.2|OTTMUSG00000051560.2|OTTMUST00000130181.2|Ighd2-5-201|Ighd2-5|17|IG_D_gene|], had length less than equal to the k-mer length of 31 (perhaps after poly-A clipping)
[2024-03-11 17:55:04.769] [puff::index::jointLog] [warning] Entry with header [ENSMUST00000193012.2|ENSMUSG00000103203.2|OTTMUSG00000051561.2|OTTMUST00000130184.2|Gm37327-201|Gm37327|29|IG_D_gene|], had length less than equal to the k-mer length of 31 (perhaps after poly-A clipping)
[2024-03-11 17:55:04.769] [puff::index::jointLog] [warning] Entry with header [ENSMUST00000179166.2|ENSMUSG00000096396.2|OTTMUSG00000051562.2|OTTMUST00000130185.2|Ighd5-2-201|Ighd5-2|10|IG_D_gene|], had length less than equal to the k-mer length of 31 (perhaps after poly-A clipping)
[2024-03-11 17:55:04.769] [puff::index::jointLog] [warning] Entry with header [ENSMUST00000179560.2|ENSMUSG00000095444.2|OTTMUSG00000051582.2|OTTMUST00000130217.2|Ighd2-4-201|Ighd2-4|17|IG_D_gene|], had length less than equal to the k-mer length of 31 (perhaps after poly-A clipping)
[2024-03-11 17:55:04.769] [puff::index::jointLog] [warning] Entry with header [ENSMUST00000178902.2|ENSMUSG00000096301.2|OTTMUSG00000051583.1|OTTMUST00000130218.1|Ighd6-2-201|Ighd6-2|29|IG_D_pseudogene|], had length less than equal to the k-mer length of 31 (perhaps after poly-A clipping)
[2024-03-11 17:55:04.769] [puff::index::jointLog] [warning] Entry with header [ENSMUST00000192089.2|ENSMUSG00000102532.2|OTTMUSG00000051589.1|OTTMUST00000130224.1|Gm37227-201|Gm37227|10|IG_D_pseudogene|], had length less than equal to the k-mer length of 31 (perhaps after poly-A clipping)
[2024-03-11 17:55:04.769] [puff::index::jointLog] [warning] Entry with header [ENSMUST00000177839.2|ENSMUSG00000096568.2|OTTMUSG00000051584.2|OTTMUST00000130219.2|Ighd2-3-201|Ighd2-3|17|IG_D_gene|], had length less than equal to the k-mer length of 31 (perhaps after poly-A clipping)
[2024-03-11 17:55:04.769] [puff::index::jointLog] [warning] Entry with header [ENSMUST00000170385.2|ENSMUSG00000095399.2|OTTMUSG00000051585.1|OTTMUST00000130220.1|Ighd6-1-201|Ighd6-1|29|IG_D_pseudogene|], had length less than equal to the k-mer length of 31 (perhaps after poly-A clipping)
[2024-03-11 17:55:04.769] [puff::index::jointLog] [warning] Entry with header [ENSMUST00000103439.2|ENSMUSG00000076630.2|OTTMUSG00000051586.2|OTTMUST00000130221.2|Ighd1-1-201|Ighd1-1|23|IG_D_gene|], had length less than equal to the k-mer length of 31 (perhaps after poly-A clipping)
[2024-03-11 17:55:04.769] [puff::index::jointLog] [warning] Entry with header [ENSMUST00000180266.2|ENSMUSG00000093818.2|OTTMUSG00000051588.2|OTTMUST00000130223.2|Ighd3-1-201|Ighd3-1|17|IG_D_gene|], had length less than equal to the k-mer length of 31 (perhaps after poly-A clipping)
[2024-03-11 17:55:04.769] [puff::index::jointLog] [warning] Entry with header [ENSMUST00000178811.2|ENSMUSG00000095549.2|OTTMUSG00000051590.1|OTTMUST00000130225.1|Ighd5-1-201|Ighd5-1|10|IG_D_pseudogene|], had length less than equal to the k-mer length of 31 (perhaps after poly-A clipping)
[2024-03-11 17:55:04.769] [puff::index::jointLog] [warning] Entry with header [ENSMUST00000103441.2|ENSMUSG00000076632.2|OTTMUSG00000051591.2|OTTMUST00000130226.2|Gm16968-201|Gm16968|23|IG_D_gene|], had length less than equal to the k-mer length of 31 (perhaps after poly-A clipping)
[2024-03-11 17:55:04.994] [puff::index::jointLog] [warning] Entry with header [ENSMUST00000231713.2|ENSMUSG00000032727.15|OTTMUSG00000019751.6|OTTMUST00000173336.1|Mier3-208|Mier3|16|protein_coding_CDS_not_defined|], had length less than equal to the k-mer length of 31 (perhaps after poly-A clipping)
[2024-03-11 17:55:04.994] [puff::index::jointLog] [warning] Entry with header [ENSMUST00000231466.2|ENSMUSG00000032727.15|OTTMUSG00000019751.6|OTTMUST00000173337.1|Mier3-207|Mier3|18|protein_coding_CDS_not_defined|], had length less than equal to the k-mer length of 31 (perhaps after poly-A clipping)
[2024-03-11 17:55:05.039] [puff::index::jointLog] [warning] Entry with header [ENSMUST00000226589.2|ENSMUSG00000021767.21|OTTMUSG00000043207.9|OTTMUST00000170357.1|Kat6b-212|Kat6b|18|protein_coding_CDS_not_defined|], had length less than equal to the k-mer length of 31 (perhaps after poly-A clipping)
[2024-03-11 17:55:05.060] [puff::index::jointLog] [warning] Entry with header [ENSMUST00000228114.2|ENSMUSG00000006522.18|OTTMUSG00000035523.5|OTTMUST00000170497.1|Itih3-206|Itih3|14|protein_coding|], had length less than equal to the k-mer length of 31 (perhaps after poly-A clipping)
[2024-03-11 17:55:05.077] [puff::index::jointLog] [warning] Entry with header [ENSMUST00000226226.2|ENSMUSG00000021798.15|OTTMUSG00000069987.3|OTTMUST00000170519.1|Ldb3-206|Ldb3|17|protein_coding_CDS_not_defined|], had length less than equal to the k-mer length of 31 (perhaps after poly-A clipping)
[2024-03-11 17:55:05.125] [puff::index::jointLog] [warning] Entry with header [ENSMUST00000196221.2|ENSMUSG00000096749.3|OTTMUSG00000054129.2|OTTMUST00000134478.2|Trdd1-202|Trdd1|9|TR_D_gene|], had length less than equal to the k-mer length of 31 (perhaps after poly-A clipping)
[2024-03-11 17:55:05.125] [puff::index::jointLog] [warning] Entry with header [ENSMUST00000179664.2|ENSMUSG00000096749.3|OTTMUSG00000054129.2|-|Trdd1-201|Trdd1|11|processed_transcript|], had length less than equal to the k-mer length of 31 (perhaps after poly-A clipping)
[2024-03-11 17:55:05.125] [puff::index::jointLog] [warning] Entry with header [ENSMUST00000177564.2|ENSMUSG00000096176.2|OTTMUSG00000054130.2|OTTMUST00000134479.2|Trdd2-201|Trdd2|16|TR_D_gene|], had length less than equal to the k-mer length of 31 (perhaps after poly-A clipping)
[2024-03-11 17:55:05.126] [puff::index::jointLog] [warning] Entry with header [ENSMUST00000103739.4|ENSMUSG00000076927.4|OTTMUSG00000054279.1|OTTMUST00000134692.1|Traj1-201|Traj1|29|TR_J_pseudogene|], had length less than equal to the k-mer length of 31 (perhaps after poly-A clipping)
[2024-03-11 17:55:05.207] [puff::index::jointLog] [warning] Entry with header [ENSMUST00000226961.2|ENSMUSG00000033004.17|OTTMUSG00000034690.4|OTTMUST00000170059.1|Mycbp2-208|Mycbp2|15|protein_coding|], had length less than equal to the k-mer length of 31 (perhaps after poly-A clipping)
[2024-03-11 17:55:05.322] [puff::index::jointLog] [warning] Entry with header [ENSMUST00000227223.2|ENSMUSG00000060794.9|OTTMUSG00000069888.2|OTTMUST00000169180.1|Tssk5-202|Tssk5|18|protein_coding_CDS_not_defined|], had length less than equal to the k-mer length of 31 (perhaps after poly-A clipping)
[2024-03-11 17:55:05.397] [puff::index::jointLog] [warning] Entry with header [ENSMUST00000226615.2|ENSMUSG00000044250.9|OTTMUSG00000069720.1|OTTMUST00000168599.1|Pced1b-203|Pced1b|10|protein_coding_CDS_not_defined|], had length less than equal to the k-mer length of 31 (perhaps after poly-A clipping)
[2024-03-11 17:55:05.815] [puff::index::jointLog] [warning] Entry with header [ENSMUST00000226153.2|ENSMUSG00000033450.9|OTTMUSG00000034757.2|OTTMUST00000168259.1|Tagap-202|Tagap|14|protein_coding_CDS_not_defined|], had length less than equal to the k-mer length of 31 (perhaps after poly-A clipping)
[2024-03-11 17:55:05.873] [puff::index::jointLog] [warning] Entry with header [ENSMUST00000227002.2|ENSMUSG00000035435.18|OTTMUSG00000031262.3|OTTMUST00000168155.1|Abca17-203|Abca17|9|protein_coding_CDS_not_defined|], had length less than equal to the k-mer length of 31 (perhaps after poly-A clipping)
[2024-03-11 17:55:05.922] [puff::index::jointLog] [warning] Entry with header [ENSMUST00000226172.2|ENSMUSG00000002249.22|OTTMUSG00000024245.6|OTTMUST00000167695.2|Tead3-208|Tead3|11|protein_coding_CDS_not_defined|], had length less than equal to the k-mer length of 31 (perhaps after poly-A clipping)

[2024-03-11 17:56:41.189] [puff::index::jointLog] [warning] Removed 1583 transcripts that were sequence duplicates of indexed transcripts.
[2024-03-11 17:56:41.189] [puff::index::jointLog] [warning] If you wish to retain duplicate transcripts, please use the `--keepDuplicates` flag
[2024-03-11 17:56:41.195] [puff::index::jointLog] [info] Replaced 73,600,669 non-ATCG nucleotides
[2024-03-11 17:56:41.195] [puff::index::jointLog] [info] Clipped poly-A tails from 882 transcripts
wrote 147517 cleaned references
[2024-03-11 17:56:49.838] [puff::index::jointLog] [info] Filter size not provided; estimating from number of distinct k-mers
[2024-03-11 17:57:23.748] [puff::index::jointLog] [info] ntHll estimated 2269623151 distinct k-mers, setting filter size to 2^36
Threads = 2
Vertex length = 31
Hash functions = 5
Filter size = 68719476736
Capacity = 2
Files: 
data/raw/anno/gencode.vM34.salmon/ref_k31_fixed.fa
--------------------------------------------------------------------------------
Round 0, 0:68719476736
Pass	Filling	Filtering
1	602	1654	
2	187	6
True junctions count = 15000091
False junctions count = 2134518
Hash table size = 17134609
Candidate marks count = 340375930
--------------------------------------------------------------------------------
Reallocating bifurcations time: 14
True marks count: 337886231
Edges construction time: 283
--------------------------------------------------------------------------------
Distinct junctions = 15000091

TwoPaCo::buildGraphMain:: allocated with scalable_malloc; freeing.
TwoPaCo::buildGraphMain:: Calling scalable_allocation_command(TBBMALLOC_CLEAN_ALL_BUFFERS, 0);
allowedIn: 21
Max Junction ID: 15001896
seen.size():120015177 kmerInfo.size():15001897
approximateContigTotalLength: 1124268174
counters for complex kmers:
(prec>1 & succ>1)=3127296 | (succ>1 & isStart)=909 | (prec>1 & isEnd)=926 | (isStart & isEnd)=37
contig count: 25107960 element count: 3025374818 complex nodes: 3129168
# of ones in rank vector: 25107959
[2024-03-11 18:50:04.170] [puff::index::jointLog] [info] Starting the Pufferfish indexing by reading the GFA binary file.
[2024-03-11 18:50:04.170] [puff::index::jointLog] [info] Setting the index/BinaryGfa directory data/raw/anno/gencode.vM34.salmon
size = 3025374818
-----------------------------------------
| Loading contigs | Time = 2.26 s
-----------------------------------------
size = 3025374818
-----------------------------------------
| Loading contig boundaries | Time = 1.246 s
-----------------------------------------
Number of ones: 25107959
Number of ones per inventory item: 512
Inventory entries filled: 49039
25107959
[2024-03-11 18:50:13.112] [puff::index::jointLog] [info] Done wrapping the rank vector with a rank9sel structure.
[2024-03-11 18:50:13.602] [puff::index::jointLog] [info] contig count for validation: 25,107,959
[2024-03-11 18:50:34.384] [puff::index::jointLog] [info] Total # of Contigs : 25,107,959
[2024-03-11 18:50:34.384] [puff::index::jointLog] [info] Total # of numerical Contigs : 25,107,959
[2024-03-11 18:50:36.908] [puff::index::jointLog] [info] Total # of contig vec entries: 347,689,700
[2024-03-11 18:50:36.908] [puff::index::jointLog] [info] bits per offset entry 29
[2024-03-11 18:51:06.086] [puff::index::jointLog] [info] Done constructing the contig vector. 25107960
[2024-03-11 18:51:21.987] [puff::index::jointLog] [info] # segments = 25,107,959
[2024-03-11 18:51:21.987] [puff::index::jointLog] [info] total length = 3,025,374,818
[2024-03-11 18:51:24.129] [puff::index::jointLog] [info] Reading the reference files ...
/usr/bin/bash: line 1: 437004 Killed                  salmon index --gencode -p 2 -t data/raw/anno/gentrome.fa.gz -d data/raw/anno/decoys.txt -i data/raw/anno/gencode.vM34.salmon
[Mon Mar 11 18:51:38 2024]
Error in rule salmon_index:
    jobid: 0
    output: data/raw/anno/gencode.vM34.salmon
    shell:
        salmon index --gencode -p 2 -t data/raw/anno/gentrome.fa.gz -d data/raw/anno/decoys.txt -i data/raw/anno/gencode.vM34.salmon
        (one of the commands exited with non-zero exit code; note that snakemake uses bash strict mode!)

Removing output files of failed job salmon_index since they might be corrupted:
data/raw/anno/gencode.vM34.salmon
Shutting down, this might take some time.
Exiting because a job execution failed. Look above for error message
slurmstepd: error: Detected 1 oom_kill event in StepId=33280948.batch. Some of the step tasks have been OOM Killed.
