The flag 'directory' used in rule all is only valid for outputs, not inputs.
Building DAG of jobs...
Using shell: /usr/bin/bash
Provided cores: 12
Rules claiming more threads will be scaled down.
Job counts:
	count	jobs
	1	salmon_quant
	1

[Thu Mar 14 11:51:19 2024]
rule salmon_quant:
    input: data/raw/anno/salmon_sa_index, data/raw/fastq/wt_Lx3/wt_Lx3_1.fastq.gz, data/raw/fastq/wt_Lx3/wt_Lx3_2.fastq.gz
    output: data/raw/fastq/wt_Lx3/quant.sf
    jobid: 0
    wildcards: F_SAMPLES=wt_Lx3

Version Server Response: Not Found
### salmon (selective-alignment-based) v1.10.2
### [ program ] => salmon 
### [ command ] => quant 
### [ index ] => { data/raw/anno/salmon_sa_index }
### [ libType ] => { A }
### [ threads ] => { 12 }
### [ gcBias ] => { }
### [ numGibbsSamples ] => { 20 }
### [ thinningFactor ] => { 100 }
### [ output ] => { data/raw/fastq/wt_Lx3 }
### [ mates1 ] => { data/raw/fastq/wt_Lx3/wt_Lx3_1.fastq.gz }
### [ mates2 ] => { data/raw/fastq/wt_Lx3/wt_Lx3_2.fastq.gz }
Logs will be written to data/raw/fastq/wt_Lx3/logs
[2024-03-14 11:51:19.598] [jointLog] [info] setting maxHashResizeThreads to 12
[2024-03-14 11:51:19.598] [jointLog] [info] Fragment incompatibility prior below threshold.  Incompatible fragments will be ignored.
[2024-03-14 11:51:19.598] [jointLog] [info] Usage of --validateMappings implies use of minScoreFraction. Since not explicitly specified, it is being set to 0.65
[2024-03-14 11:51:19.598] [jointLog] [info] Setting consensusSlack to selective-alignment default of 0.35.
[2024-03-14 11:51:19.598] [jointLog] [info] parsing read library format
[2024-03-14 11:51:19.598] [jointLog] [info] There is 1 library.
Exception : [Error: The index version file data/raw/anno/salmon_sa_index/versionInfo.json doesn't seem to exist.  Please try re-building the salmon index.]
salmon quant was invoked improperly.
For usage information, try salmon quant --help
Exiting.
[Thu Mar 14 11:51:19 2024]
Error in rule salmon_quant:
    jobid: 0
    output: data/raw/fastq/wt_Lx3/quant.sf
    shell:
        salmon quant -i data/raw/anno/salmon_sa_index -l A -p 12 --gcBias --numGibbsSamples 20 --thinningFactor 100 -o data/raw/fastq/wt_Lx3 -1 data/raw/fastq/wt_Lx3/wt_Lx3_1.fastq.gz -2 data/raw/fastq/wt_Lx3/wt_Lx3_2.fastq.gz
        (one of the commands exited with non-zero exit code; note that snakemake uses bash strict mode!)

Shutting down, this might take some time.
Exiting because a job execution failed. Look above for error message
