Building DAG of jobs...
Using shell: /usr/bin/bash
Provided cores: 12
Rules claiming more threads will be scaled down.
Provided resources: mem_mb=3436, mem_mib=3277, disk_mb=3436, disk_mib=3277
Select jobs to execute...

[Fri Mar 15 12:59:57 2024]
rule fastqc:
    input: data/raw/fastq/wt_Lx3/wt_Lx3_1.fastq.gz
    output: data/raw/fastq/wt_Lx3/wt_Lx3_1_fastqc.html, data/raw/fastq/wt_Lx3/wt_Lx3_1_fastqc.zip
    jobid: 0
    reason: Missing output files: data/raw/fastq/wt_Lx3/wt_Lx3_1_fastqc.html, data/raw/fastq/wt_Lx3/wt_Lx3_1_fastqc.zip
    wildcards: F_SAMPLES=wt_Lx3, READS=_1
    resources: mem_mb=3436, mem_mib=3277, disk_mb=3436, disk_mib=3277, tmpdir=/tmp

application/gzip
Started analysis of wt_Lx3_1.fastq.gz
Approx 5% complete for wt_Lx3_1.fastq.gz
Approx 10% complete for wt_Lx3_1.fastq.gz
Approx 15% complete for wt_Lx3_1.fastq.gz
Approx 20% complete for wt_Lx3_1.fastq.gz
Approx 25% complete for wt_Lx3_1.fastq.gz
Approx 30% complete for wt_Lx3_1.fastq.gz
Approx 35% complete for wt_Lx3_1.fastq.gz
Approx 40% complete for wt_Lx3_1.fastq.gz
Approx 45% complete for wt_Lx3_1.fastq.gz
Approx 50% complete for wt_Lx3_1.fastq.gz
Approx 55% complete for wt_Lx3_1.fastq.gz
Approx 60% complete for wt_Lx3_1.fastq.gz
Approx 65% complete for wt_Lx3_1.fastq.gz
Approx 70% complete for wt_Lx3_1.fastq.gz
Approx 75% complete for wt_Lx3_1.fastq.gz
Approx 80% complete for wt_Lx3_1.fastq.gz
Approx 85% complete for wt_Lx3_1.fastq.gz
Approx 90% complete for wt_Lx3_1.fastq.gz
Approx 95% complete for wt_Lx3_1.fastq.gz
Analysis complete for wt_Lx3_1.fastq.gz
[Fri Mar 15 13:02:17 2024]
Finished job 0.
1 of 1 steps (100%) done
