Building DAG of jobs...
Using shell: /usr/bin/bash
Provided cores: 12
Rules claiming more threads will be scaled down.
Provided resources: mem_mb=3164, mem_mib=3018, disk_mb=3164, disk_mib=3018
Select jobs to execute...

[Fri Mar 15 13:03:11 2024]
rule fastqc:
    input: data/raw/fastq/AKO5/AKO5_1.fastq.gz
    output: data/raw/fastq/AKO5/AKO5_1_fastqc.html, data/raw/fastq/AKO5/AKO5_1_fastqc.zip
    jobid: 0
    reason: Missing output files: data/raw/fastq/AKO5/AKO5_1_fastqc.html, data/raw/fastq/AKO5/AKO5_1_fastqc.zip
    wildcards: F_SAMPLES=AKO5, READS=_1
    resources: mem_mb=3164, mem_mib=3018, disk_mb=3164, disk_mib=3018, tmpdir=/tmp

application/gzip
Started analysis of AKO5_1.fastq.gz
Approx 5% complete for AKO5_1.fastq.gz
Approx 10% complete for AKO5_1.fastq.gz
Approx 15% complete for AKO5_1.fastq.gz
Approx 20% complete for AKO5_1.fastq.gz
Approx 25% complete for AKO5_1.fastq.gz
Approx 30% complete for AKO5_1.fastq.gz
Approx 35% complete for AKO5_1.fastq.gz
Approx 40% complete for AKO5_1.fastq.gz
Approx 45% complete for AKO5_1.fastq.gz
Approx 50% complete for AKO5_1.fastq.gz
Approx 55% complete for AKO5_1.fastq.gz
Approx 60% complete for AKO5_1.fastq.gz
Approx 65% complete for AKO5_1.fastq.gz
Approx 70% complete for AKO5_1.fastq.gz
Approx 75% complete for AKO5_1.fastq.gz
Approx 80% complete for AKO5_1.fastq.gz
Approx 85% complete for AKO5_1.fastq.gz
Approx 90% complete for AKO5_1.fastq.gz
Approx 95% complete for AKO5_1.fastq.gz
Analysis complete for AKO5_1.fastq.gz
[Fri Mar 15 13:06:03 2024]
Finished job 0.
1 of 1 steps (100%) done
