Building DAG of jobs...
Using shell: /usr/bin/bash
Provided cores: 12
Rules claiming more threads will be scaled down.
Provided resources: mem_mb=1000, mem_mib=954, disk_mb=1000, disk_mib=954
Select jobs to execute...

[Fri Mar 15 13:12:19 2024]
rule load_sn:
    output: data/processed/single_cell/unprocessed/b6_2.h5seurat
    jobid: 0
    reason: Missing output files: data/processed/single_cell/unprocessed/b6_2.h5seurat
    wildcards: samples=b6_2
    resources: mem_mb=1000, mem_mib=954, disk_mb=1000, disk_mib=954, tmpdir=/tmp

Loading required package: Seurat
Loading required package: SeuratObject
Loading required package: sp
‘SeuratObject’ was built with package ‘Matrix’ 1.6.3 but the current
version is 1.6.5; it is recomended that you reinstall ‘SeuratObject’ as
the ABI for ‘Matrix’ may have changed

Attaching package: ‘SeuratObject’

The following object is masked from ‘package:base’:

    intersect

Loading required package: Matrix
Loading required package: SeuratDisk
Registered S3 method overwritten by 'SeuratDisk':
  method            from  
  as.sparse.H5Group Seurat
[[1]]
[1] TRUE

[[2]]
[1] TRUE

[[3]]
[1] TRUE

[1] "b6_2"
Warning: Data is of class dgTMatrix. Coercing to dgCMatrix.
Error in validObject(.Object) : 
  invalid class “LogMap” object: Duplicate rownames not allowed
Calls: LoadRau ... initialize -> initialize -> initMatrix -> validObject
Execution halted
[Fri Mar 15 13:13:14 2024]
Error in rule load_sn:
    jobid: 0
    output: data/processed/single_cell/unprocessed/b6_2.h5seurat
    shell:
        Rscript scripts/1_load_sn.R b6_2
        (one of the commands exited with non-zero exit code; note that snakemake uses bash strict mode!)

Shutting down, this might take some time.
Exiting because a job execution failed. Look above for error message
