Building DAG of jobs...
Using shell: /usr/bin/bash
Provided cores: 12
Rules claiming more threads will be scaled down.
Provided resources: mem_mb=2691, mem_mib=2567, disk_mb=2691, disk_mib=2567
Select jobs to execute...

[Fri Mar 15 13:09:31 2024]
rule fastqc:
    input: data/raw/fastq/WT6/WT6_2.fastq.gz
    output: data/raw/fastq/WT6/WT6_2_fastqc.html, data/raw/fastq/WT6/WT6_2_fastqc.zip
    jobid: 0
    reason: Missing output files: data/raw/fastq/WT6/WT6_2_fastqc.html, data/raw/fastq/WT6/WT6_2_fastqc.zip
    wildcards: F_SAMPLES=WT6, READS=_2
    resources: mem_mb=2691, mem_mib=2567, disk_mb=2691, disk_mib=2567, tmpdir=/tmp

application/gzip
Started analysis of WT6_2.fastq.gz
Approx 5% complete for WT6_2.fastq.gz
Approx 10% complete for WT6_2.fastq.gz
Approx 15% complete for WT6_2.fastq.gz
Approx 20% complete for WT6_2.fastq.gz
Approx 25% complete for WT6_2.fastq.gz
Approx 30% complete for WT6_2.fastq.gz
Approx 35% complete for WT6_2.fastq.gz
Approx 40% complete for WT6_2.fastq.gz
Approx 45% complete for WT6_2.fastq.gz
Approx 50% complete for WT6_2.fastq.gz
Approx 55% complete for WT6_2.fastq.gz
Approx 60% complete for WT6_2.fastq.gz
Approx 65% complete for WT6_2.fastq.gz
Approx 70% complete for WT6_2.fastq.gz
Approx 75% complete for WT6_2.fastq.gz
Approx 80% complete for WT6_2.fastq.gz
Approx 85% complete for WT6_2.fastq.gz
Approx 90% complete for WT6_2.fastq.gz
Approx 95% complete for WT6_2.fastq.gz
Analysis complete for WT6_2.fastq.gz
[Fri Mar 15 13:12:08 2024]
Finished job 0.
1 of 1 steps (100%) done
