Building DAG of jobs...
Using shell: /usr/bin/bash
Provided cores: 12
Rules claiming more threads will be scaled down.
Provided resources: mem_mb=2855, mem_mib=2723, disk_mb=2855, disk_mib=2723
Select jobs to execute...

[Fri Mar 15 13:06:23 2024]
rule fastqc:
    input: data/raw/fastq/AKO7/AKO7_2.fastq.gz
    output: data/raw/fastq/AKO7/AKO7_2_fastqc.html, data/raw/fastq/AKO7/AKO7_2_fastqc.zip
    jobid: 0
    reason: Missing output files: data/raw/fastq/AKO7/AKO7_2_fastqc.zip, data/raw/fastq/AKO7/AKO7_2_fastqc.html
    wildcards: F_SAMPLES=AKO7, READS=_2
    resources: mem_mb=2855, mem_mib=2723, disk_mb=2855, disk_mib=2723, tmpdir=/tmp

application/gzip
Started analysis of AKO7_2.fastq.gz
Approx 5% complete for AKO7_2.fastq.gz
Approx 10% complete for AKO7_2.fastq.gz
Approx 15% complete for AKO7_2.fastq.gz
Approx 20% complete for AKO7_2.fastq.gz
Approx 25% complete for AKO7_2.fastq.gz
Approx 30% complete for AKO7_2.fastq.gz
Approx 35% complete for AKO7_2.fastq.gz
Approx 40% complete for AKO7_2.fastq.gz
Approx 45% complete for AKO7_2.fastq.gz
Approx 50% complete for AKO7_2.fastq.gz
Approx 55% complete for AKO7_2.fastq.gz
Approx 60% complete for AKO7_2.fastq.gz
Approx 65% complete for AKO7_2.fastq.gz
Approx 70% complete for AKO7_2.fastq.gz
Approx 75% complete for AKO7_2.fastq.gz
Approx 80% complete for AKO7_2.fastq.gz
Approx 85% complete for AKO7_2.fastq.gz
Approx 90% complete for AKO7_2.fastq.gz
Approx 95% complete for AKO7_2.fastq.gz
Analysis complete for AKO7_2.fastq.gz
[Fri Mar 15 13:08:25 2024]
Finished job 0.
1 of 1 steps (100%) done
