Building DAG of jobs...
Using shell: /usr/bin/bash
Provided cores: 12
Rules claiming more threads will be scaled down.
Job counts:
	count	jobs
	1	load_sn
	1

[Fri Mar 15 15:40:47 2024]
rule load_sn:
    output: data/processed/single_cell/unprocessed/b6_1.h5seurat
    jobid: 0
    wildcards: samples=b6_1

Loading required package: Seurat
Attaching SeuratObject
‘SeuratObject’ was built with package ‘Matrix’ 1.6.3 but the current
version is 1.6.5; it is recomended that you reinstall ‘SeuratObject’ as
the ABI for ‘Matrix’ may have changed
Seurat v4 was just loaded with SeuratObject v5; disabling v5 assays and
validation routines, and ensuring assays work in strict v3/v4
compatibility mode
Loading required package: Matrix
Loading required package: SeuratDisk
Registered S3 method overwritten by 'SeuratDisk':
  method            from  
  as.sparse.H5Group Seurat
[[1]]
[1] TRUE

[[2]]
[1] TRUE

[[3]]
[1] TRUE

[1] "b6_1"
slurmstepd: error: *** JOB 33759504 ON c0405 CANCELLED AT 2024-03-15T16:40:51 DUE TO TIME LIMIT ***
