Building DAG of jobs...
Using shell: /usr/bin/bash
Provided cores: 12
Rules claiming more threads will be scaled down.
Provided resources: mem_mb=6000, mem_mib=5723, disk_mb=1000, disk_mib=954
Select jobs to execute...

[Fri Mar 15 17:07:19 2024]
rule load_sn:
    output: data/processed/single_cell/unprocessed/b6_1.h5seurat
    jobid: 0
    reason: Missing output files: data/processed/single_cell/unprocessed/b6_1.h5seurat
    wildcards: SN_SAMPLES=b6_1
    resources: mem_mb=6000, mem_mib=5723, disk_mb=1000, disk_mib=954, tmpdir=/tmp

Loading required package: Seurat
Attaching SeuratObject
‘SeuratObject’ was built with package ‘Matrix’ 1.6.3 but the current
version is 1.6.5; it is recomended that you reinstall ‘SeuratObject’ as
the ABI for ‘Matrix’ may have changed
Seurat v4 was just loaded with SeuratObject v5; disabling v5 assays and
validation routines, and ensuring assays work in strict v3/v4
compatibility mode
Loading required package: Matrix
Loading required package: SeuratDisk
Registered S3 method overwritten by 'SeuratDisk':
  method            from  
  as.sparse.H5Group Seurat
[[1]]
[1] TRUE

[[2]]
[1] TRUE

[[3]]
[1] TRUE

[1] "B6_1"
Error in rau.files[[grep("mtx", rau.files)]] : 
  attempt to select less than one element in get1index
Calls: LoadRau
Execution halted
[Fri Mar 15 17:07:40 2024]
Error in rule load_sn:
    jobid: 0
    output: data/processed/single_cell/unprocessed/b6_1.h5seurat
    shell:
        Rscript scripts/1_load_sn.R B6_1 B6_2
        (one of the commands exited with non-zero exit code; note that snakemake uses bash strict mode!)

Shutting down, this might take some time.
Exiting because a job execution failed. Look above for error message
