Building DAG of jobs...
Using shell: /usr/bin/bash
Provided cores: 12
Rules claiming more threads will be scaled down.
Provided resources: mem_mb=1000, disk_mb=1000
Select jobs to execute...

[Mon Mar 18 12:22:40 2024]
rule tximport:
    input: data/raw/anno/gencode.vM34.annotation.gtf.gz, data/raw/fastq/AKO5/quant.sf, data/raw/fastq/AKO6/quant.sf, data/raw/fastq/AKO7/quant.sf, data/raw/fastq/AKO8/quant.sf, data/raw/fastq/Ako_Lx1/quant.sf, data/raw/fastq/Ako_Lx2/quant.sf, data/raw/fastq/Ako_Lx3/quant.sf, data/raw/fastq/Ako_Lx4/quant.sf, data/raw/fastq/B6_F_CM_RNA_1/quant.sf, data/raw/fastq/B6_F_CM_RNA_2/quant.sf, data/raw/fastq/B6_F_CM_RNA_3/quant.sf, data/raw/fastq/B6_F_CM_RNA_4/quant.sf, data/raw/fastq/B6_F_CM_RNA_5/quant.sf, data/raw/fastq/B6_F_Fib_RNA_1/quant.sf, data/raw/fastq/B6_F_Fib_RNA_2/quant.sf, data/raw/fastq/B6_F_Fib_RNA_3/quant.sf, data/raw/fastq/B6_F_Fib_RNA_4/quant.sf, data/raw/fastq/B6_F_Fib_RNA_5/quant.sf, data/raw/fastq/B6_M_CM_RNA_1/quant.sf, data/raw/fastq/B6_M_CM_RNA_3/quant.sf, data/raw/fastq/B6_M_CM_RNA_4/quant.sf, data/raw/fastq/B6_M_CM_RNA_5/quant.sf, data/raw/fastq/B6_M_Endo_RNA_1/quant.sf, data/raw/fastq/B6_M_Endo_RNA_3/quant.sf, data/raw/fastq/B6_M_Endo_RNA_4/quant.sf, data/raw/fastq/B6_M_Fib_RNA_1/quant.sf, data/raw/fastq/B6_M_Fib_RNA_2/quant.sf, data/raw/fastq/B6_M_Fib_RNA_3/quant.sf, data/raw/fastq/WT5/quant.sf, data/raw/fastq/WT6/quant.sf, data/raw/fastq/WT7/quant.sf, data/raw/fastq/WT8/quant.sf, data/raw/fastq/wt_Lx1/quant.sf, data/raw/fastq/wt_Lx2/quant.sf, data/raw/fastq/wt_Lx3/quant.sf, data/raw/fastq/wt_Lx4/quant.sf, data/raw/fastq/AKO5/AKO5_1_fastqc.html, data/raw/fastq/AKO5/AKO5_2_fastqc.html, data/raw/fastq/AKO6/AKO6_1_fastqc.html, data/raw/fastq/AKO6/AKO6_2_fastqc.html, data/raw/fastq/AKO7/AKO7_1_fastqc.html, data/raw/fastq/AKO7/AKO7_2_fastqc.html, data/raw/fastq/AKO8/AKO8_1_fastqc.html, data/raw/fastq/AKO8/AKO8_2_fastqc.html, data/raw/fastq/Ako_Lx1/Ako_Lx1_1_fastqc.html, data/raw/fastq/Ako_Lx1/Ako_Lx1_2_fastqc.html, data/raw/fastq/Ako_Lx2/Ako_Lx2_1_fastqc.html, data/raw/fastq/Ako_Lx2/Ako_Lx2_2_fastqc.html, data/raw/fastq/Ako_Lx3/Ako_Lx3_1_fastqc.html, data/raw/fastq/Ako_Lx3/Ako_Lx3_2_fastqc.html, data/raw/fastq/Ako_Lx4/Ako_Lx4_1_fastqc.html, data/raw/fastq/Ako_Lx4/Ako_Lx4_2_fastqc.html, data/raw/fastq/B6_F_CM_RNA_1/B6_F_CM_RNA_1_1_fastqc.html, data/raw/fastq/B6_F_CM_RNA_1/B6_F_CM_RNA_1_2_fastqc.html, data/raw/fastq/B6_F_CM_RNA_2/B6_F_CM_RNA_2_1_fastqc.html, data/raw/fastq/B6_F_CM_RNA_2/B6_F_CM_RNA_2_2_fastqc.html, data/raw/fastq/B6_F_CM_RNA_3/B6_F_CM_RNA_3_1_fastqc.html, data/raw/fastq/B6_F_CM_RNA_3/B6_F_CM_RNA_3_2_fastqc.html, data/raw/fastq/B6_F_CM_RNA_4/B6_F_CM_RNA_4_1_fastqc.html, data/raw/fastq/B6_F_CM_RNA_4/B6_F_CM_RNA_4_2_fastqc.html, data/raw/fastq/B6_F_CM_RNA_5/B6_F_CM_RNA_5_1_fastqc.html, data/raw/fastq/B6_F_CM_RNA_5/B6_F_CM_RNA_5_2_fastqc.html, data/raw/fastq/B6_F_Fib_RNA_1/B6_F_Fib_RNA_1_1_fastqc.html, data/raw/fastq/B6_F_Fib_RNA_1/B6_F_Fib_RNA_1_2_fastqc.html, data/raw/fastq/B6_F_Fib_RNA_2/B6_F_Fib_RNA_2_1_fastqc.html, data/raw/fastq/B6_F_Fib_RNA_2/B6_F_Fib_RNA_2_2_fastqc.html, data/raw/fastq/B6_F_Fib_RNA_3/B6_F_Fib_RNA_3_1_fastqc.html, data/raw/fastq/B6_F_Fib_RNA_3/B6_F_Fib_RNA_3_2_fastqc.html, data/raw/fastq/B6_F_Fib_RNA_4/B6_F_Fib_RNA_4_1_fastqc.html, data/raw/fastq/B6_F_Fib_RNA_4/B6_F_Fib_RNA_4_2_fastqc.html, data/raw/fastq/B6_F_Fib_RNA_5/B6_F_Fib_RNA_5_1_fastqc.html, data/raw/fastq/B6_F_Fib_RNA_5/B6_F_Fib_RNA_5_2_fastqc.html, data/raw/fastq/B6_M_CM_RNA_1/B6_M_CM_RNA_1_1_fastqc.html, data/raw/fastq/B6_M_CM_RNA_1/B6_M_CM_RNA_1_2_fastqc.html, data/raw/fastq/B6_M_CM_RNA_3/B6_M_CM_RNA_3_1_fastqc.html, data/raw/fastq/B6_M_CM_RNA_3/B6_M_CM_RNA_3_2_fastqc.html, data/raw/fastq/B6_M_CM_RNA_4/B6_M_CM_RNA_4_1_fastqc.html, data/raw/fastq/B6_M_CM_RNA_4/B6_M_CM_RNA_4_2_fastqc.html, data/raw/fastq/B6_M_CM_RNA_5/B6_M_CM_RNA_5_1_fastqc.html, data/raw/fastq/B6_M_CM_RNA_5/B6_M_CM_RNA_5_2_fastqc.html, data/raw/fastq/B6_M_Endo_RNA_1/B6_M_Endo_RNA_1_1_fastqc.html, data/raw/fastq/B6_M_Endo_RNA_1/B6_M_Endo_RNA_1_2_fastqc.html, data/raw/fastq/B6_M_Endo_RNA_3/B6_M_Endo_RNA_3_1_fastqc.html, data/raw/fastq/B6_M_Endo_RNA_3/B6_M_Endo_RNA_3_2_fastqc.html, data/raw/fastq/B6_M_Endo_RNA_4/B6_M_Endo_RNA_4_1_fastqc.html, data/raw/fastq/B6_M_Endo_RNA_4/B6_M_Endo_RNA_4_2_fastqc.html, data/raw/fastq/B6_M_Fib_RNA_1/B6_M_Fib_RNA_1_1_fastqc.html, data/raw/fastq/B6_M_Fib_RNA_1/B6_M_Fib_RNA_1_2_fastqc.html, data/raw/fastq/B6_M_Fib_RNA_2/B6_M_Fib_RNA_2_1_fastqc.html, data/raw/fastq/B6_M_Fib_RNA_2/B6_M_Fib_RNA_2_2_fastqc.html, data/raw/fastq/B6_M_Fib_RNA_3/B6_M_Fib_RNA_3_1_fastqc.html, data/raw/fastq/B6_M_Fib_RNA_3/B6_M_Fib_RNA_3_2_fastqc.html, data/raw/fastq/WT5/WT5_1_fastqc.html, data/raw/fastq/WT5/WT5_2_fastqc.html, data/raw/fastq/WT6/WT6_1_fastqc.html, data/raw/fastq/WT6/WT6_2_fastqc.html, data/raw/fastq/WT7/WT7_1_fastqc.html, data/raw/fastq/WT7/WT7_2_fastqc.html, data/raw/fastq/WT8/WT8_1_fastqc.html, data/raw/fastq/WT8/WT8_2_fastqc.html, data/raw/fastq/wt_Lx1/wt_Lx1_1_fastqc.html, data/raw/fastq/wt_Lx1/wt_Lx1_2_fastqc.html, data/raw/fastq/wt_Lx2/wt_Lx2_1_fastqc.html, data/raw/fastq/wt_Lx2/wt_Lx2_2_fastqc.html, data/raw/fastq/wt_Lx3/wt_Lx3_1_fastqc.html, data/raw/fastq/wt_Lx3/wt_Lx3_2_fastqc.html, data/raw/fastq/wt_Lx4/wt_Lx4_1_fastqc.html, data/raw/fastq/wt_Lx4/wt_Lx4_2_fastqc.html
    output: data/processed/bulk/all_bulk_ensembl.csv
    jobid: 0
    reason: Forced execution
    resources: mem_mb=1000, disk_mb=1000, tmpdir=/tmp

Loading required package: tximport
Loading required package: tximeta
Warning: program compiled against libxml 211 using older 209
Loading required package: BiocFileCache
Loading required package: dbplyr
Loading required package: tidyverse
── Attaching core tidyverse packages ──────────────────────── tidyverse 2.0.0 ──
✔ dplyr     1.1.4     ✔ readr     2.1.5
✔ forcats   1.0.0     ✔ stringr   1.5.1
✔ ggplot2   3.4.4     ✔ tibble    3.2.1
✔ lubridate 1.9.3     ✔ tidyr     1.3.1
✔ purrr     1.0.2     
── Conflicts ────────────────────────────────────────── tidyverse_conflicts() ──
✖ dplyr::filter() masks stats::filter()
✖ dplyr::ident()  masks dbplyr::ident()
✖ dplyr::lag()    masks stats::lag()
✖ dplyr::sql()    masks dbplyr::sql()
ℹ Use the conflicted package (<http://conflicted.r-lib.org/>) to force all conflicts to become errors
Loading required package: SummarizedExperiment
Loading required package: MatrixGenerics
Loading required package: matrixStats

Attaching package: 'matrixStats'

The following object is masked from 'package:dplyr':

    count


Attaching package: 'MatrixGenerics'

The following objects are masked from 'package:matrixStats':

    colAlls, colAnyNAs, colAnys, colAvgsPerRowSet, colCollapse,
    colCounts, colCummaxs, colCummins, colCumprods, colCumsums,
    colDiffs, colIQRDiffs, colIQRs, colLogSumExps, colMadDiffs,
    colMads, colMaxs, colMeans2, colMedians, colMins, colOrderStats,
    colProds, colQuantiles, colRanges, colRanks, colSdDiffs, colSds,
    colSums2, colTabulates, colVarDiffs, colVars, colWeightedMads,
    colWeightedMeans, colWeightedMedians, colWeightedSds,
    colWeightedVars, rowAlls, rowAnyNAs, rowAnys, rowAvgsPerColSet,
    rowCollapse, rowCounts, rowCummaxs, rowCummins, rowCumprods,
    rowCumsums, rowDiffs, rowIQRDiffs, rowIQRs, rowLogSumExps,
    rowMadDiffs, rowMads, rowMaxs, rowMeans2, rowMedians, rowMins,
    rowOrderStats, rowProds, rowQuantiles, rowRanges, rowRanks,
    rowSdDiffs, rowSds, rowSums2, rowTabulates, rowVarDiffs, rowVars,
    rowWeightedMads, rowWeightedMeans, rowWeightedMedians,
    rowWeightedSds, rowWeightedVars

Loading required package: GenomicRanges
Loading required package: stats4
Loading required package: BiocGenerics

Attaching package: 'BiocGenerics'

The following objects are masked from 'package:lubridate':

    intersect, setdiff, union

The following objects are masked from 'package:dplyr':

    combine, intersect, setdiff, union

The following objects are masked from 'package:stats':

    IQR, mad, sd, var, xtabs

The following objects are masked from 'package:base':

    anyDuplicated, aperm, append, as.data.frame, basename, cbind,
    colnames, dirname, do.call, duplicated, eval, evalq, Filter, Find,
    get, grep, grepl, intersect, is.unsorted, lapply, Map, mapply,
    match, mget, order, paste, pmax, pmax.int, pmin, pmin.int,
    Position, rank, rbind, Reduce, rownames, sapply, setdiff, sort,
    table, tapply, union, unique, unsplit, which.max, which.min

Loading required package: S4Vectors

Attaching package: 'S4Vectors'

The following objects are masked from 'package:lubridate':

    second, second<-

The following objects are masked from 'package:dplyr':

    first, rename

The following object is masked from 'package:tidyr':

    expand

The following object is masked from 'package:utils':

    findMatches

The following objects are masked from 'package:base':

    expand.grid, I, unname

Loading required package: IRanges

Attaching package: 'IRanges'

The following object is masked from 'package:lubridate':

    %within%

The following objects are masked from 'package:dplyr':

    collapse, desc, slice

The following object is masked from 'package:purrr':

    reduce

Loading required package: GenomeInfoDb
Loading required package: Biobase
Welcome to Bioconductor

    Vignettes contain introductory material; view with
    'browseVignettes()'. To cite Bioconductor, see
    'citation("Biobase")', and for packages 'citation("pkgname")'.


Attaching package: 'Biobase'

The following object is masked from 'package:MatrixGenerics':

    rowMedians

The following objects are masked from 'package:matrixStats':

    anyMissing, rowMedians

[[1]]
[1] TRUE

[[2]]
[1] TRUE

[[3]]
[1] TRUE

[[4]]
[1] TRUE

[[5]]
[1] TRUE

NOTE: linkedTxome with source='GENCODE', set useHub=FALSE in tximeta
to avoid download of reference txome from AnnotationHub.
alternatively use a different string for source argument
writing linkedTxome to data/raw/anno/decoyaware.vM34.salmon.json
linkedTxome is same as already in bfc
[1] TRUE
importing quantifications
reading in files with read_tsv
1 2 3 4 5 6 7 8 9 10 11 12 13 Error in tximport(files, type = type, txOut = TRUE, ...) : 
  all(txId == raw[[txIdCol]]) is not TRUE
Calls: tximeta -> tximport -> stopifnot
In addition: Warning messages:
1: One or more parsing issues, call `problems()` on your data frame for details,
e.g.:
  dat <- vroom(...)
  problems(dat) 
2: In txId == raw[[txIdCol]] :
  longer object length is not a multiple of shorter object length
Execution halted
[Mon Mar 18 12:24:17 2024]
Error in rule tximport:
    jobid: 0
    output: data/processed/bulk/all_bulk_ensembl.csv
    shell:
        Rscript scripts/0_transcripts_to_genes.R
        (one of the commands exited with non-zero exit code; note that snakemake uses bash strict mode!)

Shutting down, this might take some time.
Exiting because a job execution failed. Look above for error message
