Building DAG of jobs...
Using shell: /usr/bin/bash
Provided cores: 12
Rules claiming more threads will be scaled down.
Provided resources: mem_mb=1000, disk_mb=1000
Select jobs to execute...

[Mon Mar 18 15:54:49 2024]
rule multiqc:
    input: data/raw/fastq/AKO5/quant.sf, data/raw/fastq/AKO6/quant.sf, data/raw/fastq/AKO7/quant.sf, data/raw/fastq/AKO8/quant.sf, data/raw/fastq/Ako_Lx1/quant.sf, data/raw/fastq/Ako_Lx2/quant.sf, data/raw/fastq/Ako_Lx3/quant.sf, data/raw/fastq/Ako_Lx4/quant.sf, data/raw/fastq/B6_F_CM_RNA_1/quant.sf, data/raw/fastq/B6_F_CM_RNA_2/quant.sf, data/raw/fastq/B6_F_CM_RNA_3/quant.sf, data/raw/fastq/B6_F_CM_RNA_4/quant.sf, data/raw/fastq/B6_F_CM_RNA_5/quant.sf, data/raw/fastq/B6_F_Fib_RNA_1/quant.sf, data/raw/fastq/B6_F_Fib_RNA_2/quant.sf, data/raw/fastq/B6_F_Fib_RNA_3/quant.sf, data/raw/fastq/B6_F_Fib_RNA_4/quant.sf, data/raw/fastq/B6_F_Fib_RNA_5/quant.sf, data/raw/fastq/B6_M_CM_RNA_1/quant.sf, data/raw/fastq/B6_M_CM_RNA_3/quant.sf, data/raw/fastq/B6_M_CM_RNA_4/quant.sf, data/raw/fastq/B6_M_CM_RNA_5/quant.sf, data/raw/fastq/B6_M_Endo_RNA_1/quant.sf, data/raw/fastq/B6_M_Endo_RNA_3/quant.sf, data/raw/fastq/B6_M_Endo_RNA_4/quant.sf, data/raw/fastq/B6_M_Fib_RNA_1/quant.sf, data/raw/fastq/B6_M_Fib_RNA_2/quant.sf, data/raw/fastq/B6_M_Fib_RNA_3/quant.sf, data/raw/fastq/WT5/quant.sf, data/raw/fastq/WT6/quant.sf, data/raw/fastq/WT7/quant.sf, data/raw/fastq/WT8/quant.sf, data/raw/fastq/wt_Lx1/quant.sf, data/raw/fastq/wt_Lx2/quant.sf, data/raw/fastq/wt_Lx3/quant.sf, data/raw/fastq/wt_Lx4/quant.sf, data/raw/fastq/AKO5/AKO5_1_fastqc.html, data/raw/fastq/AKO5/AKO5_2_fastqc.html, data/raw/fastq/AKO6/AKO6_1_fastqc.html, data/raw/fastq/AKO6/AKO6_2_fastqc.html, data/raw/fastq/AKO7/AKO7_1_fastqc.html, data/raw/fastq/AKO7/AKO7_2_fastqc.html, data/raw/fastq/AKO8/AKO8_1_fastqc.html, data/raw/fastq/AKO8/AKO8_2_fastqc.html, data/raw/fastq/Ako_Lx1/Ako_Lx1_1_fastqc.html, data/raw/fastq/Ako_Lx1/Ako_Lx1_2_fastqc.html, data/raw/fastq/Ako_Lx2/Ako_Lx2_1_fastqc.html, data/raw/fastq/Ako_Lx2/Ako_Lx2_2_fastqc.html, data/raw/fastq/Ako_Lx3/Ako_Lx3_1_fastqc.html, data/raw/fastq/Ako_Lx3/Ako_Lx3_2_fastqc.html, data/raw/fastq/Ako_Lx4/Ako_Lx4_1_fastqc.html, data/raw/fastq/Ako_Lx4/Ako_Lx4_2_fastqc.html, data/raw/fastq/B6_F_CM_RNA_1/B6_F_CM_RNA_1_1_fastqc.html, data/raw/fastq/B6_F_CM_RNA_1/B6_F_CM_RNA_1_2_fastqc.html, data/raw/fastq/B6_F_CM_RNA_2/B6_F_CM_RNA_2_1_fastqc.html, data/raw/fastq/B6_F_CM_RNA_2/B6_F_CM_RNA_2_2_fastqc.html, data/raw/fastq/B6_F_CM_RNA_3/B6_F_CM_RNA_3_1_fastqc.html, data/raw/fastq/B6_F_CM_RNA_3/B6_F_CM_RNA_3_2_fastqc.html, data/raw/fastq/B6_F_CM_RNA_4/B6_F_CM_RNA_4_1_fastqc.html, data/raw/fastq/B6_F_CM_RNA_4/B6_F_CM_RNA_4_2_fastqc.html, data/raw/fastq/B6_F_CM_RNA_5/B6_F_CM_RNA_5_1_fastqc.html, data/raw/fastq/B6_F_CM_RNA_5/B6_F_CM_RNA_5_2_fastqc.html, data/raw/fastq/B6_F_Fib_RNA_1/B6_F_Fib_RNA_1_1_fastqc.html, data/raw/fastq/B6_F_Fib_RNA_1/B6_F_Fib_RNA_1_2_fastqc.html, data/raw/fastq/B6_F_Fib_RNA_2/B6_F_Fib_RNA_2_1_fastqc.html, data/raw/fastq/B6_F_Fib_RNA_2/B6_F_Fib_RNA_2_2_fastqc.html, data/raw/fastq/B6_F_Fib_RNA_3/B6_F_Fib_RNA_3_1_fastqc.html, data/raw/fastq/B6_F_Fib_RNA_3/B6_F_Fib_RNA_3_2_fastqc.html, data/raw/fastq/B6_F_Fib_RNA_4/B6_F_Fib_RNA_4_1_fastqc.html, data/raw/fastq/B6_F_Fib_RNA_4/B6_F_Fib_RNA_4_2_fastqc.html, data/raw/fastq/B6_F_Fib_RNA_5/B6_F_Fib_RNA_5_1_fastqc.html, data/raw/fastq/B6_F_Fib_RNA_5/B6_F_Fib_RNA_5_2_fastqc.html, data/raw/fastq/B6_M_CM_RNA_1/B6_M_CM_RNA_1_1_fastqc.html, data/raw/fastq/B6_M_CM_RNA_1/B6_M_CM_RNA_1_2_fastqc.html, data/raw/fastq/B6_M_CM_RNA_3/B6_M_CM_RNA_3_1_fastqc.html, data/raw/fastq/B6_M_CM_RNA_3/B6_M_CM_RNA_3_2_fastqc.html, data/raw/fastq/B6_M_CM_RNA_4/B6_M_CM_RNA_4_1_fastqc.html, data/raw/fastq/B6_M_CM_RNA_4/B6_M_CM_RNA_4_2_fastqc.html, data/raw/fastq/B6_M_CM_RNA_5/B6_M_CM_RNA_5_1_fastqc.html, data/raw/fastq/B6_M_CM_RNA_5/B6_M_CM_RNA_5_2_fastqc.html, data/raw/fastq/B6_M_Endo_RNA_1/B6_M_Endo_RNA_1_1_fastqc.html, data/raw/fastq/B6_M_Endo_RNA_1/B6_M_Endo_RNA_1_2_fastqc.html, data/raw/fastq/B6_M_Endo_RNA_3/B6_M_Endo_RNA_3_1_fastqc.html, data/raw/fastq/B6_M_Endo_RNA_3/B6_M_Endo_RNA_3_2_fastqc.html, data/raw/fastq/B6_M_Endo_RNA_4/B6_M_Endo_RNA_4_1_fastqc.html, data/raw/fastq/B6_M_Endo_RNA_4/B6_M_Endo_RNA_4_2_fastqc.html, data/raw/fastq/B6_M_Fib_RNA_1/B6_M_Fib_RNA_1_1_fastqc.html, data/raw/fastq/B6_M_Fib_RNA_1/B6_M_Fib_RNA_1_2_fastqc.html, data/raw/fastq/B6_M_Fib_RNA_2/B6_M_Fib_RNA_2_1_fastqc.html, data/raw/fastq/B6_M_Fib_RNA_2/B6_M_Fib_RNA_2_2_fastqc.html, data/raw/fastq/B6_M_Fib_RNA_3/B6_M_Fib_RNA_3_1_fastqc.html, data/raw/fastq/B6_M_Fib_RNA_3/B6_M_Fib_RNA_3_2_fastqc.html, data/raw/fastq/WT5/WT5_1_fastqc.html, data/raw/fastq/WT5/WT5_2_fastqc.html, data/raw/fastq/WT6/WT6_1_fastqc.html, data/raw/fastq/WT6/WT6_2_fastqc.html, data/raw/fastq/WT7/WT7_1_fastqc.html, data/raw/fastq/WT7/WT7_2_fastqc.html, data/raw/fastq/WT8/WT8_1_fastqc.html, data/raw/fastq/WT8/WT8_2_fastqc.html, data/raw/fastq/wt_Lx1/wt_Lx1_1_fastqc.html, data/raw/fastq/wt_Lx1/wt_Lx1_2_fastqc.html, data/raw/fastq/wt_Lx2/wt_Lx2_1_fastqc.html, data/raw/fastq/wt_Lx2/wt_Lx2_2_fastqc.html, data/raw/fastq/wt_Lx3/wt_Lx3_1_fastqc.html, data/raw/fastq/wt_Lx3/wt_Lx3_2_fastqc.html, data/raw/fastq/wt_Lx4/wt_Lx4_1_fastqc.html, data/raw/fastq/wt_Lx4/wt_Lx4_2_fastqc.html
    output: data/raw/multiqc/multiqc_report.html
    jobid: 0
    reason: Forced execution
    resources: mem_mb=1000, disk_mb=1000, tmpdir=/tmp

Usage: multiqc [OPTIONS] <analysis directory>

  MultiQC aggregates results from bioinformatics analyses across many samples
  into a single report.

  It searches a given directory for analysis logs and compiles a HTML report.
  It's a general use tool, perfect for summarising the output from numerous
  bioinformatics tools.

  To run, supply with one or more directory to scan for analysis results. To
  run here, use 'multiqc .'

  See http://multiqc.info for more details.

  Author: Phil Ewels (http://phil.ewels.co.uk)

Options:
  -f, --force                     Overwrite any existing reports
  -d, --dirs                      Prepend directory to sample names
  -dd, --dirs-depth INTEGER       Prepend [INT] directories to sample names.
                                  Negative number to take from start of path.
  -s, --fullnames                 Do not clean the sample names (leave as full
                                  file name)
  -i, --title TEXT                Report title. Printed as page header, used
                                  for filename if not otherwise specified.
  -b, --comment TEXT              Custom comment, will be printed at the top
                                  of the report.
  -n, --filename TEXT             Report filename. Use 'stdout' to print to
                                  standard out.
  -o, --outdir TEXT               Create report in the specified output
                                  directory.
  -t, --template [default|default_dev|gathered|geo|sections|simple]
                                  Report template to use.
  --tag TEXT                      Use only modules which tagged with this
                                  keyword, eg. RNA
  --view-tags, --view_tags        View the available tags and which modules
                                  they load
  -x, --ignore TEXT               Ignore analysis files (glob expression)
  --ignore-samples TEXT           Ignore sample names (glob expression)
  --ignore-symlinks               Ignore symlinked directories and files
  --fn_as_s_name                  Use the log filename as the sample name
  --replace-names PATH            Path to TSV file to rename sample names
                                  during report generation
  --sample-names PATH             Path to TSV file containing alternative
                                  sample names for renaming buttons in the
                                  report
  --sample-filters PATH           Path to TSV file containing show/hide
                                  patterns for the report
  -l, --file-list                 Supply a file containing a list of file
                                  paths to be searched, one per row
  -e, --exclude [module name]     Do not use this module. Can specify multiple
                                  times.
  -m, --module [module name]      Use only this module. Can specify multiple
                                  times.
  --data-dir                      Force the parsed data directory to be
                                  created.
  --no-data-dir                   Prevent the parsed data directory from being
                                  created.
  -k, --data-format [tsv|json|yaml]
                                  Output parsed data in a different format.
                                  Default: tsv
  -z, --zip-data-dir              Compress the data directory.
  --no-report                     Do not generate a report, only export data
                                  and plots
  -p, --export                    Export plots as static images in addition to
                                  the report
  -fp, --flat                     Use only flat plots (static images)
  -ip, --interactive              Use only interactive plots (HighCharts
                                  Javascript)
  --lint                          Use strict linting (validation) to help code
                                  development
  --pdf                           Creates PDF report with 'simple' template.
                                  Requires Pandoc to be installed.
  --no-megaqc-upload              Don't upload generated report to MegaQC,
                                  even if MegaQC options are found
  -c, --config PATH               Specific config file to load, after those in
                                  MultiQC dir / home dir / working dir.
  --cl-config, --cl_config TEXT   Specify MultiQC config YAML on the command
                                  line
  -v, --verbose                   Increase output verbosity.
  -q, --quiet                     Only show log warnings
  --profile-runtime               Add analysis of how long MultiQC takes to
                                  run to the report
  --no-ansi                       Disable coloured log output
  --custom-css-file PATH          Custom CSS file to add to the final report
  --version                       Show the version and exit.
  -h, --help                      Show this message and exit.
Waiting at most 60 seconds for missing files.
MissingOutputException in line 67 of /proj/raulab/users/brian/r_projects/bulk_decon/Snakefile:
Job Missing files after 60 seconds. This might be due to filesystem latency. If that is the case, consider to increase the wait time with --latency-wait:
data/raw/multiqc/multiqc_report.html completed successfully, but some output files are missing. 0
Shutting down, this might take some time.
Exiting because a job execution failed. Look above for error message
