Building DAG of jobs...
Using shell: /usr/bin/bash
Provided cores: 12
Rules claiming more threads will be scaled down.
Provided resources: mem_mb=1000, disk_mb=1000
Select jobs to execute...

[Mon Mar 18 16:23:48 2024]
rule multiqc:
    input: data/raw/fastq/AKO5/quant.sf, data/raw/fastq/AKO6/quant.sf, data/raw/fastq/AKO7/quant.sf, data/raw/fastq/AKO8/quant.sf, data/raw/fastq/Ako_Lx1/quant.sf, data/raw/fastq/Ako_Lx2/quant.sf, data/raw/fastq/Ako_Lx3/quant.sf, data/raw/fastq/Ako_Lx4/quant.sf, data/raw/fastq/B6_F_CM_RNA_1/quant.sf, data/raw/fastq/B6_F_CM_RNA_2/quant.sf, data/raw/fastq/B6_F_CM_RNA_3/quant.sf, data/raw/fastq/B6_F_CM_RNA_4/quant.sf, data/raw/fastq/B6_F_CM_RNA_5/quant.sf, data/raw/fastq/B6_F_Fib_RNA_1/quant.sf, data/raw/fastq/B6_F_Fib_RNA_2/quant.sf, data/raw/fastq/B6_F_Fib_RNA_3/quant.sf, data/raw/fastq/B6_F_Fib_RNA_4/quant.sf, data/raw/fastq/B6_F_Fib_RNA_5/quant.sf, data/raw/fastq/B6_M_CM_RNA_1/quant.sf, data/raw/fastq/B6_M_CM_RNA_3/quant.sf, data/raw/fastq/B6_M_CM_RNA_4/quant.sf, data/raw/fastq/B6_M_CM_RNA_5/quant.sf, data/raw/fastq/B6_M_Endo_RNA_1/quant.sf, data/raw/fastq/B6_M_Endo_RNA_3/quant.sf, data/raw/fastq/B6_M_Endo_RNA_4/quant.sf, data/raw/fastq/B6_M_Fib_RNA_1/quant.sf, data/raw/fastq/B6_M_Fib_RNA_2/quant.sf, data/raw/fastq/B6_M_Fib_RNA_3/quant.sf, data/raw/fastq/WT5/quant.sf, data/raw/fastq/WT6/quant.sf, data/raw/fastq/WT7/quant.sf, data/raw/fastq/WT8/quant.sf, data/raw/fastq/wt_Lx1/quant.sf, data/raw/fastq/wt_Lx2/quant.sf, data/raw/fastq/wt_Lx3/quant.sf, data/raw/fastq/wt_Lx4/quant.sf, data/raw/fastq/AKO5/AKO5_1_fastqc.html, data/raw/fastq/AKO5/AKO5_2_fastqc.html, data/raw/fastq/AKO6/AKO6_1_fastqc.html, data/raw/fastq/AKO6/AKO6_2_fastqc.html, data/raw/fastq/AKO7/AKO7_1_fastqc.html, data/raw/fastq/AKO7/AKO7_2_fastqc.html, data/raw/fastq/AKO8/AKO8_1_fastqc.html, data/raw/fastq/AKO8/AKO8_2_fastqc.html, data/raw/fastq/Ako_Lx1/Ako_Lx1_1_fastqc.html, data/raw/fastq/Ako_Lx1/Ako_Lx1_2_fastqc.html, data/raw/fastq/Ako_Lx2/Ako_Lx2_1_fastqc.html, data/raw/fastq/Ako_Lx2/Ako_Lx2_2_fastqc.html, data/raw/fastq/Ako_Lx3/Ako_Lx3_1_fastqc.html, data/raw/fastq/Ako_Lx3/Ako_Lx3_2_fastqc.html, data/raw/fastq/Ako_Lx4/Ako_Lx4_1_fastqc.html, data/raw/fastq/Ako_Lx4/Ako_Lx4_2_fastqc.html, data/raw/fastq/B6_F_CM_RNA_1/B6_F_CM_RNA_1_1_fastqc.html, data/raw/fastq/B6_F_CM_RNA_1/B6_F_CM_RNA_1_2_fastqc.html, data/raw/fastq/B6_F_CM_RNA_2/B6_F_CM_RNA_2_1_fastqc.html, data/raw/fastq/B6_F_CM_RNA_2/B6_F_CM_RNA_2_2_fastqc.html, data/raw/fastq/B6_F_CM_RNA_3/B6_F_CM_RNA_3_1_fastqc.html, data/raw/fastq/B6_F_CM_RNA_3/B6_F_CM_RNA_3_2_fastqc.html, data/raw/fastq/B6_F_CM_RNA_4/B6_F_CM_RNA_4_1_fastqc.html, data/raw/fastq/B6_F_CM_RNA_4/B6_F_CM_RNA_4_2_fastqc.html, data/raw/fastq/B6_F_CM_RNA_5/B6_F_CM_RNA_5_1_fastqc.html, data/raw/fastq/B6_F_CM_RNA_5/B6_F_CM_RNA_5_2_fastqc.html, data/raw/fastq/B6_F_Fib_RNA_1/B6_F_Fib_RNA_1_1_fastqc.html, data/raw/fastq/B6_F_Fib_RNA_1/B6_F_Fib_RNA_1_2_fastqc.html, data/raw/fastq/B6_F_Fib_RNA_2/B6_F_Fib_RNA_2_1_fastqc.html, data/raw/fastq/B6_F_Fib_RNA_2/B6_F_Fib_RNA_2_2_fastqc.html, data/raw/fastq/B6_F_Fib_RNA_3/B6_F_Fib_RNA_3_1_fastqc.html, data/raw/fastq/B6_F_Fib_RNA_3/B6_F_Fib_RNA_3_2_fastqc.html, data/raw/fastq/B6_F_Fib_RNA_4/B6_F_Fib_RNA_4_1_fastqc.html, data/raw/fastq/B6_F_Fib_RNA_4/B6_F_Fib_RNA_4_2_fastqc.html, data/raw/fastq/B6_F_Fib_RNA_5/B6_F_Fib_RNA_5_1_fastqc.html, data/raw/fastq/B6_F_Fib_RNA_5/B6_F_Fib_RNA_5_2_fastqc.html, data/raw/fastq/B6_M_CM_RNA_1/B6_M_CM_RNA_1_1_fastqc.html, data/raw/fastq/B6_M_CM_RNA_1/B6_M_CM_RNA_1_2_fastqc.html, data/raw/fastq/B6_M_CM_RNA_3/B6_M_CM_RNA_3_1_fastqc.html, data/raw/fastq/B6_M_CM_RNA_3/B6_M_CM_RNA_3_2_fastqc.html, data/raw/fastq/B6_M_CM_RNA_4/B6_M_CM_RNA_4_1_fastqc.html, data/raw/fastq/B6_M_CM_RNA_4/B6_M_CM_RNA_4_2_fastqc.html, data/raw/fastq/B6_M_CM_RNA_5/B6_M_CM_RNA_5_1_fastqc.html, data/raw/fastq/B6_M_CM_RNA_5/B6_M_CM_RNA_5_2_fastqc.html, data/raw/fastq/B6_M_Endo_RNA_1/B6_M_Endo_RNA_1_1_fastqc.html, data/raw/fastq/B6_M_Endo_RNA_1/B6_M_Endo_RNA_1_2_fastqc.html, data/raw/fastq/B6_M_Endo_RNA_3/B6_M_Endo_RNA_3_1_fastqc.html, data/raw/fastq/B6_M_Endo_RNA_3/B6_M_Endo_RNA_3_2_fastqc.html, data/raw/fastq/B6_M_Endo_RNA_4/B6_M_Endo_RNA_4_1_fastqc.html, data/raw/fastq/B6_M_Endo_RNA_4/B6_M_Endo_RNA_4_2_fastqc.html, data/raw/fastq/B6_M_Fib_RNA_1/B6_M_Fib_RNA_1_1_fastqc.html, data/raw/fastq/B6_M_Fib_RNA_1/B6_M_Fib_RNA_1_2_fastqc.html, data/raw/fastq/B6_M_Fib_RNA_2/B6_M_Fib_RNA_2_1_fastqc.html, data/raw/fastq/B6_M_Fib_RNA_2/B6_M_Fib_RNA_2_2_fastqc.html, data/raw/fastq/B6_M_Fib_RNA_3/B6_M_Fib_RNA_3_1_fastqc.html, data/raw/fastq/B6_M_Fib_RNA_3/B6_M_Fib_RNA_3_2_fastqc.html, data/raw/fastq/WT5/WT5_1_fastqc.html, data/raw/fastq/WT5/WT5_2_fastqc.html, data/raw/fastq/WT6/WT6_1_fastqc.html, data/raw/fastq/WT6/WT6_2_fastqc.html, data/raw/fastq/WT7/WT7_1_fastqc.html, data/raw/fastq/WT7/WT7_2_fastqc.html, data/raw/fastq/WT8/WT8_1_fastqc.html, data/raw/fastq/WT8/WT8_2_fastqc.html, data/raw/fastq/wt_Lx1/wt_Lx1_1_fastqc.html, data/raw/fastq/wt_Lx1/wt_Lx1_2_fastqc.html, data/raw/fastq/wt_Lx2/wt_Lx2_1_fastqc.html, data/raw/fastq/wt_Lx2/wt_Lx2_2_fastqc.html, data/raw/fastq/wt_Lx3/wt_Lx3_1_fastqc.html, data/raw/fastq/wt_Lx3/wt_Lx3_2_fastqc.html, data/raw/fastq/wt_Lx4/wt_Lx4_1_fastqc.html, data/raw/fastq/wt_Lx4/wt_Lx4_2_fastqc.html
    output: data/raw/multiqc/multiqc_report.html
    jobid: 0
    reason: Forced execution
    resources: mem_mb=1000, disk_mb=1000, tmpdir=/tmp


  /// MultiQC 🔍 | v1.12

|           multiqc | MultiQC Version v1.21 now available!
|           multiqc | Search path : /proj/raulab/users/brian/r_projects/bulk_decon
|         searching | ━━━━━━━━━━━━━━━━━━━━━━━━━━━━━━━━━━━━━━━━ 100% 3277/3277  
|            salmon | Found 36 meta reports
|            salmon | Found 36 fragment length distributions
|            fastqc | Found 72 reports
|           multiqc | Compressing plot data
|           multiqc | Deleting    : data/raw/multiqc/multiqc_data   (-f was specified)
|           multiqc | Report      : data/raw/multiqc/multiqc_report.html
|           multiqc | Data        : data/raw/multiqc/multiqc_data
|           multiqc | MultiQC complete
|           multiqc | 1 flat-image plot used in the report due to large sample numbers
|           multiqc | To force interactive plots, use the '--interactive' flag. 
See the documentation.
[Mon Mar 18 16:30:08 2024]
Finished job 0.
1 of 1 steps (100%) done
touch: cannot touch '/proj/raulab/users/brian/r_projects/bulk_decon/.snakemake/tmp.f5ddkfsy/1.jobfinished': No such file or directory
touch: cannot touch '/proj/raulab/users/brian/r_projects/bulk_decon/.snakemake/tmp.f5ddkfsy/1.jobfailed': No such file or directory
