Building DAG of jobs...
Using shell: /usr/bin/bash
Provided cores: 12
Rules claiming more threads will be scaled down.
Provided resources: mem_mb=1000, disk_mb=1000
Select jobs to execute...

[Mon Mar 18 16:46:21 2024]
rule gene_ont:
    input: data/processed/models/adjusted_de_interaction.RDS, data/processed/models/adjusted_de_interaction.RDS
    output: results/11_clusterProfiler/unadj_interaction_clusters.png, results/11_clusterProfiler/adj_interaction_clusters.png
    jobid: 0
    reason: Forced execution
    resources: mem_mb=1000, disk_mb=1000, tmpdir=/tmp

Loading required package: tidyverse
── Attaching core tidyverse packages ──────────────────────── tidyverse 2.0.0 ──
✔ dplyr     1.1.4     ✔ readr     2.1.5
✔ forcats   1.0.0     ✔ stringr   1.5.1
✔ ggplot2   3.4.4     ✔ tibble    3.2.1
✔ lubridate 1.9.3     ✔ tidyr     1.3.1
✔ purrr     1.0.2     
── Conflicts ────────────────────────────────────────── tidyverse_conflicts() ──
✖ dplyr::filter() masks stats::filter()
✖ dplyr::lag()    masks stats::lag()
ℹ Use the conflicted package (<http://conflicted.r-lib.org/>) to force all conflicts to become errors
Loading required package: clusterProfiler

clusterProfiler v4.10.0  For help: https://yulab-smu.top/biomedical-knowledge-mining-book/

If you use clusterProfiler in published research, please cite:
T Wu, E Hu, S Xu, M Chen, P Guo, Z Dai, T Feng, L Zhou, W Tang, L Zhan, X Fu, S Liu, X Bo, and G Yu. clusterProfiler 4.0: A universal enrichment tool for interpreting omics data. The Innovation. 2021, 2(3):100141

Attaching package: ‘clusterProfiler’

The following object is masked from ‘package:purrr’:

    simplify

The following object is masked from ‘package:stats’:

    filter

Loading required package: DESeq2
Loading required package: S4Vectors
Loading required package: stats4
Loading required package: BiocGenerics

Attaching package: ‘BiocGenerics’

The following objects are masked from ‘package:lubridate’:

    intersect, setdiff, union

The following objects are masked from ‘package:dplyr’:

    combine, intersect, setdiff, union

The following objects are masked from ‘package:stats’:

    IQR, mad, sd, var, xtabs

The following objects are masked from ‘package:base’:

    anyDuplicated, aperm, append, as.data.frame, basename, cbind,
    colnames, dirname, do.call, duplicated, eval, evalq, Filter, Find,
    get, grep, grepl, intersect, is.unsorted, lapply, Map, mapply,
    match, mget, order, paste, pmax, pmax.int, pmin, pmin.int,
    Position, rank, rbind, Reduce, rownames, sapply, setdiff, sort,
    table, tapply, union, unique, unsplit, which.max, which.min


Attaching package: ‘S4Vectors’

The following object is masked from ‘package:clusterProfiler’:

    rename

The following objects are masked from ‘package:lubridate’:

    second, second<-

The following objects are masked from ‘package:dplyr’:

    first, rename

The following object is masked from ‘package:tidyr’:

    expand

The following object is masked from ‘package:utils’:

    findMatches

The following objects are masked from ‘package:base’:

    expand.grid, I, unname

Loading required package: IRanges

Attaching package: ‘IRanges’

The following object is masked from ‘package:clusterProfiler’:

    slice

The following object is masked from ‘package:lubridate’:

    %within%

The following objects are masked from ‘package:dplyr’:

    collapse, desc, slice

The following object is masked from ‘package:purrr’:

    reduce

Loading required package: GenomicRanges
Loading required package: GenomeInfoDb
Loading required package: SummarizedExperiment
Loading required package: MatrixGenerics
Loading required package: matrixStats

Attaching package: ‘matrixStats’

The following object is masked from ‘package:dplyr’:

    count


Attaching package: ‘MatrixGenerics’

The following objects are masked from ‘package:matrixStats’:

    colAlls, colAnyNAs, colAnys, colAvgsPerRowSet, colCollapse,
    colCounts, colCummaxs, colCummins, colCumprods, colCumsums,
    colDiffs, colIQRDiffs, colIQRs, colLogSumExps, colMadDiffs,
    colMads, colMaxs, colMeans2, colMedians, colMins, colOrderStats,
    colProds, colQuantiles, colRanges, colRanks, colSdDiffs, colSds,
    colSums2, colTabulates, colVarDiffs, colVars, colWeightedMads,
    colWeightedMeans, colWeightedMedians, colWeightedSds,
    colWeightedVars, rowAlls, rowAnyNAs, rowAnys, rowAvgsPerColSet,
    rowCollapse, rowCounts, rowCummaxs, rowCummins, rowCumprods,
    rowCumsums, rowDiffs, rowIQRDiffs, rowIQRs, rowLogSumExps,
    rowMadDiffs, rowMads, rowMaxs, rowMeans2, rowMedians, rowMins,
    rowOrderStats, rowProds, rowQuantiles, rowRanges, rowRanks,
    rowSdDiffs, rowSds, rowSums2, rowTabulates, rowVarDiffs, rowVars,
    rowWeightedMads, rowWeightedMeans, rowWeightedMedians,
    rowWeightedSds, rowWeightedVars

Loading required package: Biobase
Welcome to Bioconductor

    Vignettes contain introductory material; view with
    'browseVignettes()'. To cite Bioconductor, see
    'citation("Biobase")', and for packages 'citation("pkgname")'.


Attaching package: ‘Biobase’

The following object is masked from ‘package:MatrixGenerics’:

    rowMedians

The following objects are masked from ‘package:matrixStats’:

    anyMissing, rowMedians

Loading required package: org.Mm.eg.db
Loading required package: AnnotationDbi

Attaching package: ‘AnnotationDbi’

The following object is masked from ‘package:clusterProfiler’:

    select

The following object is masked from ‘package:dplyr’:

    select


Loading required package: viridis
Loading required package: viridisLite
Loading required package: patchwork
[[1]]
[1] TRUE

[[2]]
[1] TRUE

[[3]]
[1] TRUE

[[4]]
[1] TRUE

[[5]]
[1] TRUE

[[6]]
[1] TRUE

[[7]]
[1] TRUE

'select()' returned 1:many mapping between keys and columns
'select()' returned 1:1 mapping between keys and columns
'select()' returned 1:many mapping between keys and columns
'select()' returned 1:many mapping between keys and columns
'select()' returned 1:1 mapping between keys and columns
Warning messages:
1: In bitr(sig.genes, fromType = "SYMBOL", toType = c("ENSEMBL"), OrgDb = org.Mm.eg.db) :
  3.42% of input gene IDs are fail to map...
2: In bitr(sig.genes, fromType = "SYMBOL", toType = c("ENSEMBL"), OrgDb = org.Mm.eg.db) :
  19.51% of input gene IDs are fail to map...
3: In bitr(sig.genes, fromType = "SYMBOL", toType = c("ENSEMBL"), OrgDb = org.Mm.eg.db) :
  3.58% of input gene IDs are fail to map...
4: In bitr(sig.genes, fromType = "SYMBOL", toType = c("ENSEMBL"), OrgDb = org.Mm.eg.db) :
  3.1% of input gene IDs are fail to map...
5: In bitr(sig.genes, fromType = "SYMBOL", toType = c("ENSEMBL"), OrgDb = org.Mm.eg.db) :
  20.63% of input gene IDs are fail to map...
'select()' returned 1:many mapping between keys and columns
'select()' returned 1:1 mapping between keys and columns
'select()' returned 1:many mapping between keys and columns
Warning messages:
1: In bitr(sig.genes, fromType = "SYMBOL", toType = c("ENSEMBL"), OrgDb = org.Mm.eg.db) :
  5.06% of input gene IDs are fail to map...
2: In bitr(sig.genes, fromType = "SYMBOL", toType = c("ENSEMBL"), OrgDb = org.Mm.eg.db) :
  3.48% of input gene IDs are fail to map...
3: In bitr(sig.genes, fromType = "SYMBOL", toType = c("ENSEMBL"), OrgDb = org.Mm.eg.db) :
  2.05% of input gene IDs are fail to map...
Error in grid.newpage() : 
  could not open file 'results/11_clusterProfiler/adj_interaction_clusters.png'
Calls: <Anonymous> -> print.patchwork -> grid.newpage
Execution halted
[Mon Mar 18 17:01:19 2024]
Error in rule gene_ont:
    jobid: 0
    output: results/11_clusterProfiler/unadj_interaction_clusters.png, results/11_clusterProfiler/adj_interaction_clusters.png
    shell:
        Rscript scripts/11_clusterProfiler.R
        (one of the commands exited with non-zero exit code; note that snakemake uses bash strict mode!)

Shutting down, this might take some time.
Exiting because a job execution failed. Look above for error message
touch: cannot touch '/proj/raulab/users/brian/r_projects/bulk_decon/.snakemake/tmp.6n016x50/121.jobfailed': No such file or directory
