Building DAG of jobs...
Using shell: /usr/bin/bash
Provided cores: 12
Rules claiming more threads will be scaled down.
Provided resources: mem_mb=6000, disk_mb=1000
Select jobs to execute...

[Tue Mar 19 10:30:31 2024]
rule load_sn:
    output: data/processed/single_cell/unprocessed/{wildcards.sn_sample}.h5seurat
    jobid: 0
    reason: Forced execution
    wildcards: SN_SAMPLES={wildcards.sn_sample}
    resources: mem_mb=6000, disk_mb=1000, tmpdir=/tmp

Loading required package: Seurat
Attaching SeuratObject
‘SeuratObject’ was built with package ‘Matrix’ 1.6.3 but the current
version is 1.6.5; it is recomended that you reinstall ‘SeuratObject’ as
the ABI for ‘Matrix’ may have changed
Seurat v4 was just loaded with SeuratObject v5; disabling v5 assays and
validation routines, and ensuring assays work in strict v3/v4
compatibility mode
Loading required package: Matrix
Loading required package: SeuratDisk
Registered S3 method overwritten by 'SeuratDisk':
  method            from  
  as.sparse.H5Group Seurat
[[1]]
[1] TRUE

[[2]]
[1] TRUE

[[3]]
[1] TRUE

[1] "b6_1" "b6_2"
[1] "b6_1"
Error in paste0(sample, "/", mtx.rau) : 
  cannot coerce type 'closure' to vector of type 'character'
Calls: <Anonymous> -> paste0
Execution halted
[Tue Mar 19 10:30:43 2024]
Error in rule load_sn:
    jobid: 0
    output: data/processed/single_cell/unprocessed/{wildcards.sn_sample}.h5seurat
    shell:
        Rscript scripts/1_load_sn.R b6_1 b6_2
        (one of the commands exited with non-zero exit code; note that snakemake uses bash strict mode!)

Shutting down, this might take some time.
Exiting because a job execution failed. Look above for error message
